{"/home/capic/developements/dashboard-parapente/apps/frontend/src/App.tsx": {"path":"/home/capic/developements/dashboard-parapente/apps/frontend/src/App.tsx","statementMap":{"0":{"start":{"line":14,"column":20},"end":{"line":23,"column":null}},"1":{"start":{"line":26,"column":29},"end":{"line":34,"column":null}},"2":{"start":{"line":27,"column":2},"end":{"line":34,"column":null}},"3":{"start":{"line":38,"column":18},"end":{"line":40,"column":null}},"4":{"start":{"line":42,"column":23},"end":{"line":46,"column":null}},"5":{"start":{"line":43,"column":24},"end":{"line":43,"column":null}},"6":{"start":{"line":48,"column":27},"end":{"line":52,"column":null}},"7":{"start":{"line":49,"column":24},"end":{"line":49,"column":null}},"8":{"start":{"line":54,"column":23},"end":{"line":58,"column":null}},"9":{"start":{"line":55,"column":24},"end":{"line":55,"column":null}},"10":{"start":{"line":60,"column":22},"end":{"line":64,"column":null}},"11":{"start":{"line":61,"column":24},"end":{"line":61,"column":null}},"12":{"start":{"line":66,"column":26},"end":{"line":70,"column":null}},"13":{"start":{"line":67,"column":24},"end":{"line":67,"column":null}},"14":{"start":{"line":72,"column":19},"end":{"line":76,"column":null}},"15":{"start":{"line":73,"column":24},"end":{"line":73,"column":null}},"16":{"start":{"line":79,"column":18},"end":{"line":86,"column":null}},"17":{"start":{"line":88,"column":15},"end":{"line":88,"column":null}},"18":{"start":{"line":98,"column":22},"end":{"line":106,"column":null}},"19":{"start":{"line":99,"column":2},"end":{"line":104,"column":null}}},"fnMap":{"0":{"name":"(anonymous_0)","decl":{"start":{"line":26,"column":29},"end":{"line":26,"column":null}},"loc":{"start":{"line":27,"column":2},"end":{"line":34,"column":null}},"line":27},"1":{"name":"(anonymous_1)","decl":{"start":{"line":43,"column":18},"end":{"line":43,"column":24}},"loc":{"start":{"line":43,"column":24},"end":{"line":43,"column":null}},"line":43},"2":{"name":"(anonymous_2)","decl":{"start":{"line":49,"column":18},"end":{"line":49,"column":24}},"loc":{"start":{"line":49,"column":24},"end":{"line":49,"column":null}},"line":49},"3":{"name":"(anonymous_3)","decl":{"start":{"line":55,"column":18},"end":{"line":55,"column":24}},"loc":{"start":{"line":55,"column":24},"end":{"line":55,"column":null}},"line":55},"4":{"name":"(anonymous_4)","decl":{"start":{"line":61,"column":18},"end":{"line":61,"column":24}},"loc":{"start":{"line":61,"column":24},"end":{"line":61,"column":null}},"line":61},"5":{"name":"(anonymous_5)","decl":{"start":{"line":67,"column":18},"end":{"line":67,"column":24}},"loc":{"start":{"line":67,"column":24},"end":{"line":67,"column":null}},"line":67},"6":{"name":"(anonymous_6)","decl":{"start":{"line":73,"column":18},"end":{"line":73,"column":24}},"loc":{"start":{"line":73,"column":24},"end":{"line":73,"column":null}},"line":73},"7":{"name":"(anonymous_7)","decl":{"start":{"line":98,"column":22},"end":{"line":98,"column":28}},"loc":{"start":{"line":98,"column":28},"end":{"line":106,"column":null}},"line":98}},"branchMap":{},"s":{"0":0,"1":0,"2":0,"3":0,"4":0,"5":0,"6":0,"7":0,"8":0,"9":0,"10":0,"11":0,"12":0,"13":0,"14":0,"15":0,"16":0,"17":0,"18":0,"19":0},"f":{"0":0,"1":0,"2":0,"3":0,"4":0,"5":0,"6":0,"7":0},"b":{},"meta":{"lastBranch":0,"lastFunction":8,"lastStatement":20,"seen":{"s:14:20:23:Infinity":0,"s:26:29:34:Infinity":1,"f:26:29:26:Infinity":0,"s:27:2:34:Infinity":2,"s:38:18:40:Infinity":3,"s:42:23:46:Infinity":4,"f:43:18:43:24":1,"s:43:24:43:Infinity":5,"s:48:27:52:Infinity":6,"f:49:18:49:24":2,"s:49:24:49:Infinity":7,"s:54:23:58:Infinity":8,"f:55:18:55:24":3,"s:55:24:55:Infinity":9,"s:60:22:64:Infinity":10,"f:61:18:61:24":4,"s:61:24:61:Infinity":11,"s:66:26:70:Infinity":12,"f:67:18:67:24":5,"s:67:24:67:Infinity":13,"s:72:19:76:Infinity":14,"f:73:18:73:24":6,"s:73:24:73:Infinity":15,"s:79:18:86:Infinity":16,"s:88:15:88:Infinity":17,"s:98:22:106:Infinity":18,"f:98:22:98:28":7,"s:99:2:104:Infinity":19}}}
,"/home/capic/developements/dashboard-parapente/apps/frontend/src/schemas.ts": {"path":"/home/capic/developements/dashboard-parapente/apps/frontend/src/schemas.ts","statementMap":{"0":{"start":{"line":12,"column":26},"end":{"line":34,"column":null}},"1":{"start":{"line":36,"column":28},"end":{"line":62,"column":null}},"2":{"start":{"line":64,"column":33},"end":{"line":76,"column":null}},"3":{"start":{"line":78,"column":27},"end":{"line":97,"column":null}},"4":{"start":{"line":99,"column":34},"end":{"line":106,"column":null}},"5":{"start":{"line":120,"column":35},"end":{"line":143,"column":null}},"6":{"start":{"line":145,"column":26},"end":{"line":150,"column":null}},"7":{"start":{"line":152,"column":29},"end":{"line":157,"column":null}},"8":{"start":{"line":159,"column":44},"end":{"line":176,"column":null}},"9":{"start":{"line":182,"column":33},"end":{"line":187,"column":null}},"10":{"start":{"line":183,"column":2},"end":{"line":187,"column":null}},"11":{"start":{"line":193,"column":38},"end":{"line":195,"column":null}},"12":{"start":{"line":197,"column":40},"end":{"line":199,"column":null}},"13":{"start":{"line":205,"column":37},"end":{"line":214,"column":null}},"14":{"start":{"line":216,"column":34},"end":{"line":220,"column":null}},"15":{"start":{"line":226,"column":41},"end":{"line":237,"column":null}},"16":{"start":{"line":239,"column":49},"end":{"line":241,"column":null}},"17":{"start":{"line":243,"column":40},"end":{"line":247,"column":null}},"18":{"start":{"line":253,"column":37},"end":{"line":258,"column":null}},"19":{"start":{"line":264,"column":34},"end":{"line":272,"column":null}},"20":{"start":{"line":274,"column":36},"end":{"line":283,"column":null}},"21":{"start":{"line":289,"column":34},"end":{"line":295,"column":null}},"22":{"start":{"line":297,"column":35},"end":{"line":302,"column":null}},"23":{"start":{"line":308,"column":30},"end":{"line":313,"column":null}},"24":{"start":{"line":315,"column":29},"end":{"line":323,"column":null}}},"fnMap":{"0":{"name":"(anonymous_0)","decl":{"start":{"line":182,"column":33},"end":{"line":182,"column":58}},"loc":{"start":{"line":183,"column":2},"end":{"line":187,"column":null}},"line":183}},"branchMap":{},"s":{"0":0,"1":0,"2":0,"3":0,"4":0,"5":0,"6":0,"7":0,"8":0,"9":0,"10":0,"11":0,"12":0,"13":0,"14":0,"15":0,"16":0,"17":0,"18":0,"19":0,"20":0,"21":0,"22":0,"23":0,"24":0},"f":{"0":0},"b":{},"meta":{"lastBranch":0,"lastFunction":1,"lastStatement":25,"seen":{"s:12:26:34:Infinity":0,"s:36:28:62:Infinity":1,"s:64:33:76:Infinity":2,"s:78:27:97:Infinity":3,"s:99:34:106:Infinity":4,"s:120:35:143:Infinity":5,"s:145:26:150:Infinity":6,"s:152:29:157:Infinity":7,"s:159:44:176:Infinity":8,"s:182:33:187:Infinity":9,"f:182:33:182:58":0,"s:183:2:187:Infinity":10,"s:193:38:195:Infinity":11,"s:197:40:199:Infinity":12,"s:205:37:214:Infinity":13,"s:216:34:220:Infinity":14,"s:226:41:237:Infinity":15,"s:239:49:241:Infinity":16,"s:243:40:247:Infinity":17,"s:253:37:258:Infinity":18,"s:264:34:272:Infinity":19,"s:274:36:283:Infinity":20,"s:289:34:295:Infinity":21,"s:297:35:302:Infinity":22,"s:308:30:313:Infinity":23,"s:315:29:323:Infinity":24}}}
,"/home/capic/developements/dashboard-parapente/apps/frontend/src/test-zod.ts": {"path":"/home/capic/developements/dashboard-parapente/apps/frontend/src/test-zod.ts","statementMap":{"0":{"start":{"line":9,"column":18},"end":{"line":23,"column":null}},"1":{"start":{"line":25,"column":18},"end":{"line":39,"column":null}},"2":{"start":{"line":41,"column":0},"end":{"line":41,"column":null}},"3":{"start":{"line":43,"column":0},"end":{"line":43,"column":null}},"4":{"start":{"line":44,"column":16},"end":{"line":44,"column":null}},"5":{"start":{"line":45,"column":0},"end":{"line":49,"column":null}},"6":{"start":{"line":46,"column":2},"end":{"line":46,"column":null}},"7":{"start":{"line":48,"column":2},"end":{"line":48,"column":null}},"8":{"start":{"line":51,"column":0},"end":{"line":51,"column":null}},"9":{"start":{"line":52,"column":16},"end":{"line":52,"column":null}},"10":{"start":{"line":53,"column":0},"end":{"line":57,"column":null}},"11":{"start":{"line":54,"column":2},"end":{"line":54,"column":null}},"12":{"start":{"line":56,"column":2},"end":{"line":56,"column":null}},"13":{"start":{"line":59,"column":0},"end":{"line":59,"column":null}},"14":{"start":{"line":60,"column":16},"end":{"line":62,"column":null}},"15":{"start":{"line":63,"column":0},"end":{"line":68,"column":null}},"16":{"start":{"line":64,"column":2},"end":{"line":64,"column":null}},"17":{"start":{"line":65,"column":2},"end":{"line":65,"column":null}},"18":{"start":{"line":67,"column":2},"end":{"line":67,"column":null}}},"fnMap":{},"branchMap":{"0":{"loc":{"start":{"line":45,"column":0},"end":{"line":49,"column":null}},"type":"if","locations":[{"start":{"line":45,"column":0},"end":{"line":49,"column":null}},{"start":{"line":47,"column":7},"end":{"line":49,"column":null}}],"line":45},"1":{"loc":{"start":{"line":53,"column":0},"end":{"line":57,"column":null}},"type":"if","locations":[{"start":{"line":53,"column":0},"end":{"line":57,"column":null}},{"start":{"line":55,"column":7},"end":{"line":57,"column":null}}],"line":53},"2":{"loc":{"start":{"line":63,"column":0},"end":{"line":68,"column":null}},"type":"if","locations":[{"start":{"line":63,"column":0},"end":{"line":68,"column":null}},{"start":{"line":66,"column":7},"end":{"line":68,"column":null}}],"line":63}},"s":{"0":0,"1":0,"2":0,"3":0,"4":0,"5":0,"6":0,"7":0,"8":0,"9":0,"10":0,"11":0,"12":0,"13":0,"14":0,"15":0,"16":0,"17":0,"18":0},"f":{},"b":{"0":[0,0],"1":[0,0],"2":[0,0]},"meta":{"lastBranch":3,"lastFunction":0,"lastStatement":19,"seen":{"s:9:18:23:Infinity":0,"s:25:18:39:Infinity":1,"s:41:0:41:Infinity":2,"s:43:0:43:Infinity":3,"s:44:16:44:Infinity":4,"b:45:0:49:Infinity:47:7:49:Infinity":0,"s:45:0:49:Infinity":5,"s:46:2:46:Infinity":6,"s:48:2:48:Infinity":7,"s:51:0:51:Infinity":8,"s:52:16:52:Infinity":9,"b:53:0:57:Infinity:55:7:57:Infinity":1,"s:53:0:57:Infinity":10,"s:54:2:54:Infinity":11,"s:56:2:56:Infinity":12,"s:59:0:59:Infinity":13,"s:60:16:62:Infinity":14,"b:63:0:68:Infinity:66:7:68:Infinity":2,"s:63:0:68:Infinity":15,"s:64:2:64:Infinity":16,"s:65:2:65:Infinity":17,"s:67:2:67:Infinity":18}}}
,"/home/capic/developements/dashboard-parapente/apps/frontend/src/components/ErrorBoundary.tsx": {"path":"/home/capic/developements/dashboard-parapente/apps/frontend/src/components/ErrorBoundary.tsx","statementMap":{"0":{"start":{"line":36,"column":16},"end":{"line":42,"column":null}},"1":{"start":{"line":16,"column":4},"end":{"line":16,"column":null}},"2":{"start":{"line":17,"column":4},"end":{"line":21,"column":null}},"3":{"start":{"line":25,"column":4},"end":{"line":25,"column":null}},"4":{"start":{"line":29,"column":4},"end":{"line":29,"column":null}},"5":{"start":{"line":30,"column":4},"end":{"line":33,"column":null}},"6":{"start":{"line":37,"column":4},"end":{"line":41,"column":null}},"7":{"start":{"line":45,"column":4},"end":{"line":93,"column":null}},"8":{"start":{"line":46,"column":6},"end":{"line":48,"column":null}},"9":{"start":{"line":47,"column":8},"end":{"line":47,"column":null}},"10":{"start":{"line":50,"column":6},"end":{"line":91,"column":null}},"11":{"start":{"line":84,"column":31},"end":{"line":84,"column":null}},"12":{"start":{"line":95,"column":4},"end":{"line":95,"column":null}}},"fnMap":{"0":{"name":"(anonymous_0)","decl":{"start":{"line":15,"column":2},"end":{"line":15,"column":14}},"loc":{"start":{"line":15,"column":41},"end":{"line":22,"column":null}},"line":15},"1":{"name":"(anonymous_1)","decl":{"start":{"line":24,"column":9},"end":{"line":24,"column":34}},"loc":{"start":{"line":24,"column":77},"end":{"line":26,"column":null}},"line":24},"2":{"name":"(anonymous_2)","decl":{"start":{"line":28,"column":2},"end":{"line":28,"column":20}},"loc":{"start":{"line":28,"column":62},"end":{"line":34,"column":null}},"line":28},"3":{"name":"(anonymous_3)","decl":{"start":{"line":36,"column":16},"end":{"line":36,"column":28}},"loc":{"start":{"line":36,"column":28},"end":{"line":42,"column":null}},"line":36},"4":{"name":"(anonymous_4)","decl":{"start":{"line":44,"column":2},"end":{"line":44,"column":22}},"loc":{"start":{"line":44,"column":22},"end":{"line":96,"column":null}},"line":44},"5":{"name":"(anonymous_5)","decl":{"start":{"line":84,"column":25},"end":{"line":84,"column":31}},"loc":{"start":{"line":84,"column":31},"end":{"line":84,"column":null}},"line":84}},"branchMap":{"0":{"loc":{"start":{"line":45,"column":4},"end":{"line":93,"column":null}},"type":"if","locations":[{"start":{"line":45,"column":4},"end":{"line":93,"column":null}},{"start":{},"end":{}}],"line":45},"1":{"loc":{"start":{"line":46,"column":6},"end":{"line":48,"column":null}},"type":"if","locations":[{"start":{"line":46,"column":6},"end":{"line":48,"column":null}},{"start":{},"end":{}}],"line":46},"2":{"loc":{"start":{"line":58,"column":13},"end":{"line":73,"column":null}},"type":"binary-expr","locations":[{"start":{"line":58,"column":13},"end":{"line":58,"column":null}},{"start":{"line":59,"column":14},"end":{"line":73,"column":null}}],"line":58},"3":{"loc":{"start":{"line":65,"column":19},"end":{"line":70,"column":null}},"type":"binary-expr","locations":[{"start":{"line":65,"column":19},"end":{"line":65,"column":null}},{"start":{"line":66,"column":20},"end":{"line":70,"column":null}}],"line":65}},"s":{"0":0,"1":0,"2":0,"3":0,"4":0,"5":0,"6":0,"7":0,"8":0,"9":0,"10":0,"11":0,"12":0},"f":{"0":0,"1":0,"2":0,"3":0,"4":0,"5":0},"b":{"0":[0,0],"1":[0,0],"2":[0,0],"3":[0,0]},"meta":{"lastBranch":4,"lastFunction":6,"lastStatement":13,"seen":{"s:36:16:42:Infinity":0,"f:15:2:15:14":0,"s:16:4:16:Infinity":1,"s:17:4:21:Infinity":2,"f:24:9:24:34":1,"s:25:4:25:Infinity":3,"f:28:2:28:20":2,"s:29:4:29:Infinity":4,"s:30:4:33:Infinity":5,"f:36:16:36:28":3,"s:37:4:41:Infinity":6,"f:44:2:44:22":4,"b:45:4:93:Infinity:undefined:undefined:undefined:undefined":0,"s:45:4:93:Infinity":7,"b:46:6:48:Infinity:undefined:undefined:undefined:undefined":1,"s:46:6:48:Infinity":8,"s:47:8:47:Infinity":9,"s:50:6:91:Infinity":10,"b:58:13:58:Infinity:59:14:73:Infinity":2,"b:65:19:65:Infinity:66:20:70:Infinity":3,"f:84:25:84:31":5,"s:84:31:84:Infinity":11,"s:95:4:95:Infinity":12}}}
,"/home/capic/developements/dashboard-parapente/apps/frontend/src/components/FilterBar.tsx": {"path":"/home/capic/developements/dashboard-parapente/apps/frontend/src/components/FilterBar.tsx","statementMap":{"0":{"start":{"line":13,"column":38},"end":{"line":13,"column":null}},"1":{"start":{"line":14,"column":67},"end":{"line":14,"column":null}},"2":{"start":{"line":16,"column":2},"end":{"line":87,"column":null}},"3":{"start":{"line":37,"column":31},"end":{"line":37,"column":null}},"4":{"start":{"line":43,"column":16},"end":{"line":45,"column":null}},"5":{"start":{"line":54,"column":33},"end":{"line":54,"column":null}},"6":{"start":{"line":61,"column":33},"end":{"line":61,"column":null}},"7":{"start":{"line":71,"column":33},"end":{"line":71,"column":56}}},"fnMap":{"0":{"name":"FilterBar","decl":{"start":{"line":12,"column":16},"end":{"line":12,"column":28}},"loc":{"start":{"line":12,"column":28},"end":{"line":89,"column":null}},"line":12},"1":{"name":"(anonymous_1)","decl":{"start":{"line":37,"column":24},"end":{"line":37,"column":25}},"loc":{"start":{"line":37,"column":31},"end":{"line":37,"column":null}},"line":37},"2":{"name":"(anonymous_2)","decl":{"start":{"line":42,"column":25},"end":{"line":42,"column":26}},"loc":{"start":{"line":43,"column":16},"end":{"line":45,"column":null}},"line":43},"3":{"name":"(anonymous_3)","decl":{"start":{"line":54,"column":22},"end":{"line":54,"column":23}},"loc":{"start":{"line":54,"column":33},"end":{"line":54,"column":null}},"line":54},"4":{"name":"(anonymous_4)","decl":{"start":{"line":61,"column":22},"end":{"line":61,"column":23}},"loc":{"start":{"line":61,"column":33},"end":{"line":61,"column":null}},"line":61},"5":{"name":"(anonymous_5)","decl":{"start":{"line":71,"column":28},"end":{"line":71,"column":33}},"loc":{"start":{"line":71,"column":33},"end":{"line":71,"column":56}},"line":71}},"branchMap":{"0":{"loc":{"start":{"line":13,"column":16},"end":{"line":13,"column":28}},"type":"default-arg","locations":[{"start":{"line":13,"column":24},"end":{"line":13,"column":28}}],"line":13},"1":{"loc":{"start":{"line":36,"column":21},"end":{"line":36,"column":null}},"type":"binary-expr","locations":[{"start":{"line":36,"column":21},"end":{"line":36,"column":39}},{"start":{"line":36,"column":39},"end":{"line":36,"column":null}}],"line":36},"2":{"loc":{"start":{"line":37,"column":41},"end":{"line":37,"column":63}},"type":"binary-expr","locations":[{"start":{"line":37,"column":41},"end":{"line":37,"column":59}},{"start":{"line":37,"column":59},"end":{"line":37,"column":63}}],"line":37},"3":{"loc":{"start":{"line":53,"column":19},"end":{"line":53,"column":null}},"type":"binary-expr","locations":[{"start":{"line":53,"column":19},"end":{"line":53,"column":39}},{"start":{"line":53,"column":39},"end":{"line":53,"column":null}}],"line":53},"4":{"loc":{"start":{"line":54,"column":45},"end":{"line":54,"column":58}},"type":"binary-expr","locations":[{"start":{"line":54,"column":45},"end":{"line":54,"column":54}},{"start":{"line":54,"column":54},"end":{"line":54,"column":58}}],"line":54},"5":{"loc":{"start":{"line":60,"column":19},"end":{"line":60,"column":null}},"type":"binary-expr","locations":[{"start":{"line":60,"column":19},"end":{"line":60,"column":37}},{"start":{"line":60,"column":37},"end":{"line":60,"column":null}}],"line":60},"6":{"loc":{"start":{"line":61,"column":43},"end":{"line":61,"column":56}},"type":"binary-expr","locations":[{"start":{"line":61,"column":43},"end":{"line":61,"column":52}},{"start":{"line":61,"column":52},"end":{"line":61,"column":56}}],"line":61},"7":{"loc":{"start":{"line":63,"column":8},"end":{"line":84,"column":null}},"type":"binary-expr","locations":[{"start":{"line":66,"column":10},"end":{"line":66,"column":28}},{"start":{"line":66,"column":28},"end":{"line":66,"column":48}},{"start":{"line":66,"column":48},"end":{"line":66,"column":null}},{"start":{"line":67,"column":10},"end":{"line":84,"column":null}}],"line":63},"8":{"loc":{"start":{"line":69,"column":13},"end":{"line":72,"column":null}},"type":"binary-expr","locations":[{"start":{"line":69,"column":13},"end":{"line":69,"column":null}},{"start":{"line":70,"column":14},"end":{"line":72,"column":null}}],"line":69},"9":{"loc":{"start":{"line":71,"column":17},"end":{"line":71,"column":null}},"type":"binary-expr","locations":[{"start":{"line":71,"column":17},"end":{"line":71,"column":67}},{"start":{"line":71,"column":67},"end":{"line":71,"column":null}}],"line":71},"10":{"loc":{"start":{"line":74,"column":13},"end":{"line":77,"column":null}},"type":"binary-expr","locations":[{"start":{"line":74,"column":13},"end":{"line":74,"column":null}},{"start":{"line":75,"column":14},"end":{"line":77,"column":null}}],"line":74},"11":{"loc":{"start":{"line":79,"column":13},"end":{"line":82,"column":null}},"type":"binary-expr","locations":[{"start":{"line":79,"column":13},"end":{"line":79,"column":null}},{"start":{"line":80,"column":14},"end":{"line":82,"column":null}}],"line":79}},"s":{"0":0,"1":0,"2":0,"3":0,"4":0,"5":0,"6":0,"7":0},"f":{"0":0,"1":0,"2":0,"3":0,"4":0,"5":0},"b":{"0":[0],"1":[0,0],"2":[0,0],"3":[0,0],"4":[0,0],"5":[0,0],"6":[0,0],"7":[0,0,0,0],"8":[0,0],"9":[0,0],"10":[0,0],"11":[0,0]},"meta":{"lastBranch":12,"lastFunction":6,"lastStatement":8,"seen":{"f:12:16:12:28":0,"s:13:38:13:Infinity":0,"b:13:24:13:28":0,"s:14:67:14:Infinity":1,"s:16:2:87:Infinity":2,"b:36:21:36:39:36:39:36:Infinity":1,"f:37:24:37:25":1,"s:37:31:37:Infinity":3,"b:37:41:37:59:37:59:37:63":2,"f:42:25:42:26":2,"s:43:16:45:Infinity":4,"b:53:19:53:39:53:39:53:Infinity":3,"f:54:22:54:23":3,"s:54:33:54:Infinity":5,"b:54:45:54:54:54:54:54:58":4,"b:60:19:60:37:60:37:60:Infinity":5,"f:61:22:61:23":4,"s:61:33:61:Infinity":6,"b:61:43:61:52:61:52:61:56":6,"b:66:10:66:28:66:28:66:48:66:48:66:Infinity:67:10:84:Infinity":7,"b:69:13:69:Infinity:70:14:72:Infinity":8,"b:71:17:71:67:71:67:71:Infinity":9,"f:71:28:71:33":5,"s:71:33:71:56":7,"b:74:13:74:Infinity:75:14:77:Infinity":10,"b:79:13:79:Infinity:80:14:82:Infinity":11}}}
,"/home/capic/developements/dashboard-parapente/apps/frontend/src/components/Header.tsx": {"path":"/home/capic/developements/dashboard-parapente/apps/frontend/src/components/Header.tsx","statementMap":{"0":{"start":{"line":8,"column":2},"end":{"line":60,"column":null}}},"fnMap":{"0":{"name":"Header","decl":{"start":{"line":7,"column":24},"end":{"line":7,"column":31}},"loc":{"start":{"line":7,"column":88},"end":{"line":62,"column":null}},"line":7}},"branchMap":{"0":{"loc":{"start":{"line":7,"column":33},"end":{"line":7,"column":72}},"type":"default-arg","locations":[{"start":{"line":7,"column":41},"end":{"line":7,"column":72}}],"line":7}},"s":{"0":0},"f":{"0":0},"b":{"0":[0]},"meta":{"lastBranch":1,"lastFunction":1,"lastStatement":1,"seen":{"f:7:24:7:31":0,"b:7:41:7:72":0,"s:8:2:60:Infinity":0}}}
,"/home/capic/developements/dashboard-parapente/apps/frontend/src/components/LoadingSkeleton.tsx": {"path":"/home/capic/developements/dashboard-parapente/apps/frontend/src/components/LoadingSkeleton.tsx","statementMap":{"0":{"start":{"line":8,"column":25},"end":{"line":50,"column":null}},"1":{"start":{"line":9,"column":4},"end":{"line":49,"column":null}},"2":{"start":{"line":11,"column":8},"end":{"line":16,"column":null}},"3":{"start":{"line":20,"column":8},"end":{"line":24,"column":null}},"4":{"start":{"line":28,"column":8},"end":{"line":35,"column":null}},"5":{"start":{"line":39,"column":8},"end":{"line":44,"column":null}},"6":{"start":{"line":48,"column":8},"end":{"line":48,"column":null}},"7":{"start":{"line":52,"column":2},"end":{"line":57,"column":null}},"8":{"start":{"line":55,"column":8},"end":{"line":55,"column":null}}},"fnMap":{"0":{"name":"LoadingSkeleton","decl":{"start":{"line":7,"column":24},"end":{"line":7,"column":40}},"loc":{"start":{"line":7,"column":100},"end":{"line":59,"column":null}},"line":7},"1":{"name":"(anonymous_1)","decl":{"start":{"line":8,"column":25},"end":{"line":8,"column":31}},"loc":{"start":{"line":8,"column":31},"end":{"line":50,"column":null}},"line":8},"2":{"name":"(anonymous_2)","decl":{"start":{"line":54,"column":41},"end":{"line":54,"column":42}},"loc":{"start":{"line":55,"column":8},"end":{"line":55,"column":null}},"line":55}},"branchMap":{"0":{"loc":{"start":{"line":7,"column":42},"end":{"line":7,"column":57}},"type":"default-arg","locations":[{"start":{"line":7,"column":49},"end":{"line":7,"column":57}}],"line":7},"1":{"loc":{"start":{"line":7,"column":57},"end":{"line":7,"column":68}},"type":"default-arg","locations":[{"start":{"line":7,"column":65},"end":{"line":7,"column":68}}],"line":7},"2":{"loc":{"start":{"line":9,"column":4},"end":{"line":49,"column":null}},"type":"switch","locations":[{"start":{"line":10,"column":6},"end":{"line":16,"column":null}},{"start":{"line":19,"column":6},"end":{"line":24,"column":null}},{"start":{"line":27,"column":6},"end":{"line":35,"column":null}},{"start":{"line":38,"column":6},"end":{"line":44,"column":null}},{"start":{"line":47,"column":6},"end":{"line":48,"column":null}}],"line":9},"3":{"loc":{"start":{"line":21,"column":92},"end":{"line":21,"column":110}},"type":"binary-expr","locations":[{"start":{"line":21,"column":92},"end":{"line":21,"column":102}},{"start":{"line":21,"column":102},"end":{"line":21,"column":110}}],"line":21}},"s":{"0":0,"1":0,"2":0,"3":0,"4":0,"5":0,"6":0,"7":0,"8":0},"f":{"0":0,"1":0,"2":0},"b":{"0":[0],"1":[0],"2":[0,0,0,0,0],"3":[0,0]},"meta":{"lastBranch":4,"lastFunction":3,"lastStatement":9,"seen":{"f:7:24:7:40":0,"b:7:49:7:57":0,"b:7:65:7:68":1,"s:8:25:50:Infinity":0,"f:8:25:8:31":1,"b:10:6:16:Infinity:19:6:24:Infinity:27:6:35:Infinity:38:6:44:Infinity:47:6:48:Infinity":2,"s:9:4:49:Infinity":1,"s:11:8:16:Infinity":2,"s:20:8:24:Infinity":3,"b:21:92:21:102:21:102:21:110":3,"s:28:8:35:Infinity":4,"s:39:8:44:Infinity":5,"s:48:8:48:Infinity":6,"s:52:2:57:Infinity":7,"f:54:41:54:42":2,"s:55:8:55:Infinity":8}}}
,"/home/capic/developements/dashboard-parapente/apps/frontend/src/components/SiteCard.tsx": {"path":"/home/capic/developements/dashboard-parapente/apps/frontend/src/components/SiteCard.tsx","statementMap":{"0":{"start":{"line":12,"column":49},"end":{"line":131,"column":null}},"1":{"start":{"line":20,"column":23},"end":{"line":33,"column":null}},"2":{"start":{"line":21,"column":4},"end":{"line":32,"column":null}},"3":{"start":{"line":23,"column":8},"end":{"line":23,"column":null}},"4":{"start":{"line":25,"column":8},"end":{"line":25,"column":null}},"5":{"start":{"line":28,"column":8},"end":{"line":31,"column":null}},"6":{"start":{"line":35,"column":20},"end":{"line":35,"column":null}},"7":{"start":{"line":37,"column":2},"end":{"line":129,"column":null}},"8":{"start":{"line":108,"column":25},"end":{"line":108,"column":null}},"9":{"start":{"line":115,"column":25},"end":{"line":115,"column":null}},"10":{"start":{"line":122,"column":25},"end":{"line":122,"column":null}}},"fnMap":{"0":{"name":"(anonymous_0)","decl":{"start":{"line":12,"column":49},"end":{"line":12,"column":50}},"loc":{"start":{"line":18,"column":6},"end":{"line":131,"column":null}},"line":18},"1":{"name":"(anonymous_1)","decl":{"start":{"line":20,"column":23},"end":{"line":20,"column":29}},"loc":{"start":{"line":20,"column":29},"end":{"line":33,"column":null}},"line":20},"2":{"name":"(anonymous_2)","decl":{"start":{"line":108,"column":19},"end":{"line":108,"column":25}},"loc":{"start":{"line":108,"column":25},"end":{"line":108,"column":null}},"line":108},"3":{"name":"(anonymous_3)","decl":{"start":{"line":115,"column":19},"end":{"line":115,"column":25}},"loc":{"start":{"line":115,"column":25},"end":{"line":115,"column":null}},"line":115},"4":{"name":"(anonymous_4)","decl":{"start":{"line":122,"column":19},"end":{"line":122,"column":25}},"loc":{"start":{"line":122,"column":25},"end":{"line":122,"column":null}},"line":122}},"branchMap":{"0":{"loc":{"start":{"line":14,"column":2},"end":{"line":14,"column":null}},"type":"default-arg","locations":[{"start":{"line":14,"column":16},"end":{"line":14,"column":null}}],"line":14},"1":{"loc":{"start":{"line":21,"column":4},"end":{"line":32,"column":null}},"type":"switch","locations":[{"start":{"line":22,"column":6},"end":{"line":23,"column":null}},{"start":{"line":24,"column":6},"end":{"line":25,"column":null}},{"start":{"line":26,"column":6},"end":{"line":26,"column":null}},{"start":{"line":27,"column":6},"end":{"line":31,"column":null}}],"line":21},"2":{"loc":{"start":{"line":43,"column":11},"end":{"line":44,"column":null}},"type":"binary-expr","locations":[{"start":{"line":43,"column":11},"end":{"line":43,"column":null}},{"start":{"line":44,"column":12},"end":{"line":44,"column":null}}],"line":43},"3":{"loc":{"start":{"line":57,"column":9},"end":{"line":66,"column":null}},"type":"binary-expr","locations":[{"start":{"line":57,"column":9},"end":{"line":57,"column":26}},{"start":{"line":57,"column":26},"end":{"line":57,"column":null}},{"start":{"line":58,"column":10},"end":{"line":66,"column":null}}],"line":57},"4":{"loc":{"start":{"line":63,"column":13},"end":{"line":64,"column":null}},"type":"binary-expr","locations":[{"start":{"line":63,"column":13},"end":{"line":63,"column":null}},{"start":{"line":64,"column":14},"end":{"line":64,"column":null}}],"line":63},"5":{"loc":{"start":{"line":70,"column":9},"end":{"line":76,"column":null}},"type":"binary-expr","locations":[{"start":{"line":70,"column":9},"end":{"line":70,"column":null}},{"start":{"line":71,"column":10},"end":{"line":76,"column":null}}],"line":70},"6":{"loc":{"start":{"line":80,"column":9},"end":{"line":84,"column":null}},"type":"binary-expr","locations":[{"start":{"line":80,"column":9},"end":{"line":80,"column":null}},{"start":{"line":81,"column":10},"end":{"line":84,"column":null}}],"line":80},"7":{"loc":{"start":{"line":91,"column":30},"end":{"line":91,"column":null}},"type":"cond-expr","locations":[{"start":{"line":91,"column":50},"end":{"line":91,"column":56}},{"start":{"line":91,"column":56},"end":{"line":91,"column":null}}],"line":91},"8":{"loc":{"start":{"line":96,"column":9},"end":{"line":101,"column":null}},"type":"binary-expr","locations":[{"start":{"line":96,"column":9},"end":{"line":96,"column":null}},{"start":{"line":97,"column":10},"end":{"line":101,"column":null}}],"line":96},"9":{"loc":{"start":{"line":98,"column":13},"end":{"line":100,"column":null}},"type":"cond-expr","locations":[{"start":{"line":99,"column":16},"end":{"line":99,"column":null}},{"start":{"line":100,"column":16},"end":{"line":100,"column":null}}],"line":98}},"s":{"0":0,"1":0,"2":0,"3":0,"4":0,"5":0,"6":0,"7":0,"8":0,"9":0,"10":0},"f":{"0":0,"1":0,"2":0,"3":0,"4":0},"b":{"0":[0],"1":[0,0,0,0],"2":[0,0],"3":[0,0,0],"4":[0,0],"5":[0,0],"6":[0,0],"7":[0,0],"8":[0,0],"9":[0,0]},"meta":{"lastBranch":10,"lastFunction":5,"lastStatement":11,"seen":{"s:12:49:131:Infinity":0,"f:12:49:12:50":0,"b:14:16:14:Infinity":0,"s:20:23:33:Infinity":1,"f:20:23:20:29":1,"b:22:6:23:Infinity:24:6:25:Infinity:26:6:26:Infinity:27:6:31:Infinity":1,"s:21:4:32:Infinity":2,"s:23:8:23:Infinity":3,"s:25:8:25:Infinity":4,"s:28:8:31:Infinity":5,"s:35:20:35:Infinity":6,"s:37:2:129:Infinity":7,"b:43:11:43:Infinity:44:12:44:Infinity":2,"b:57:9:57:26:57:26:57:Infinity:58:10:66:Infinity":3,"b:63:13:63:Infinity:64:14:64:Infinity":4,"b:70:9:70:Infinity:71:10:76:Infinity":5,"b:80:9:80:Infinity:81:10:84:Infinity":6,"b:91:50:91:56:91:56:91:Infinity":7,"b:96:9:96:Infinity:97:10:101:Infinity":8,"b:99:16:99:Infinity:100:16:100:Infinity":9,"f:108:19:108:25":2,"s:108:25:108:Infinity":8,"f:115:19:115:25":3,"s:115:25:115:Infinity":9,"f:122:19:122:25":4,"s:122:25:122:Infinity":10}}}
,"/home/capic/developements/dashboard-parapente/apps/frontend/src/components/SiteSelector.tsx": {"path":"/home/capic/developements/dashboard-parapente/apps/frontend/src/components/SiteSelector.tsx","statementMap":{"0":{"start":{"line":18,"column":41},"end":{"line":18,"column":null}},"1":{"start":{"line":20,"column":2},"end":{"line":36,"column":null}},"2":{"start":{"line":23,"column":18},"end":{"line":23,"column":null}},"3":{"start":{"line":24,"column":21},"end":{"line":24,"column":null}},"4":{"start":{"line":27,"column":25},"end":{"line":27,"column":null}},"5":{"start":{"line":28,"column":26},"end":{"line":28,"column":null}},"6":{"start":{"line":30,"column":19},"end":{"line":30,"column":null}},"7":{"start":{"line":32,"column":4},"end":{"line":34,"column":null}},"8":{"start":{"line":33,"column":6},"end":{"line":33,"column":null}},"9":{"start":{"line":35,"column":4},"end":{"line":35,"column":null}},"10":{"start":{"line":38,"column":2},"end":{"line":38,"column":null}},"11":{"start":{"line":42,"column":40},"end":{"line":42,"column":null}},"12":{"start":{"line":43,"column":8},"end":{"line":43,"column":null}},"13":{"start":{"line":46,"column":27},"end":{"line":52,"column":null}},"14":{"start":{"line":47,"column":4},"end":{"line":51,"column":null}},"15":{"start":{"line":54,"column":2},"end":{"line":64,"column":null}},"16":{"start":{"line":55,"column":4},"end":{"line":62,"column":null}},"17":{"start":{"line":66,"column":2},"end":{"line":76,"column":null}},"18":{"start":{"line":67,"column":4},"end":{"line":74,"column":null}},"19":{"start":{"line":79,"column":21},"end":{"line":79,"column":null}},"20":{"start":{"line":81,"column":2},"end":{"line":130,"column":null}},"21":{"start":{"line":86,"column":10},"end":{"line":115,"column":null}},"22":{"start":{"line":87,"column":25},"end":{"line":87,"column":null}},"23":{"start":{"line":88,"column":29},"end":{"line":88,"column":null}},"24":{"start":{"line":90,"column":12},"end":{"line":113,"column":null}},"25":{"start":{"line":104,"column":31},"end":{"line":104,"column":null}},"26":{"start":{"line":105,"column":36},"end":{"line":105,"column":null}},"27":{"start":{"line":118,"column":10},"end":{"line":126,"column":null}}},"fnMap":{"0":{"name":"groupSitesByBaseName","decl":{"start":{"line":17,"column":9},"end":{"line":17,"column":30}},"loc":{"start":{"line":17,"column":69},"end":{"line":39,"column":null}},"line":17},"1":{"name":"SiteSelector","decl":{"start":{"line":41,"column":24},"end":{"line":41,"column":37}},"loc":{"start":{"line":41,"column":103},"end":{"line":132,"column":null}},"line":41},"2":{"name":"(anonymous_2)","decl":{"start":{"line":46,"column":27},"end":{"line":46,"column":28}},"loc":{"start":{"line":46,"column":47},"end":{"line":52,"column":null}},"line":46},"3":{"name":"(anonymous_3)","decl":{"start":{"line":84,"column":40},"end":{"line":84,"column":41}},"loc":{"start":{"line":84,"column":66},"end":{"line":128,"column":9}},"line":84},"4":{"name":"(anonymous_4)","decl":{"start":{"line":104,"column":25},"end":{"line":104,"column":31}},"loc":{"start":{"line":104,"column":31},"end":{"line":104,"column":null}},"line":104},"5":{"name":"(anonymous_5)","decl":{"start":{"line":105,"column":30},"end":{"line":105,"column":36}},"loc":{"start":{"line":105,"column":36},"end":{"line":105,"column":null}},"line":105}},"branchMap":{"0":{"loc":{"start":{"line":30,"column":19},"end":{"line":30,"column":null}},"type":"cond-expr","locations":[{"start":{"line":30,"column":35},"end":{"line":30,"column":66}},{"start":{"line":30,"column":66},"end":{"line":30,"column":null}}],"line":30},"1":{"loc":{"start":{"line":32,"column":4},"end":{"line":34,"column":null}},"type":"if","locations":[{"start":{"line":32,"column":4},"end":{"line":34,"column":null}},{"start":{},"end":{}}],"line":32},"2":{"loc":{"start":{"line":54,"column":2},"end":{"line":64,"column":null}},"type":"if","locations":[{"start":{"line":54,"column":2},"end":{"line":64,"column":null}},{"start":{},"end":{}}],"line":54},"3":{"loc":{"start":{"line":66,"column":2},"end":{"line":76,"column":null}},"type":"if","locations":[{"start":{"line":66,"column":2},"end":{"line":76,"column":null}},{"start":{},"end":{}}],"line":66},"4":{"loc":{"start":{"line":66,"column":6},"end":{"line":66,"column":23}},"type":"binary-expr","locations":[{"start":{"line":66,"column":6},"end":{"line":66,"column":15}},{"start":{"line":66,"column":15},"end":{"line":66,"column":23}}],"line":66},"5":{"loc":{"start":{"line":86,"column":10},"end":{"line":115,"column":null}},"type":"if","locations":[{"start":{"line":86,"column":10},"end":{"line":115,"column":null}},{"start":{},"end":{}}],"line":86},"6":{"loc":{"start":{"line":99,"column":20},"end":{"line":101,"column":null}},"type":"cond-expr","locations":[{"start":{"line":100,"column":22},"end":{"line":100,"column":null}},{"start":{"line":101,"column":22},"end":{"line":101,"column":null}}],"line":99},"7":{"loc":{"start":{"line":107,"column":69},"end":{"line":107,"column":119}},"type":"cond-expr","locations":[{"start":{"line":107,"column":80},"end":{"line":107,"column":85}},{"start":{"line":107,"column":85},"end":{"line":107,"column":119}}],"line":107},"8":{"loc":{"start":{"line":110,"column":59},"end":{"line":110,"column":130}},"type":"cond-expr","locations":[{"start":{"line":110,"column":70},"end":{"line":110,"column":85}},{"start":{"line":110,"column":85},"end":{"line":110,"column":130}}],"line":110},"9":{"loc":{"start":{"line":111,"column":19},"end":{"line":111,"column":43}},"type":"binary-expr","locations":[{"start":{"line":111,"column":19},"end":{"line":111,"column":39}},{"start":{"line":111,"column":39},"end":{"line":111,"column":43}}],"line":111}},"s":{"0":0,"1":0,"2":0,"3":0,"4":0,"5":0,"6":0,"7":0,"8":0,"9":0,"10":0,"11":0,"12":0,"13":0,"14":0,"15":0,"16":0,"17":0,"18":0,"19":0,"20":0,"21":0,"22":0,"23":0,"24":0,"25":0,"26":0,"27":0},"f":{"0":0,"1":0,"2":0,"3":0,"4":0,"5":0},"b":{"0":[0,0],"1":[0,0],"2":[0,0],"3":[0,0],"4":[0,0],"5":[0,0],"6":[0,0],"7":[0,0],"8":[0,0],"9":[0,0]},"meta":{"lastBranch":10,"lastFunction":6,"lastStatement":28,"seen":{"f:17:9:17:30":0,"s:18:41:18:Infinity":0,"s:20:2:36:Infinity":1,"s:23:18:23:Infinity":2,"s:24:21:24:Infinity":3,"s:27:25:27:Infinity":4,"s:28:26:28:Infinity":5,"s:30:19:30:Infinity":6,"b:30:35:30:66:30:66:30:Infinity":0,"b:32:4:34:Infinity:undefined:undefined:undefined:undefined":1,"s:32:4:34:Infinity":7,"s:33:6:33:Infinity":8,"s:35:4:35:Infinity":9,"s:38:2:38:Infinity":10,"f:41:24:41:37":1,"s:42:40:42:Infinity":11,"s:43:8:43:Infinity":12,"s:46:27:52:Infinity":13,"f:46:27:46:28":2,"s:47:4:51:Infinity":14,"b:54:2:64:Infinity:undefined:undefined:undefined:undefined":2,"s:54:2:64:Infinity":15,"s:55:4:62:Infinity":16,"b:66:2:76:Infinity:undefined:undefined:undefined:undefined":3,"s:66:2:76:Infinity":17,"b:66:6:66:15:66:15:66:23":4,"s:67:4:74:Infinity":18,"s:79:21:79:Infinity":19,"s:81:2:130:Infinity":20,"f:84:40:84:41":3,"b:86:10:115:Infinity:undefined:undefined:undefined:undefined":5,"s:86:10:115:Infinity":21,"s:87:25:87:Infinity":22,"s:88:29:88:Infinity":23,"s:90:12:113:Infinity":24,"b:100:22:100:Infinity:101:22:101:Infinity":6,"f:104:25:104:31":4,"s:104:31:104:Infinity":25,"f:105:30:105:36":5,"s:105:36:105:Infinity":26,"b:107:80:107:85:107:85:107:119":7,"b:110:70:110:85:110:85:110:130":8,"b:111:19:111:39:111:39:111:43":9,"s:118:10:126:Infinity":27}}}
,"/home/capic/developements/dashboard-parapente/apps/frontend/src/components/StatsPanel.tsx": {"path":"/home/capic/developements/dashboard-parapente/apps/frontend/src/components/StatsPanel.tsx","statementMap":{"0":{"start":{"line":4,"column":40},"end":{"line":4,"column":null}},"1":{"start":{"line":6,"column":2},"end":{"line":13,"column":null}},"2":{"start":{"line":7,"column":4},"end":{"line":11,"column":null}},"3":{"start":{"line":15,"column":2},"end":{"line":22,"column":null}},"4":{"start":{"line":16,"column":4},"end":{"line":20,"column":null}},"5":{"start":{"line":24,"column":25},"end":{"line":28,"column":null}},"6":{"start":{"line":25,"column":14},"end":{"line":25,"column":null}},"7":{"start":{"line":26,"column":14},"end":{"line":26,"column":null}},"8":{"start":{"line":27,"column":4},"end":{"line":27,"column":null}},"9":{"start":{"line":30,"column":31},"end":{"line":32,"column":null}},"10":{"start":{"line":34,"column":28},"end":{"line":36,"column":null}},"11":{"start":{"line":38,"column":2},"end":{"line":113,"column":null}}},"fnMap":{"0":{"name":"StatsPanel","decl":{"start":{"line":3,"column":24},"end":{"line":3,"column":37}},"loc":{"start":{"line":3,"column":37},"end":{"line":115,"column":null}},"line":3},"1":{"name":"(anonymous_1)","decl":{"start":{"line":24,"column":25},"end":{"line":24,"column":26}},"loc":{"start":{"line":24,"column":52},"end":{"line":28,"column":null}},"line":24}},"branchMap":{"0":{"loc":{"start":{"line":6,"column":2},"end":{"line":13,"column":null}},"type":"if","locations":[{"start":{"line":6,"column":2},"end":{"line":13,"column":null}},{"start":{},"end":{}}],"line":6},"1":{"loc":{"start":{"line":15,"column":2},"end":{"line":22,"column":null}},"type":"if","locations":[{"start":{"line":15,"column":2},"end":{"line":22,"column":null}},{"start":{},"end":{}}],"line":15},"2":{"loc":{"start":{"line":15,"column":6},"end":{"line":15,"column":23}},"type":"binary-expr","locations":[{"start":{"line":15,"column":6},"end":{"line":15,"column":15}},{"start":{"line":15,"column":15},"end":{"line":15,"column":23}}],"line":15},"3":{"loc":{"start":{"line":27,"column":19},"end":{"line":27,"column":42}},"type":"cond-expr","locations":[{"start":{"line":27,"column":27},"end":{"line":27,"column":40}},{"start":{"line":27,"column":40},"end":{"line":27,"column":42}}],"line":27},"4":{"loc":{"start":{"line":30,"column":31},"end":{"line":32,"column":null}},"type":"cond-expr","locations":[{"start":{"line":30,"column":53},"end":{"line":31,"column":null}},{"start":{"line":32,"column":6},"end":{"line":32,"column":null}}],"line":30},"5":{"loc":{"start":{"line":34,"column":28},"end":{"line":36,"column":null}},"type":"cond-expr","locations":[{"start":{"line":34,"column":50},"end":{"line":35,"column":null}},{"start":{"line":36,"column":6},"end":{"line":36,"column":null}}],"line":34},"6":{"loc":{"start":{"line":96,"column":87},"end":{"line":96,"column":116}},"type":"binary-expr","locations":[{"start":{"line":96,"column":87},"end":{"line":96,"column":110}},{"start":{"line":96,"column":110},"end":{"line":96,"column":116}}],"line":96},"7":{"loc":{"start":{"line":105,"column":15},"end":{"line":107,"column":null}},"type":"cond-expr","locations":[{"start":{"line":106,"column":18},"end":{"line":106,"column":null}},{"start":{"line":107,"column":18},"end":{"line":107,"column":null}}],"line":105}},"s":{"0":0,"1":0,"2":0,"3":0,"4":0,"5":0,"6":0,"7":0,"8":0,"9":0,"10":0,"11":0},"f":{"0":0,"1":0},"b":{"0":[0,0],"1":[0,0],"2":[0,0],"3":[0,0],"4":[0,0],"5":[0,0],"6":[0,0],"7":[0,0]},"meta":{"lastBranch":8,"lastFunction":2,"lastStatement":12,"seen":{"f:3:24:3:37":0,"s:4:40:4:Infinity":0,"b:6:2:13:Infinity:undefined:undefined:undefined:undefined":0,"s:6:2:13:Infinity":1,"s:7:4:11:Infinity":2,"b:15:2:22:Infinity:undefined:undefined:undefined:undefined":1,"s:15:2:22:Infinity":3,"b:15:6:15:15:15:15:15:23":2,"s:16:4:20:Infinity":4,"s:24:25:28:Infinity":5,"f:24:25:24:26":1,"s:25:14:25:Infinity":6,"s:26:14:26:Infinity":7,"s:27:4:27:Infinity":8,"b:27:27:27:40:27:40:27:42":3,"s:30:31:32:Infinity":9,"b:30:53:31:Infinity:32:6:32:Infinity":4,"s:34:28:36:Infinity":10,"b:34:50:35:Infinity:36:6:36:Infinity":5,"s:38:2:113:Infinity":11,"b:96:87:96:110:96:110:96:116":6,"b:106:18:106:Infinity:107:18:107:Infinity":7}}}
,"/home/capic/developements/dashboard-parapente/apps/frontend/src/components/WeatherSourceCard.tsx": {"path":"/home/capic/developements/dashboard-parapente/apps/frontend/src/components/WeatherSourceCard.tsx","statementMap":{"0":{"start":{"line":24,"column":67},"end":{"line":408,"column":null}},"1":{"start":{"line":29,"column":8},"end":{"line":29,"column":null}},"2":{"start":{"line":30,"column":8},"end":{"line":30,"column":null}},"3":{"start":{"line":32,"column":34},"end":{"line":32,"column":null}},"4":{"start":{"line":33,"column":36},"end":{"line":33,"column":null}},"5":{"start":{"line":34,"column":44},"end":{"line":34,"column":null}},"6":{"start":{"line":35,"column":32},"end":{"line":35,"column":null}},"7":{"start":{"line":36,"column":34},"end":{"line":36,"column":null}},"8":{"start":{"line":37,"column":38},"end":{"line":37,"column":null}},"9":{"start":{"line":40,"column":25},"end":{"line":64,"column":null}},"10":{"start":{"line":41,"column":25},"end":{"line":46,"column":null}},"11":{"start":{"line":48,"column":26},"end":{"line":53,"column":null}},"12":{"start":{"line":55,"column":4},"end":{"line":62,"column":null}},"13":{"start":{"line":67,"column":25},"end":{"line":76,"column":null}},"14":{"start":{"line":68,"column":4},"end":{"line":75,"column":null}},"15":{"start":{"line":70,"column":8},"end":{"line":70,"column":null}},"16":{"start":{"line":72,"column":8},"end":{"line":72,"column":null}},"17":{"start":{"line":74,"column":8},"end":{"line":74,"column":null}},"18":{"start":{"line":79,"column":27},"end":{"line":82,"column":null}},"19":{"start":{"line":80,"column":4},"end":{"line":80,"column":null}},"20":{"start":{"line":81,"column":4},"end":{"line":81,"column":null}},"21":{"start":{"line":81,"column":21},"end":{"line":81,"column":44}},"22":{"start":{"line":85,"column":30},"end":{"line":99,"column":null}},"23":{"start":{"line":86,"column":4},"end":{"line":89,"column":null}},"24":{"start":{"line":87,"column":6},"end":{"line":87,"column":null}},"25":{"start":{"line":88,"column":6},"end":{"line":88,"column":null}},"26":{"start":{"line":91,"column":4},"end":{"line":98,"column":null}},"27":{"start":{"line":92,"column":6},"end":{"line":95,"column":null}},"28":{"start":{"line":97,"column":6},"end":{"line":97,"column":null}},"29":{"start":{"line":102,"column":27},"end":{"line":119,"column":null}},"30":{"start":{"line":103,"column":4},"end":{"line":106,"column":null}},"31":{"start":{"line":104,"column":6},"end":{"line":104,"column":null}},"32":{"start":{"line":105,"column":6},"end":{"line":105,"column":null}},"33":{"start":{"line":108,"column":4},"end":{"line":118,"column":null}},"34":{"start":{"line":109,"column":6},"end":{"line":112,"column":null}},"35":{"start":{"line":113,"column":6},"end":{"line":113,"column":null}},"36":{"start":{"line":114,"column":6},"end":{"line":114,"column":null}},"37":{"start":{"line":115,"column":6},"end":{"line":115,"column":null}},"38":{"start":{"line":117,"column":6},"end":{"line":117,"column":null}},"39":{"start":{"line":122,"column":21},"end":{"line":155,"column":null}},"40":{"start":{"line":123,"column":4},"end":{"line":123,"column":null}},"41":{"start":{"line":124,"column":4},"end":{"line":124,"column":null}},"42":{"start":{"line":126,"column":4},"end":{"line":154,"column":null}},"43":{"start":{"line":128,"column":21},"end":{"line":132,"column":null}},"44":{"start":{"line":134,"column":6},"end":{"line":144,"column":null}},"45":{"start":{"line":135,"column":8},"end":{"line":138,"column":null}},"46":{"start":{"line":140,"column":8},"end":{"line":143,"column":null}},"47":{"start":{"line":146,"column":6},"end":{"line":149,"column":null}},"48":{"start":{"line":151,"column":6},"end":{"line":151,"column":null}},"49":{"start":{"line":153,"column":6},"end":{"line":153,"column":null}},"50":{"start":{"line":153,"column":23},"end":{"line":153,"column":44}},"51":{"start":{"line":158,"column":26},"end":{"line":169,"column":null}},"52":{"start":{"line":159,"column":4},"end":{"line":159,"column":null}},"53":{"start":{"line":159,"column":20},"end":{"line":159,"column":null}},"54":{"start":{"line":160,"column":17},"end":{"line":160,"column":null}},"55":{"start":{"line":161,"column":16},"end":{"line":161,"column":null}},"56":{"start":{"line":162,"column":19},"end":{"line":162,"column":null}},"57":{"start":{"line":163,"column":21},"end":{"line":163,"column":null}},"58":{"start":{"line":165,"column":4},"end":{"line":165,"column":null}},"59":{"start":{"line":165,"column":22},"end":{"line":165,"column":null}},"60":{"start":{"line":166,"column":4},"end":{"line":166,"column":null}},"61":{"start":{"line":166,"column":23},"end":{"line":166,"column":null}},"62":{"start":{"line":167,"column":4},"end":{"line":167,"column":null}},"63":{"start":{"line":167,"column":25},"end":{"line":167,"column":null}},"64":{"start":{"line":168,"column":4},"end":{"line":168,"column":null}},"65":{"start":{"line":171,"column":2},"end":{"line":406,"column":null}},"66":{"start":{"line":248,"column":31},"end":{"line":248,"column":null}},"67":{"start":{"line":264,"column":18},"end":{"line":264,"column":null}},"68":{"start":{"line":265,"column":18},"end":{"line":265,"column":null}},"69":{"start":{"line":275,"column":29},"end":{"line":275,"column":null}},"70":{"start":{"line":397,"column":27},"end":{"line":397,"column":null}}},"fnMap":{"0":{"name":"(anonymous_0)","decl":{"start":{"line":24,"column":67},"end":{"line":24,"column":68}},"loc":{"start":{"line":28,"column":6},"end":{"line":408,"column":null}},"line":28},"1":{"name":"(anonymous_1)","decl":{"start":{"line":40,"column":25},"end":{"line":40,"column":31}},"loc":{"start":{"line":40,"column":31},"end":{"line":64,"column":null}},"line":40},"2":{"name":"(anonymous_2)","decl":{"start":{"line":67,"column":25},"end":{"line":67,"column":31}},"loc":{"start":{"line":67,"column":31},"end":{"line":76,"column":null}},"line":67},"3":{"name":"(anonymous_3)","decl":{"start":{"line":79,"column":27},"end":{"line":79,"column":28}},"loc":{"start":{"line":79,"column":87},"end":{"line":82,"column":null}},"line":79},"4":{"name":"(anonymous_4)","decl":{"start":{"line":81,"column":15},"end":{"line":81,"column":21}},"loc":{"start":{"line":81,"column":21},"end":{"line":81,"column":44}},"line":81},"5":{"name":"(anonymous_5)","decl":{"start":{"line":85,"column":30},"end":{"line":85,"column":42}},"loc":{"start":{"line":85,"column":42},"end":{"line":99,"column":null}},"line":85},"6":{"name":"(anonymous_6)","decl":{"start":{"line":102,"column":27},"end":{"line":102,"column":39}},"loc":{"start":{"line":102,"column":39},"end":{"line":119,"column":null}},"line":102},"7":{"name":"(anonymous_7)","decl":{"start":{"line":122,"column":21},"end":{"line":122,"column":33}},"loc":{"start":{"line":122,"column":33},"end":{"line":155,"column":null}},"line":122},"8":{"name":"(anonymous_8)","decl":{"start":{"line":153,"column":17},"end":{"line":153,"column":23}},"loc":{"start":{"line":153,"column":23},"end":{"line":153,"column":44}},"line":153},"9":{"name":"(anonymous_9)","decl":{"start":{"line":158,"column":26},"end":{"line":158,"column":27}},"loc":{"start":{"line":158,"column":56},"end":{"line":169,"column":null}},"line":158},"10":{"name":"(anonymous_10)","decl":{"start":{"line":248,"column":25},"end":{"line":248,"column":31}},"loc":{"start":{"line":248,"column":31},"end":{"line":248,"column":null}},"line":248},"11":{"name":"(anonymous_11)","decl":{"start":{"line":263,"column":25},"end":{"line":263,"column":31}},"loc":{"start":{"line":263,"column":31},"end":{"line":266,"column":null}},"line":263},"12":{"name":"(anonymous_12)","decl":{"start":{"line":275,"column":23},"end":{"line":275,"column":29}},"loc":{"start":{"line":275,"column":29},"end":{"line":275,"column":null}},"line":275},"13":{"name":"(anonymous_13)","decl":{"start":{"line":397,"column":21},"end":{"line":397,"column":27}},"loc":{"start":{"line":397,"column":27},"end":{"line":397,"column":null}},"line":397}},"branchMap":{"0":{"loc":{"start":{"line":68,"column":4},"end":{"line":75,"column":null}},"type":"switch","locations":[{"start":{"line":69,"column":6},"end":{"line":70,"column":null}},{"start":{"line":71,"column":6},"end":{"line":72,"column":null}},{"start":{"line":73,"column":6},"end":{"line":74,"column":null}}],"line":68},"1":{"loc":{"start":{"line":86,"column":4},"end":{"line":89,"column":null}},"type":"if","locations":[{"start":{"line":86,"column":4},"end":{"line":89,"column":null}},{"start":{},"end":{}}],"line":86},"2":{"loc":{"start":{"line":86,"column":8},"end":{"line":86,"column":43}},"type":"binary-expr","locations":[{"start":{"line":86,"column":8},"end":{"line":86,"column":24}},{"start":{"line":86,"column":24},"end":{"line":86,"column":43}}],"line":86},"3":{"loc":{"start":{"line":97,"column":32},"end":{"line":97,"column":84}},"type":"binary-expr","locations":[{"start":{"line":97,"column":32},"end":{"line":97,"column":50}},{"start":{"line":97,"column":50},"end":{"line":97,"column":84}}],"line":97},"4":{"loc":{"start":{"line":103,"column":4},"end":{"line":106,"column":null}},"type":"if","locations":[{"start":{"line":103,"column":4},"end":{"line":106,"column":null}},{"start":{},"end":{}}],"line":103},"5":{"loc":{"start":{"line":117,"column":32},"end":{"line":117,"column":88}},"type":"binary-expr","locations":[{"start":{"line":117,"column":32},"end":{"line":117,"column":50}},{"start":{"line":117,"column":50},"end":{"line":117,"column":88}}],"line":117},"6":{"loc":{"start":{"line":134,"column":6},"end":{"line":144,"column":null}},"type":"if","locations":[{"start":{"line":134,"column":6},"end":{"line":144,"column":null}},{"start":{"line":139,"column":13},"end":{"line":144,"column":null}}],"line":134},"7":{"loc":{"start":{"line":142,"column":31},"end":{"line":142,"column":64}},"type":"binary-expr","locations":[{"start":{"line":142,"column":31},"end":{"line":142,"column":47}},{"start":{"line":142,"column":47},"end":{"line":142,"column":64}}],"line":142},"8":{"loc":{"start":{"line":148,"column":30},"end":{"line":148,"column":61}},"type":"binary-expr","locations":[{"start":{"line":148,"column":30},"end":{"line":148,"column":48}},{"start":{"line":148,"column":48},"end":{"line":148,"column":61}}],"line":148},"9":{"loc":{"start":{"line":159,"column":4},"end":{"line":159,"column":null}},"type":"if","locations":[{"start":{"line":159,"column":4},"end":{"line":159,"column":null}},{"start":{},"end":{}}],"line":159},"10":{"loc":{"start":{"line":165,"column":4},"end":{"line":165,"column":null}},"type":"if","locations":[{"start":{"line":165,"column":4},"end":{"line":165,"column":null}},{"start":{},"end":{}}],"line":165},"11":{"loc":{"start":{"line":166,"column":4},"end":{"line":166,"column":null}},"type":"if","locations":[{"start":{"line":166,"column":4},"end":{"line":166,"column":null}},{"start":{},"end":{}}],"line":166},"12":{"loc":{"start":{"line":167,"column":4},"end":{"line":167,"column":null}},"type":"if","locations":[{"start":{"line":167,"column":4},"end":{"line":167,"column":null}},{"start":{},"end":{}}],"line":167},"13":{"loc":{"start":{"line":174,"column":8},"end":{"line":174,"column":null}},"type":"cond-expr","locations":[{"start":{"line":174,"column":28},"end":{"line":174,"column":47}},{"start":{"line":174,"column":47},"end":{"line":174,"column":null}}],"line":174},"14":{"loc":{"start":{"line":179,"column":7},"end":{"line":191,"column":null}},"type":"binary-expr","locations":[{"start":{"line":179,"column":7},"end":{"line":179,"column":null}},{"start":{"line":180,"column":8},"end":{"line":191,"column":null}}],"line":179},"15":{"loc":{"start":{"line":182,"column":12},"end":{"line":184,"column":null}},"type":"cond-expr","locations":[{"start":{"line":182,"column":44},"end":{"line":182,"column":null}},{"start":{"line":183,"column":12},"end":{"line":184,"column":null}}],"line":182},"16":{"loc":{"start":{"line":183,"column":12},"end":{"line":184,"column":null}},"type":"cond-expr","locations":[{"start":{"line":183,"column":46},"end":{"line":183,"column":null}},{"start":{"line":184,"column":12},"end":{"line":184,"column":null}}],"line":183},"17":{"loc":{"start":{"line":211,"column":25},"end":{"line":211,"column":69}},"type":"cond-expr","locations":[{"start":{"line":211,"column":45},"end":{"line":211,"column":60}},{"start":{"line":211,"column":60},"end":{"line":211,"column":69}}],"line":211},"18":{"loc":{"start":{"line":222,"column":7},"end":{"line":292,"column":null}},"type":"binary-expr","locations":[{"start":{"line":222,"column":7},"end":{"line":222,"column":null}},{"start":{"line":223,"column":8},"end":{"line":292,"column":null}}],"line":222},"19":{"loc":{"start":{"line":226,"column":13},"end":{"line":229,"column":null}},"type":"cond-expr","locations":[{"start":{"line":227,"column":14},"end":{"line":227,"column":null}},{"start":{"line":229,"column":14},"end":{"line":229,"column":null}}],"line":226},"20":{"loc":{"start":{"line":233,"column":11},"end":{"line":279,"column":null}},"type":"cond-expr","locations":[{"start":{"line":234,"column":12},"end":{"line":272,"column":null}},{"start":{"line":274,"column":12},"end":{"line":279,"column":null}}],"line":233},"21":{"loc":{"start":{"line":238,"column":22},"end":{"line":238,"column":null}},"type":"cond-expr","locations":[{"start":{"line":238,"column":35},"end":{"line":238,"column":44}},{"start":{"line":238,"column":44},"end":{"line":238,"column":null}}],"line":238},"22":{"loc":{"start":{"line":250,"column":28},"end":{"line":250,"column":null}},"type":"cond-expr","locations":[{"start":{"line":250,"column":41},"end":{"line":250,"column":64}},{"start":{"line":250,"column":64},"end":{"line":250,"column":null}}],"line":250},"23":{"loc":{"start":{"line":252,"column":42},"end":{"line":252,"column":68}},"type":"cond-expr","locations":[{"start":{"line":252,"column":55},"end":{"line":252,"column":62}},{"start":{"line":252,"column":62},"end":{"line":252,"column":68}}],"line":252},"24":{"loc":{"start":{"line":278,"column":15},"end":{"line":278,"column":null}},"type":"cond-expr","locations":[{"start":{"line":278,"column":43},"end":{"line":278,"column":67}},{"start":{"line":278,"column":67},"end":{"line":278,"column":null}}],"line":278},"25":{"loc":{"start":{"line":282,"column":11},"end":{"line":290,"column":null}},"type":"binary-expr","locations":[{"start":{"line":282,"column":11},"end":{"line":282,"column":null}},{"start":{"line":283,"column":12},"end":{"line":290,"column":null}}],"line":282},"26":{"loc":{"start":{"line":305,"column":14},"end":{"line":306,"column":null}},"type":"cond-expr","locations":[{"start":{"line":305,"column":42},"end":{"line":305,"column":null}},{"start":{"line":306,"column":14},"end":{"line":306,"column":null}}],"line":305},"27":{"loc":{"start":{"line":306,"column":14},"end":{"line":306,"column":null}},"type":"cond-expr","locations":[{"start":{"line":306,"column":42},"end":{"line":306,"column":62}},{"start":{"line":306,"column":62},"end":{"line":306,"column":null}}],"line":306},"28":{"loc":{"start":{"line":321,"column":13},"end":{"line":321,"column":null}},"type":"cond-expr","locations":[{"start":{"line":321,"column":43},"end":{"line":321,"column":80}},{"start":{"line":321,"column":80},"end":{"line":321,"column":null}}],"line":321},"29":{"loc":{"start":{"line":338,"column":9},"end":{"line":341,"column":null}},"type":"binary-expr","locations":[{"start":{"line":338,"column":9},"end":{"line":338,"column":null}},{"start":{"line":339,"column":10},"end":{"line":341,"column":null}}],"line":338},"30":{"loc":{"start":{"line":343,"column":9},"end":{"line":356,"column":null}},"type":"binary-expr","locations":[{"start":{"line":343,"column":9},"end":{"line":343,"column":null}},{"start":{"line":344,"column":10},"end":{"line":356,"column":null}}],"line":343},"31":{"loc":{"start":{"line":346,"column":13},"end":{"line":354,"column":null}},"type":"binary-expr","locations":[{"start":{"line":346,"column":13},"end":{"line":346,"column":null}},{"start":{"line":347,"column":14},"end":{"line":354,"column":null}}],"line":346},"32":{"loc":{"start":{"line":361,"column":7},"end":{"line":371,"column":null}},"type":"binary-expr","locations":[{"start":{"line":361,"column":7},"end":{"line":361,"column":null}},{"start":{"line":362,"column":8},"end":{"line":371,"column":null}}],"line":361},"33":{"loc":{"start":{"line":364,"column":12},"end":{"line":364,"column":null}},"type":"cond-expr","locations":[{"start":{"line":364,"column":33},"end":{"line":364,"column":64}},{"start":{"line":364,"column":64},"end":{"line":364,"column":null}}],"line":364},"34":{"loc":{"start":{"line":366,"column":16},"end":{"line":366,"column":null}},"type":"cond-expr","locations":[{"start":{"line":366,"column":37},"end":{"line":366,"column":48}},{"start":{"line":366,"column":48},"end":{"line":366,"column":null}}],"line":366},"35":{"loc":{"start":{"line":378,"column":22},"end":{"line":378,"column":null}},"type":"binary-expr","locations":[{"start":{"line":378,"column":22},"end":{"line":378,"column":35}},{"start":{"line":378,"column":35},"end":{"line":378,"column":null}}],"line":378},"36":{"loc":{"start":{"line":382,"column":11},"end":{"line":391,"column":null}},"type":"cond-expr","locations":[{"start":{"line":383,"column":12},"end":{"line":386,"column":null}},{"start":{"line":388,"column":12},"end":{"line":391,"column":null}}],"line":382},"37":{"loc":{"start":{"line":395,"column":9},"end":{"line":403,"column":null}},"type":"binary-expr","locations":[{"start":{"line":395,"column":9},"end":{"line":395,"column":21}},{"start":{"line":395,"column":21},"end":{"line":395,"column":null}},{"start":{"line":396,"column":10},"end":{"line":403,"column":null}}],"line":395}},"s":{"0":0,"1":0,"2":0,"3":0,"4":0,"5":0,"6":0,"7":0,"8":0,"9":0,"10":0,"11":0,"12":0,"13":0,"14":0,"15":0,"16":0,"17":0,"18":0,"19":0,"20":0,"21":0,"22":0,"23":0,"24":0,"25":0,"26":0,"27":0,"28":0,"29":0,"30":0,"31":0,"32":0,"33":0,"34":0,"35":0,"36":0,"37":0,"38":0,"39":0,"40":0,"41":0,"42":0,"43":0,"44":0,"45":0,"46":0,"47":0,"48":0,"49":0,"50":0,"51":0,"52":0,"53":0,"54":0,"55":0,"56":0,"57":0,"58":0,"59":0,"60":0,"61":0,"62":0,"63":0,"64":0,"65":0,"66":0,"67":0,"68":0,"69":0,"70":0},"f":{"0":0,"1":0,"2":0,"3":0,"4":0,"5":0,"6":0,"7":0,"8":0,"9":0,"10":0,"11":0,"12":0,"13":0},"b":{"0":[0,0,0],"1":[0,0],"2":[0,0],"3":[0,0],"4":[0,0],"5":[0,0],"6":[0,0],"7":[0,0],"8":[0,0],"9":[0,0],"10":[0,0],"11":[0,0],"12":[0,0],"13":[0,0],"14":[0,0],"15":[0,0],"16":[0,0],"17":[0,0],"18":[0,0],"19":[0,0],"20":[0,0],"21":[0,0],"22":[0,0],"23":[0,0],"24":[0,0],"25":[0,0],"26":[0,0],"27":[0,0],"28":[0,0],"29":[0,0],"30":[0,0],"31":[0,0],"32":[0,0],"33":[0,0],"34":[0,0],"35":[0,0],"36":[0,0],"37":[0,0,0]},"meta":{"lastBranch":38,"lastFunction":14,"lastStatement":71,"seen":{"s:24:67:408:Infinity":0,"f:24:67:24:68":0,"s:29:8:29:Infinity":1,"s:30:8:30:Infinity":2,"s:32:34:32:Infinity":3,"s:33:36:33:Infinity":4,"s:34:44:34:Infinity":5,"s:35:32:35:Infinity":6,"s:36:34:36:Infinity":7,"s:37:38:37:Infinity":8,"s:40:25:64:Infinity":9,"f:40:25:40:31":1,"s:41:25:46:Infinity":10,"s:48:26:53:Infinity":11,"s:55:4:62:Infinity":12,"s:67:25:76:Infinity":13,"f:67:25:67:31":2,"b:69:6:70:Infinity:71:6:72:Infinity:73:6:74:Infinity":0,"s:68:4:75:Infinity":14,"s:70:8:70:Infinity":15,"s:72:8:72:Infinity":16,"s:74:8:74:Infinity":17,"s:79:27:82:Infinity":18,"f:79:27:79:28":3,"s:80:4:80:Infinity":19,"s:81:4:81:Infinity":20,"f:81:15:81:21":4,"s:81:21:81:44":21,"s:85:30:99:Infinity":22,"f:85:30:85:42":5,"b:86:4:89:Infinity:undefined:undefined:undefined:undefined":1,"s:86:4:89:Infinity":23,"b:86:8:86:24:86:24:86:43":2,"s:87:6:87:Infinity":24,"s:88:6:88:Infinity":25,"s:91:4:98:Infinity":26,"s:92:6:95:Infinity":27,"s:97:6:97:Infinity":28,"b:97:32:97:50:97:50:97:84":3,"s:102:27:119:Infinity":29,"f:102:27:102:39":6,"b:103:4:106:Infinity:undefined:undefined:undefined:undefined":4,"s:103:4:106:Infinity":30,"s:104:6:104:Infinity":31,"s:105:6:105:Infinity":32,"s:108:4:118:Infinity":33,"s:109:6:112:Infinity":34,"s:113:6:113:Infinity":35,"s:114:6:114:Infinity":36,"s:115:6:115:Infinity":37,"s:117:6:117:Infinity":38,"b:117:32:117:50:117:50:117:88":5,"s:122:21:155:Infinity":39,"f:122:21:122:33":7,"s:123:4:123:Infinity":40,"s:124:4:124:Infinity":41,"s:126:4:154:Infinity":42,"s:128:21:132:Infinity":43,"b:134:6:144:Infinity:139:13:144:Infinity":6,"s:134:6:144:Infinity":44,"s:135:8:138:Infinity":45,"s:140:8:143:Infinity":46,"b:142:31:142:47:142:47:142:64":7,"s:146:6:149:Infinity":47,"b:148:30:148:48:148:48:148:61":8,"s:151:6:151:Infinity":48,"s:153:6:153:Infinity":49,"f:153:17:153:23":8,"s:153:23:153:44":50,"s:158:26:169:Infinity":51,"f:158:26:158:27":9,"b:159:4:159:Infinity:undefined:undefined:undefined:undefined":9,"s:159:4:159:Infinity":52,"s:159:20:159:Infinity":53,"s:160:17:160:Infinity":54,"s:161:16:161:Infinity":55,"s:162:19:162:Infinity":56,"s:163:21:163:Infinity":57,"b:165:4:165:Infinity:undefined:undefined:undefined:undefined":10,"s:165:4:165:Infinity":58,"s:165:22:165:Infinity":59,"b:166:4:166:Infinity:undefined:undefined:undefined:undefined":11,"s:166:4:166:Infinity":60,"s:166:23:166:Infinity":61,"b:167:4:167:Infinity:undefined:undefined:undefined:undefined":12,"s:167:4:167:Infinity":62,"s:167:25:167:Infinity":63,"s:168:4:168:Infinity":64,"s:171:2:406:Infinity":65,"b:174:28:174:47:174:47:174:Infinity":13,"b:179:7:179:Infinity:180:8:191:Infinity":14,"b:182:44:182:Infinity:183:12:184:Infinity":15,"b:183:46:183:Infinity:184:12:184:Infinity":16,"b:211:45:211:60:211:60:211:69":17,"b:222:7:222:Infinity:223:8:292:Infinity":18,"b:227:14:227:Infinity:229:14:229:Infinity":19,"b:234:12:272:Infinity:274:12:279:Infinity":20,"b:238:35:238:44:238:44:238:Infinity":21,"f:248:25:248:31":10,"s:248:31:248:Infinity":66,"b:250:41:250:64:250:64:250:Infinity":22,"b:252:55:252:62:252:62:252:68":23,"f:263:25:263:31":11,"s:264:18:264:Infinity":67,"s:265:18:265:Infinity":68,"f:275:23:275:29":12,"s:275:29:275:Infinity":69,"b:278:43:278:67:278:67:278:Infinity":24,"b:282:11:282:Infinity:283:12:290:Infinity":25,"b:305:42:305:Infinity:306:14:306:Infinity":26,"b:306:42:306:62:306:62:306:Infinity":27,"b:321:43:321:80:321:80:321:Infinity":28,"b:338:9:338:Infinity:339:10:341:Infinity":29,"b:343:9:343:Infinity:344:10:356:Infinity":30,"b:346:13:346:Infinity:347:14:354:Infinity":31,"b:361:7:361:Infinity:362:8:371:Infinity":32,"b:364:33:364:64:364:64:364:Infinity":33,"b:366:37:366:48:366:48:366:Infinity":34,"b:378:22:378:35:378:35:378:Infinity":35,"b:383:12:386:Infinity:388:12:391:Infinity":36,"b:395:9:395:21:395:21:395:Infinity:396:10:403:Infinity":37,"f:397:21:397:27":13,"s:397:27:397:Infinity":70}}}
,"/home/capic/developements/dashboard-parapente/apps/frontend/src/components/WindIndicator.tsx": {"path":"/home/capic/developements/dashboard-parapente/apps/frontend/src/components/WindIndicator.tsx","statementMap":{"0":{"start":{"line":32,"column":8},"end":{"line":32,"column":null}},"1":{"start":{"line":33,"column":8},"end":{"line":33,"column":null}},"2":{"start":{"line":34,"column":8},"end":{"line":34,"column":null}},"3":{"start":{"line":35,"column":8},"end":{"line":35,"column":null}},"4":{"start":{"line":38,"column":22},"end":{"line":42,"column":null}},"5":{"start":{"line":45,"column":2},"end":{"line":52,"column":null}},"6":{"start":{"line":46,"column":4},"end":{"line":50,"column":null}},"7":{"start":{"line":54,"column":2},"end":{"line":67,"column":null}},"8":{"start":{"line":80,"column":8},"end":{"line":80,"column":null}},"9":{"start":{"line":81,"column":8},"end":{"line":81,"column":null}},"10":{"start":{"line":82,"column":8},"end":{"line":82,"column":null}},"11":{"start":{"line":84,"column":22},"end":{"line":86,"column":null}},"12":{"start":{"line":88,"column":2},"end":{"line":95,"column":null}}},"fnMap":{"0":{"name":"WindIndicator","decl":{"start":{"line":24,"column":16},"end":{"line":24,"column":30}},"loc":{"start":{"line":31,"column":23},"end":{"line":69,"column":null}},"line":31},"1":{"name":"WindIndicatorCompact","decl":{"start":{"line":74,"column":16},"end":{"line":74,"column":37}},"loc":{"start":{"line":79,"column":23},"end":{"line":97,"column":null}},"line":79}},"branchMap":{"0":{"loc":{"start":{"line":28,"column":2},"end":{"line":28,"column":null}},"type":"default-arg","locations":[{"start":{"line":28,"column":14},"end":{"line":28,"column":null}}],"line":28},"1":{"loc":{"start":{"line":29,"column":2},"end":{"line":29,"column":null}},"type":"default-arg","locations":[{"start":{"line":29,"column":9},"end":{"line":29,"column":null}}],"line":29},"2":{"loc":{"start":{"line":30,"column":2},"end":{"line":30,"column":null}},"type":"default-arg","locations":[{"start":{"line":30,"column":14},"end":{"line":30,"column":null}}],"line":30},"3":{"loc":{"start":{"line":45,"column":2},"end":{"line":52,"column":null}},"type":"if","locations":[{"start":{"line":45,"column":2},"end":{"line":52,"column":null}},{"start":{},"end":{}}],"line":45},"4":{"loc":{"start":{"line":45,"column":6},"end":{"line":45,"column":49}},"type":"binary-expr","locations":[{"start":{"line":45,"column":6},"end":{"line":45,"column":24}},{"start":{"line":45,"column":24},"end":{"line":45,"column":49}}],"line":45},"5":{"loc":{"start":{"line":49,"column":9},"end":{"line":49,"column":null}},"type":"binary-expr","locations":[{"start":{"line":49,"column":9},"end":{"line":49,"column":22}},{"start":{"line":49,"column":22},"end":{"line":49,"column":null}}],"line":49},"6":{"loc":{"start":{"line":57,"column":7},"end":{"line":65,"column":null}},"type":"binary-expr","locations":[{"start":{"line":57,"column":7},"end":{"line":57,"column":null}},{"start":{"line":58,"column":8},"end":{"line":65,"column":null}}],"line":57},"7":{"loc":{"start":{"line":60,"column":11},"end":{"line":63,"column":null}},"type":"binary-expr","locations":[{"start":{"line":60,"column":11},"end":{"line":60,"column":28}},{"start":{"line":60,"column":28},"end":{"line":60,"column":null}},{"start":{"line":61,"column":12},"end":{"line":63,"column":null}}],"line":60},"8":{"loc":{"start":{"line":78,"column":2},"end":{"line":78,"column":null}},"type":"default-arg","locations":[{"start":{"line":78,"column":14},"end":{"line":78,"column":null}}],"line":78},"9":{"loc":{"start":{"line":84,"column":22},"end":{"line":86,"column":null}},"type":"cond-expr","locations":[{"start":{"line":85,"column":6},"end":{"line":85,"column":null}},{"start":{"line":86,"column":6},"end":{"line":86,"column":null}}],"line":84},"10":{"loc":{"start":{"line":84,"column":22},"end":{"line":84,"column":null}},"type":"binary-expr","locations":[{"start":{"line":84,"column":22},"end":{"line":84,"column":39}},{"start":{"line":84,"column":39},"end":{"line":84,"column":null}}],"line":84}},"s":{"0":0,"1":0,"2":0,"3":0,"4":0,"5":0,"6":0,"7":0,"8":0,"9":0,"10":0,"11":0,"12":0},"f":{"0":0,"1":0},"b":{"0":[0],"1":[0],"2":[0],"3":[0,0],"4":[0,0],"5":[0,0],"6":[0,0],"7":[0,0,0],"8":[0],"9":[0,0],"10":[0,0]},"meta":{"lastBranch":11,"lastFunction":2,"lastStatement":13,"seen":{"f:24:16:24:30":0,"b:28:14:28:Infinity":0,"b:29:9:29:Infinity":1,"b:30:14:30:Infinity":2,"s:32:8:32:Infinity":0,"s:33:8:33:Infinity":1,"s:34:8:34:Infinity":2,"s:35:8:35:Infinity":3,"s:38:22:42:Infinity":4,"b:45:2:52:Infinity:undefined:undefined:undefined:undefined":3,"s:45:2:52:Infinity":5,"b:45:6:45:24:45:24:45:49":4,"s:46:4:50:Infinity":6,"b:49:9:49:22:49:22:49:Infinity":5,"s:54:2:67:Infinity":7,"b:57:7:57:Infinity:58:8:65:Infinity":6,"b:60:11:60:28:60:28:60:Infinity:61:12:63:Infinity":7,"f:74:16:74:37":1,"b:78:14:78:Infinity":8,"s:80:8:80:Infinity":8,"s:81:8:81:Infinity":9,"s:82:8:82:Infinity":10,"s:84:22:86:Infinity":11,"b:85:6:85:Infinity:86:6:86:Infinity":9,"b:84:22:84:39:84:39:84:Infinity":10,"s:88:2:95:Infinity":12}}}
,"/home/capic/developements/dashboard-parapente/apps/frontend/src/components/complex/EmagramWidget.tsx": {"path":"/home/capic/developements/dashboard-parapente/apps/frontend/src/components/complex/EmagramWidget.tsx","statementMap":{"0":{"start":{"line":15,"column":26},"end":{"line":22,"column":null}},"1":{"start":{"line":16,"column":2},"end":{"line":16,"column":null}},"2":{"start":{"line":16,"column":18},"end":{"line":16,"column":null}},"3":{"start":{"line":17,"column":12},"end":{"line":17,"column":null}},"4":{"start":{"line":18,"column":2},"end":{"line":18,"column":null}},"5":{"start":{"line":18,"column":35},"end":{"line":18,"column":null}},"6":{"start":{"line":19,"column":2},"end":{"line":19,"column":null}},"7":{"start":{"line":19,"column":30},"end":{"line":19,"column":null}},"8":{"start":{"line":20,"column":2},"end":{"line":20,"column":null}},"9":{"start":{"line":20,"column":28},"end":{"line":20,"column":null}},"10":{"start":{"line":21,"column":2},"end":{"line":21,"column":null}},"11":{"start":{"line":24,"column":21},"end":{"line":31,"column":null}},"12":{"start":{"line":25,"column":2},"end":{"line":25,"column":null}},"13":{"start":{"line":25,"column":15},"end":{"line":25,"column":null}},"14":{"start":{"line":26,"column":12},"end":{"line":26,"column":null}},"15":{"start":{"line":27,"column":2},"end":{"line":27,"column":null}},"16":{"start":{"line":27,"column":21},"end":{"line":27,"column":null}},"17":{"start":{"line":28,"column":2},"end":{"line":28,"column":null}},"18":{"start":{"line":28,"column":22},"end":{"line":28,"column":null}},"19":{"start":{"line":29,"column":2},"end":{"line":29,"column":null}},"20":{"start":{"line":29,"column":22},"end":{"line":29,"column":null}},"21":{"start":{"line":30,"column":2},"end":{"line":30,"column":null}},"22":{"start":{"line":34,"column":38},"end":{"line":34,"column":null}},"23":{"start":{"line":36,"column":51},"end":{"line":36,"column":null}},"24":{"start":{"line":37,"column":8},"end":{"line":37,"column":null}},"25":{"start":{"line":40,"column":24},"end":{"line":56,"column":null}},"26":{"start":{"line":41,"column":4},"end":{"line":41,"column":null}},"27":{"start":{"line":41,"column":46},"end":{"line":41,"column":null}},"28":{"start":{"line":43,"column":4},"end":{"line":43,"column":null}},"29":{"start":{"line":44,"column":4},"end":{"line":55,"column":null}},"30":{"start":{"line":45,"column":6},"end":{"line":49,"column":null}},"31":{"start":{"line":50,"column":6},"end":{"line":50,"column":null}},"32":{"start":{"line":52,"column":6},"end":{"line":52,"column":null}},"33":{"start":{"line":54,"column":6},"end":{"line":54,"column":null}},"34":{"start":{"line":58,"column":2},"end":{"line":65,"column":null}},"35":{"start":{"line":59,"column":4},"end":{"line":63,"column":null}},"36":{"start":{"line":67,"column":2},"end":{"line":99,"column":null}},"37":{"start":{"line":68,"column":4},"end":{"line":97,"column":null}},"38":{"start":{"line":101,"column":16},"end":{"line":101,"column":null}},"39":{"start":{"line":102,"column":8},"end":{"line":102,"column":null}},"40":{"start":{"line":103,"column":8},"end":{"line":103,"column":null}},"41":{"start":{"line":104,"column":8},"end":{"line":104,"column":null}},"42":{"start":{"line":107,"column":23},"end":{"line":107,"column":null}},"43":{"start":{"line":108,"column":18},"end":{"line":108,"column":null}},"44":{"start":{"line":110,"column":2},"end":{"line":331,"column":null}},"45":{"start":{"line":262,"column":14},"end":{"line":264,"column":null}},"46":{"start":{"line":272,"column":8},"end":{"line":312,"column":null}},"47":{"start":{"line":273,"column":30},"end":{"line":273,"column":null}},"48":{"start":{"line":274,"column":29},"end":{"line":274,"column":null}},"49":{"start":{"line":275,"column":10},"end":{"line":309,"column":null}},"50":{"start":{"line":277,"column":29},"end":{"line":277,"column":null}},"51":{"start":{"line":278,"column":12},"end":{"line":307,"column":null}},"52":{"start":{"line":285,"column":39},"end":{"line":285,"column":null}},"53":{"start":{"line":285,"column":84},"end":{"line":285,"column":122}},"54":{"start":{"line":286,"column":42},"end":{"line":286,"column":null}},"55":{"start":{"line":287,"column":20},"end":{"line":298,"column":null}},"56":{"start":{"line":313,"column":8},"end":{"line":313,"column":null}},"57":{"start":{"line":337,"column":14},"end":{"line":337,"column":null}},"58":{"start":{"line":338,"column":17},"end":{"line":338,"column":null}},"59":{"start":{"line":339,"column":19},"end":{"line":339,"column":null}},"60":{"start":{"line":340,"column":20},"end":{"line":340,"column":null}},"61":{"start":{"line":342,"column":2},"end":{"line":342,"column":null}},"62":{"start":{"line":342,"column":21},"end":{"line":342,"column":null}},"63":{"start":{"line":343,"column":2},"end":{"line":343,"column":null}},"64":{"start":{"line":343,"column":22},"end":{"line":343,"column":null}},"65":{"start":{"line":345,"column":19},"end":{"line":345,"column":null}},"66":{"start":{"line":346,"column":2},"end":{"line":346,"column":null}},"67":{"start":{"line":351,"column":47},"end":{"line":357,"column":null}},"68":{"start":{"line":358,"column":2},"end":{"line":358,"column":null}}},"fnMap":{"0":{"name":"(anonymous_0)","decl":{"start":{"line":15,"column":26},"end":{"line":15,"column":27}},"loc":{"start":{"line":15,"column":64},"end":{"line":22,"column":null}},"line":15},"1":{"name":"(anonymous_1)","decl":{"start":{"line":24,"column":21},"end":{"line":24,"column":22}},"loc":{"start":{"line":24,"column":56},"end":{"line":31,"column":null}},"line":24},"2":{"name":"EmagramWidget","decl":{"start":{"line":33,"column":24},"end":{"line":33,"column":38}},"loc":{"start":{"line":33,"column":80},"end":{"line":333,"column":null}},"line":33},"3":{"name":"(anonymous_3)","decl":{"start":{"line":40,"column":24},"end":{"line":40,"column":36}},"loc":{"start":{"line":40,"column":36},"end":{"line":56,"column":null}},"line":40},"4":{"name":"(anonymous_4)","decl":{"start":{"line":261,"column":24},"end":{"line":261,"column":25}},"loc":{"start":{"line":262,"column":14},"end":{"line":264,"column":null}},"line":262},"5":{"name":"(anonymous_5)","decl":{"start":{"line":271,"column":36},"end":{"line":271,"column":42}},"loc":{"start":{"line":271,"column":42},"end":{"line":314,"column":9}},"line":271},"6":{"name":"(anonymous_6)","decl":{"start":{"line":284,"column":34},"end":{"line":284,"column":35}},"loc":{"start":{"line":284,"column":46},"end":{"line":300,"column":19}},"line":284},"7":{"name":"(anonymous_7)","decl":{"start":{"line":285,"column":79},"end":{"line":285,"column":84}},"loc":{"start":{"line":285,"column":84},"end":{"line":285,"column":122}},"line":285},"8":{"name":"getTimeAgo","decl":{"start":{"line":336,"column":9},"end":{"line":336,"column":20}},"loc":{"start":{"line":336,"column":40},"end":{"line":347,"column":null}},"line":336},"9":{"name":"translateCategory","decl":{"start":{"line":350,"column":9},"end":{"line":350,"column":27}},"loc":{"start":{"line":350,"column":53},"end":{"line":359,"column":null}},"line":350}},"branchMap":{"0":{"loc":{"start":{"line":16,"column":2},"end":{"line":16,"column":null}},"type":"if","locations":[{"start":{"line":16,"column":2},"end":{"line":16,"column":null}},{"start":{},"end":{}}],"line":16},"1":{"loc":{"start":{"line":18,"column":2},"end":{"line":18,"column":null}},"type":"if","locations":[{"start":{"line":18,"column":2},"end":{"line":18,"column":null}},{"start":{},"end":{}}],"line":18},"2":{"loc":{"start":{"line":19,"column":2},"end":{"line":19,"column":null}},"type":"if","locations":[{"start":{"line":19,"column":2},"end":{"line":19,"column":null}},{"start":{},"end":{}}],"line":19},"3":{"loc":{"start":{"line":20,"column":2},"end":{"line":20,"column":null}},"type":"if","locations":[{"start":{"line":20,"column":2},"end":{"line":20,"column":null}},{"start":{},"end":{}}],"line":20},"4":{"loc":{"start":{"line":25,"column":2},"end":{"line":25,"column":null}},"type":"if","locations":[{"start":{"line":25,"column":2},"end":{"line":25,"column":null}},{"start":{},"end":{}}],"line":25},"5":{"loc":{"start":{"line":27,"column":2},"end":{"line":27,"column":null}},"type":"if","locations":[{"start":{"line":27,"column":2},"end":{"line":27,"column":null}},{"start":{},"end":{}}],"line":27},"6":{"loc":{"start":{"line":28,"column":2},"end":{"line":28,"column":null}},"type":"if","locations":[{"start":{"line":28,"column":2},"end":{"line":28,"column":null}},{"start":{},"end":{}}],"line":28},"7":{"loc":{"start":{"line":29,"column":2},"end":{"line":29,"column":null}},"type":"if","locations":[{"start":{"line":29,"column":2},"end":{"line":29,"column":null}},{"start":{},"end":{}}],"line":29},"8":{"loc":{"start":{"line":41,"column":4},"end":{"line":41,"column":null}},"type":"if","locations":[{"start":{"line":41,"column":4},"end":{"line":41,"column":null}},{"start":{},"end":{}}],"line":41},"9":{"loc":{"start":{"line":41,"column":8},"end":{"line":41,"column":46}},"type":"binary-expr","locations":[{"start":{"line":41,"column":8},"end":{"line":41,"column":20}},{"start":{"line":41,"column":20},"end":{"line":41,"column":32}},{"start":{"line":41,"column":32},"end":{"line":41,"column":46}}],"line":41},"10":{"loc":{"start":{"line":58,"column":2},"end":{"line":65,"column":null}},"type":"if","locations":[{"start":{"line":58,"column":2},"end":{"line":65,"column":null}},{"start":{},"end":{}}],"line":58},"11":{"loc":{"start":{"line":67,"column":2},"end":{"line":99,"column":null}},"type":"if","locations":[{"start":{"line":67,"column":2},"end":{"line":99,"column":null}},{"start":{},"end":{}}],"line":67},"12":{"loc":{"start":{"line":67,"column":6},"end":{"line":67,"column":25}},"type":"binary-expr","locations":[{"start":{"line":67,"column":6},"end":{"line":67,"column":15}},{"start":{"line":67,"column":15},"end":{"line":67,"column":25}}],"line":67},"13":{"loc":{"start":{"line":74,"column":22},"end":{"line":74,"column":null}},"type":"binary-expr","locations":[{"start":{"line":74,"column":22},"end":{"line":74,"column":38}},{"start":{"line":74,"column":38},"end":{"line":74,"column":50}},{"start":{"line":74,"column":50},"end":{"line":74,"column":null}}],"line":74},"14":{"loc":{"start":{"line":78,"column":40},"end":{"line":78,"column":87}},"type":"cond-expr","locations":[{"start":{"line":78,"column":55},"end":{"line":78,"column":85}},{"start":{"line":78,"column":85},"end":{"line":78,"column":87}}],"line":78},"15":{"loc":{"start":{"line":84,"column":11},"end":{"line":86,"column":null}},"type":"cond-expr","locations":[{"start":{"line":85,"column":14},"end":{"line":85,"column":null}},{"start":{"line":86,"column":14},"end":{"line":86,"column":null}}],"line":84},"16":{"loc":{"start":{"line":84,"column":11},"end":{"line":84,"column":null}},"type":"binary-expr","locations":[{"start":{"line":84,"column":11},"end":{"line":84,"column":23}},{"start":{"line":84,"column":23},"end":{"line":84,"column":null}}],"line":84},"17":{"loc":{"start":{"line":88,"column":9},"end":{"line":95,"column":null}},"type":"binary-expr","locations":[{"start":{"line":88,"column":9},"end":{"line":88,"column":20}},{"start":{"line":88,"column":20},"end":{"line":88,"column":null}},{"start":{"line":89,"column":10},"end":{"line":95,"column":null}}],"line":88},"18":{"loc
[...]
21},"2":{"name":"getScoreColor","decl":{"start":{"line":130,"column":16},"end":{"line":130,"column":30}},"loc":{"start":{"line":130,"column":60},"end":{"line":140,"column":null}},"line":130}},"branchMap":{"0":{"loc":{"start":{"line":108,"column":2},"end":{"line":108,"column":null}},"type":"if","locations":[{"start":{"line":108,"column":2},"end":{"line":108,"column":null}},{"start":{},"end":{}}],"line":108},"1":{"loc":{"start":{"line":112,"column":11},"end":{"line":112,"column":null}},"type":"cond-expr","locations":[{"start":{"line":112,"column":35},"end":{"line":112,"column":44}},{"start":{"line":112,"column":44},"end":{"line":112,"column":null}}],"line":112},"2":{"loc":{"start":{"line":122,"column":2},"end":{"line":122,"column":null}},"type":"if","locations":[{"start":{"line":122,"column":2},"end":{"line":122,"column":null}},{"start":{},"end":{}}],"line":122},"3":{"loc":{"start":{"line":123,"column":2},"end":{"line":123,"column":null}},"type":"if","locations":[{"start":{"line":123,"column":2},"end":{"line":123,"column":null}},{"start":{},"end":{}}],"line":123},"4":{"loc":{"start":{"line":124,"column":2},"end":{"line":124,"column":null}},"type":"if","locations":[{"start":{"line":124,"column":2},"end":{"line":124,"column":null}},{"start":{},"end":{}}],"line":124},"5":{"loc":{"start":{"line":125,"column":2},"end":{"line":125,"column":null}},"type":"if","locations":[{"start":{"line":125,"column":2},"end":{"line":125,"column":null}},{"start":{},"end":{}}],"line":125},"6":{"loc":{"start":{"line":126,"column":2},"end":{"line":126,"column":null}},"type":"if","locations":[{"start":{"line":126,"column":2},"end":{"line":126,"column":null}},{"start":{},"end":{}}],"line":126},"7":{"loc":{"start":{"line":133,"column":2},"end":{"line":139,"column":null}},"type":"switch","locations":[{"start":{"line":134,"column":4},"end":{"line":134,"column":null}},{"start":{"line":135,"column":4},"end":{"line":135,"column":null}},{"start":{"line":136,"column":4},"end":{"line":136,"column":null}},{"start":{"line":137,"column":4},"end":{"line":137,"column":null}},{"start":{"line":138,"column":4},"end":{"line":138,"column":null}}],"line":133}},"s":{"0":0,"1":0,"2":0,"3":0,"4":0,"5":0,"6":0,"7":0,"8":0,"9":0,"10":0,"11":0,"12":0,"13":0,"14":0,"15":0,"16":0,"17":0,"18":0,"19":0,"20":0,"21":0,"22":0,"23":0},"f":{"0":0,"1":0,"2":0},"b":{"0":[0,0],"1":[0,0],"2":[0,0],"3":[0,0],"4":[0,0],"5":[0,0],"6":[0,0],"7":[0,0,0,0,0]},"meta":{"lastBranch":8,"lastFunction":3,"lastStatement":24,"seen":{"f:107:16:107:28":0,"b:108:2:108:Infinity:undefined:undefined:undefined:undefined":0,"s:108:2:108:Infinity":0,"s:108:25:108:Infinity":1,"s:110:2:115:Infinity":2,"s:111:19:111:Infinity":3,"s:112:4:112:Infinity":4,"b:112:35:112:44:112:44:112:Infinity":1,"s:114:4:114:Infinity":5,"f:121:16:121:33":1,"b:122:2:122:Infinity:undefined:undefined:undefined:undefined":2,"s:122:2:122:Infinity":6,"s:122:22:122:Infinity":7,"b:123:2:123:Infinity:undefined:undefined:undefined:undefined":3,"s:123:2:123:Infinity":8,"s:123:19:123:Infinity":9,"b:124:2:124:Infinity:undefined:undefined:undefined:undefined":4,"s:124:2:124:Infinity":10,"s:124:19:124:Infinity":11,"b:125:2:125:Infinity:undefined:undefined:undefined:undefined":5,"s:125:2:125:Infinity":12,"s:125:19:125:Infinity":13,"b:126:2:126:Infinity:undefined:undefined:undefined:undefined":6,"s:126:2:126:Infinity":14,"s:126:19:126:Infinity":15,"s:127:2:127:Infinity":16,"f:130:16:130:30":2,"s:131:19:131:Infinity":17,"b:134:4:134:Infinity:135:4:135:Infinity:136:4:136:Infinity:137:4:137:Infinity:138:4:138:Infinity":7,"s:133:2:139:Infinity":18,"s:134:22:134:Infinity":19,"s:135:17:135:Infinity":20,"s:136:21:136:Infinity":21,"s:137:17:137:Infinity":22,"s:138:22:138:Infinity":23}}}
,"/home/capic/developements/dashboard-parapente/apps/frontend/src/types/flight.ts": {"path":"/home/capic/developements/dashboard-parapente/apps/frontend/src/types/flight.ts","statementMap":{},"fnMap":{},"branchMap":{},"s":{},"f":{},"b":{},"meta":{"lastBranch":0,"lastFunction":0,"lastStatement":0,"seen":{}}}
,"/home/capic/developements/dashboard-parapente/apps/frontend/src/types/index.ts": {"path":"/home/capic/developements/dashboard-parapente/apps/frontend/src/types/index.ts","statementMap":{},"fnMap":{},"branchMap":{},"s":{},"f":{},"b":{},"meta":{"lastBranch":0,"lastFunction":0,"lastStatement":0,"seen":{}}}
,"/home/capic/developements/dashboard-parapente/apps/frontend/src/types/weatherSources.ts": {"path":"/home/capic/developements/dashboard-parapente/apps/frontend/src/types/weatherSources.ts","statementMap":{},"fnMap":{},"branchMap":{},"s":{},"f":{},"b":{},"meta":{"lastBranch":0,"lastFunction":0,"lastStatement":0,"seen":{}}}
,"/home/capic/developements/dashboard-parapente/apps/frontend/src/utils/cameraOrientation.ts": {"path":"/home/capic/developements/dashboard-parapente/apps/frontend/src/utils/cameraOrientation.ts","statementMap":{"0":{"start":{"line":22,"column":55},"end":{"line":39,"column":null}},"1":{"start":{"line":48,"column":2},"end":{"line":48,"column":null}},"2":{"start":{"line":48,"column":20},"end":{"line":48,"column":null}},"3":{"start":{"line":50,"column":18},"end":{"line":50,"column":null}},"4":{"start":{"line":51,"column":2},"end":{"line":51,"column":null}},"5":{"start":{"line":61,"column":41},"end":{"line":78,"column":null}},"6":{"start":{"line":80,"column":2},"end":{"line":80,"column":null}},"7":{"start":{"line":88,"column":23},"end":{"line":91,"column":null}},"8":{"start":{"line":93,"column":2},"end":{"line":96,"column":null}},"9":{"start":{"line":93,"column":36},"end":{"line":96,"column":4}}},"fnMap":{"0":{"name":"getHeadingFromOrientation","decl":{"start":{"line":47,"column":16},"end":{"line":47,"column":42}},"loc":{"start":{"line":47,"column":79},"end":{"line":52,"column":null}},"line":47},"1":{"name":"getOrientationLabel","decl":{"start":{"line":60,"column":16},"end":{"line":60,"column":36}},"loc":{"start":{"line":60,"column":65},"end":{"line":81,"column":null}},"line":60},"2":{"name":"getOrientationOptions","decl":{"start":{"line":87,"column":16},"end":{"line":87,"column":81}},"loc":{"start":{"line":87,"column":81},"end":{"line":97,"column":null}},"line":87},"3":{"name":"(anonymous_3)","decl":{"start":{"line":93,"column":26},"end":{"line":93,"column":36}},"loc":{"start":{"line":93,"column":36},"end":{"line":96,"column":4}},"line":93}},"branchMap":{"0":{"loc":{"start":{"line":48,"column":2},"end":{"line":48,"column":null}},"type":"if","locations":[{"start":{"line":48,"column":2},"end":{"line":48,"column":null}},{"start":{},"end":{}}],"line":48},"1":{"loc":{"start":{"line":51,"column":9},"end":{"line":51,"column":null}},"type":"cond-expr","locations":[{"start":{"line":51,"column":33},"end":{"line":51,"column":43}},{"start":{"line":51,"column":43},"end":{"line":51,"column":null}}],"line":51},"2":{"loc":{"start":{"line":80,"column":9},"end":{"line":80,"column":null}},"type":"binary-expr","locations":[{"start":{"line":80,"column":9},"end":{"line":80,"column":46}},{"start":{"line":80,"column":46},"end":{"line":80,"column":null}}],"line":80}},"s":{"0":0,"1":0,"2":0,"3":0,"4":0,"5":0,"6":0,"7":0,"8":0,"9":0},"f":{"0":0,"1":0,"2":0,"3":0},"b":{"0":[0,0],"1":[0,0],"2":[0,0]},"meta":{"lastBranch":3,"lastFunction":4,"lastStatement":10,"seen":{"s:22:55:39:Infinity":0,"f:47:16:47:42":0,"b:48:2:48:Infinity:undefined:undefined:undefined:undefined":0,"s:48:2:48:Infinity":1,"s:48:20:48:Infinity":2,"s:50:18:50:Infinity":3,"s:51:2:51:Infinity":4,"b:51:33:51:43:51:43:51:Infinity":1,"f:60:16:60:36":1,"s:61:41:78:Infinity":5,"s:80:2:80:Infinity":6,"b:80:9:80:46:80:46:80:Infinity":2,"f:87:16:87:81":2,"s:88:23:91:Infinity":7,"s:93:2:96:Infinity":8,"f:93:26:93:36":3,"s:93:36:96:4":9}}}
,"/home/capic/developements/dashboard-parapente/apps/frontend/src/utils/windMatcher.ts": {"path":"/home/capic/developements/dashboard-parapente/apps/frontend/src/utils/windMatcher.ts","statementMap":{"0":{"start":{"line":15,"column":45},"end":{"line":32,"column":null}},"1":{"start":{"line":34,"column":2},"end":{"line":34,"column":null}},"2":{"start":{"line":42,"column":13},"end":{"line":42,"column":null}},"3":{"start":{"line":45,"column":2},"end":{"line":47,"column":null}},"4":{"start":{"line":46,"column":4},"end":{"line":46,"column":null}},"5":{"start":{"line":49,"column":2},"end":{"line":49,"column":null}},"6":{"start":{"line":71,"column":2},"end":{"line":73,"column":null}},"7":{"start":{"line":72,"column":4},"end":{"line":72,"column":null}},"8":{"start":{"line":76,"column":2},"end":{"line":78,"column":null}},"9":{"start":{"line":77,"column":4},"end":{"line":77,"column":null}},"10":{"start":{"line":81,"column":2},"end":{"line":83,"column":null}},"11":{"start":{"line":82,"column":4},"end":{"line":82,"column":null}},"12":{"start":{"line":85,"column":18},"end":{"line":85,"column":null}},"13":{"start":{"line":86,"column":18},"end":{"line":86,"column":null}},"14":{"start":{"line":88,"column":22},"end":{"line":88,"column":null}},"15":{"start":{"line":91,"column":2},"end":{"line":93,"column":null}},"16":{"start":{"line":92,"column":4},"end":{"line":92,"column":null}},"17":{"start":{"line":96,"column":2},"end":{"line":98,"column":null}},"18":{"start":{"line":97,"column":4},"end":{"line":97,"column":null}},"19":{"start":{"line":101,"column":2},"end":{"line":101,"column":null}},"20":{"start":{"line":111,"column":2},"end":{"line":120,"column":null}},"21":{"start":{"line":113,"column":6},"end":{"line":113,"column":null}},"22":{"start":{"line":115,"column":6},"end":{"line":115,"column":null}},"23":{"start":{"line":117,"column":6},"end":{"line":117,"column":null}},"24":{"start":{"line":119,"column":6},"end":{"line":119,"column":null}},"25":{"start":{"line":127,"column":2},"end":{"line":138,"column":null}},"26":{"start":{"line":128,"column":4},"end":{"line":137,"column":null}},"27":{"start":{"line":130,"column":8},"end":{"line":130,"column":null}},"28":{"start":{"line":132,"column":8},"end":{"line":132,"column":null}},"29":{"start":{"line":134,"column":8},"end":{"line":134,"column":null}},"30":{"start":{"line":136,"column":8},"end":{"line":136,"column":null}},"31":{"start":{"line":141,"column":2},"end":{"line":150,"column":null}},"32":{"start":{"line":143,"column":6},"end":{"line":143,"column":null}},"33":{"start":{"line":145,"column":6},"end":{"line":145,"column":null}},"34":{"start":{"line":147,"column":6},"end":{"line":147,"column":null}},"35":{"start":{"line":149,"column":6},"end":{"line":149,"column":null}},"36":{"start":{"line":157,"column":2},"end":{"line":166,"column":null}},"37":{"start":{"line":159,"column":6},"end":{"line":159,"column":null}},"38":{"start":{"line":161,"column":6},"end":{"line":161,"column":null}},"39":{"start":{"line":163,"column":6},"end":{"line":163,"column":null}},"40":{"start":{"line":165,"column":6},"end":{"line":165,"column":null}},"41":{"start":{"line":173,"column":2},"end":{"line":182,"column":null}},"42":{"start":{"line":175,"column":6},"end":{"line":175,"column":null}},"43":{"start":{"line":177,"column":6},"end":{"line":177,"column":null}},"44":{"start":{"line":179,"column":6},"end":{"line":179,"column":null}},"45":{"start":{"line":181,"column":6},"end":{"line":181,"column":null}}},"fnMap":{"0":{"name":"cardinalToDegrees","decl":{"start":{"line":14,"column":16},"end":{"line":14,"column":34}},"loc":{"start":{"line":14,"column":61},"end":{"line":35,"column":null}},"line":14},"1":{"name":"getAngularDifference","decl":{"start":{"line":41,"column":16},"end":{"line":41,"column":37}},"loc":{"start":{"line":41,"column":81},"end":{"line":50,"column":null}},"line":41},"2":{"name":"getWindFavorability","decl":{"start":{"line":65,"column":16},"end":{"line":65,"column":null}},"loc":{"start":{"line":69,"column":20},"end":{"line":102,"column":null}},"line":69},"3":{"name":"getWindScoreMultiplier","decl":{"start":{"line":110,"column":16},"end":{"line":110,"column":39}},"loc":{"start":{"line":110,"column":79},"end":{"line":121,"column":null}},"line":110},"4":{"name":"getWindFavorabilityLabel","decl":{"start":{"line":126,"column":16},"end":{"line":126,"column":41}},"loc":{"start":{"line":126,"column":104},"end":{"line":151,"column":null}},"line":126},"5":{"name":"getWindFavorabilityEmoji","decl":{"start":{"line":156,"column":16},"end":{"line":156,"column":41}},"loc":{"start":{"line":156,"column":81},"end":{"line":167,"column":null}},"line":156},"6":{"name":"getWindFavorabilityColor","decl":{"start":{"line":172,"column":16},"end":{"line":172,"column":41}},"loc":{"start":{"line":172,"column":81},"end":{"line":183,"column":null}},"line":172}},"branchMap":{"0":{"loc":{"start":{"line":34,"column":9},"end":{"line":34,"column":null}},"type":"binary-expr","locations":[{"start":{"line":34,"column":9},"end":{"line":34,"column":48}},{"start":{"line":34,"column":48},"end":{"line":34,"column":null}}],"line":34},"1":{"loc":{"start":{"line":45,"column":2},"end":{"line":47,"column":null}},"type":"if","locations":[{"start":{"line":45,"column":2},"end":{"line":47,"column":null}},{"start":{},"end":{}}],"line":45},"2":{"loc":{"start":{"line":71,"column":2},"end":{"line":73,"column":null}},"type":"if","locations":[{"start":{"line":71,"column":2},"end":{"line":73,"column":null}},{"start":{},"end":{}}],"line":71},"3":{"loc":{"start":{"line":71,"column":6},"end":{"line":71,"column":42}},"type":"binary-expr","locations":[{"start":{"line":71,"column":6},"end":{"line":71,"column":24}},{"start":{"line":71,"column":24},"end":{"line":71,"column":42}}],"line":71},"4":{"loc":{"start":{"line":76,"column":2},"end":{"line":78,"column":null}},"type":"if","locations":[{"start":{"line":76,"column":2},"end":{"line":78,"column":null}},{"start":{},"end":{}}],"line":76},"5":{"loc":{"start":{"line":76,"column":6},"end":{"line":76,"column":48}},"type":"binary-expr","locations":[{"start":{"line":76,"column":6},"end":{"line":76,"column":33}},{"start":{"line":76,"column":33},"end":{"line":76,"column":48}}],"line":76},"6":{"loc":{"start":{"line":81,"column":2},"end":{"line":83,"column":null}},"type":"if","locations":[{"start":{"line":81,"column":2},"end":{"line":83,"column":null}},{"start":{},"end":{}}],"line":81},"7":{"loc":{"start":{"line":81,"column":6},"end":{"line":81,"column":49}},"type":"binary-expr","locations":[{"start":{"line":81,"column":6},"end":{"line":81,"column":33}},{"start":{"line":81,"column":33},"end":{"line":81,"column":49}}],"line":81},"8":{"loc":{"start":{"line":91,"column":2},"end":{"line":93,"column":null}},"type":"if","locations":[{"start":{"line":91,"column":2},"end":{"line":93,"column":null}},{"start":{},"end":{}}],"line":91},"9":{"loc":{"start":{"line":96,"column":2},"end":{"line":98,"column":null}},"type":"if","locations":[{"start":{"line":96,"column":2},"end":{"line":98,"column":null}},{"start":{},"end":{}}],"line":96},"10":{"loc":{"start":{"line":111,"column":2},"end":{"line":120,"column":null}},"type":"switch","locations":[{"start":{"line":112,"column":4},"end":{"line":113,"column":null}},{"start":{"line":114,"column":4},"end":{"line":115,"column":null}},{"start":{"line":116,"column":4},"end":{"line":117,"column":null}},{"start":{"line":118,"column":4},"end":{"line":119,"column":null}}],"line":111},"11":{"loc":{"start":{"line":126,"column":73},"end":{"line":126,"column":104}},"type":"default-arg","locations":[{"start":{"line":126,"column":90},"end":{"line":126,"column":104}}],"line":126},"12":{"loc":{"start":{"line":127,"column":2},"end":{"line":138,"column":null}},"type":"if","locations":[{"start":{"line":127,"column":2},"end":{"line":138,"column":null}},{"start":{},"end":{}}],"line":127},"13":{"loc":{"start":{"line":128,"column":4},"end":{"line":137,"column":null}},"type":"switch","locations":[{"start":{"line":129,"column":6},"end":{"line":130,"column":null}},{"start":{"line":131,"column":6},"end":{"line":132,"column":null}},{"start":{"line":133,"column":6},"end":{"line":134,"column":null}},{"start":{"line":135,"column":6},"end":{"line":136,"column":null}}],"line":128},"14":{"loc":{"start":{"line":141,"column":2},"end":{"line":150,"column":null}},"type":"switch","locations":[{"start":{"line":142,"column":4},"end":{"line":143,"column":null}},{"start":{"line":144,"column":4},"end":{"line":145,"column":null}},{"start":{"line":146,"column":4},"end":{"line":147,"column":null}},{"start":{"line":148,"column":4},"end":{"line":149,"column":null}}],"line":141},"15":{"loc":{"start":{"line":157,"column":2},"end":{"line":166,"column":null}},"type":"switch","locations":[{"start":{"line":158,"column":4},"end":{"line":159,"column":null}},{"start":{"line":160,"column":4},"end":{"line":161,"column":null}},{"start":{"line":162,"column":4},"end":{"line":163,"column":null}},{"start":{"line":164,"column":4},"end":{"line":165,"column":null}}],"line":157},"16":{"loc":{"start":{"line":173,"column":2},"end":{"line":182,"column":null}},"type":"switch","locations":[{"start":{"line":174,"column":4},"end":{"line":175,"column":null}},{"start":{"line":176,"column":4},"end":{"line":177,"column":null}},{"start":{"line":178,"column":4},"end":{"line":179,"column":null}},{"start":{"line":180,"column":4},"end":{"line":181,"column":null}}],"line":173}},"s":{"0":0,"1":0,"2":0,"3":0,"4":0,"5":0,"6":0,"7":0,"8":0,"9":0,"10":0,"11":0,"12":0,"13":0,"14":0,"15":0,"16":0,"17":0,"18":0,"19":0,"20":0,"21":0,"22":0,"23":0,"24":0,"25":0,"26":0,"27":0,"28":0,"29":0,"30":0,"31":0,"32":0,"33":0,"34":0,"35":0,"36":0,"37":0,"38":0,"39":0,"40":0,"41":0,"42":0,"43":0,"44":0,"45":0},"f":{"0":0,"1":0,"2":0,"3":0,"4":0,"5":0,"6":0},"b":{"0":[0,0],"1":[0,0],"2":[0,0],"3":[0,0],"4":[0,0],"5":[0,0],"6":[0,0],"7":[0,0],"8":[0,0],"9":[0,0],"10":[0,0,0,0],"11":[0],"12":[0,0],"13":[0,0,0,0],"14":[0,0,0,0],"15":[0,0,0,0],"16":[0,0,0,0]},"meta":{"lastBranch":17,"lastFunction":7,"lastStatement":46,"seen":{"f:14:16:14:34":0,"s:15:45:32:Infinity":0,"s:34:2:34:Infinity":1,"b:34:9:34:48:34:48:34:Infinity":0,"f:41:16:41:37":1,"s:42:13:42:Infinity":2,"b:45:2:47:Infinity:undefined:undefined:undefined:undefined":1,"s:45:2:47:Infinity":3,"s:46:4:46:Infinity":4,"s:49:2:49:Infinity":5,"f:65:16:65:Infinity":2,"b:71:2:73:Infinity:undefined:undefined:undefined:undefined":2,"s:71:2:73:Infinity":6,"b:71:6:71:24:71:24:71:42":3,"s:72:4:72:Infinity":7,"b:76:2:78:Infinity:undefined:undefined:undefined:undefined":4,"s:76:2:78:Infinity":8,"b:76:6:76:33:76:33:76:48":5,"s:77:4:77:Infinity":9,"b:81:2:83:Infinity:undefined:undefined:undefined:undefined":6,"s:81:2:83:Infinity":10,"b:81:6:81:33:81:33:81:49":7,"s:82:4:82:Infinity":11,"s:85:18:85:Infinity":12,"s:86:18:86:Infinity":13,"s:88:22:88:Infinity":14,"b:91:2:93:Infinity:undefined:undefined:undefined:undefined":8,"s:91:2:93:Infinity":15,"s:92:4:92:Infinity":16,"b:96:2:98:Infinity:undefined:undefined:undefined:undefined":9,"s:96:2:98:Infinity":17,"s:97:4:97:Infinity":18,"s:101:2:101:Infinity":19,"f:110:16:110:39":3,"b:112:4:113:Infinity:114:4:115:Infinity:116:4:117:Infinity:118:4:119:Infinity":10,"s:111:2:120:Infinity":20,"s:113:6:113:Infinity":21,"s:115:6:115:Infinity":22,"s:117:6:117:Infinity":23,"s:119:6:119:Infinity":24,"f:126:16:126:41":4,"b:126:90:126:104":11,"b:127:2:138:Infinity:undefined:undefined:undefined:undefined":12,"s:127:2:138:Infinity":25,"b:129:6:130:Infinity:131:6:132:Infinity:133:6:134:Infinity:135:6:136:Infinity":13,"s:128:4:137:Infinity":26,"s:130:8:130:Infinity":27,"s:132:8:132:Infinity":28,"s:134:8:134:Infinity":29,"s:136:8:136:Infinity":30,"b:142:4:143:Infinity:144:4:145:Infinity:146:4:147:Infinity:148:4:149:Infinity":14,"s:141:2:150:Infinity":31,"s:143:6:143:Infinity":32,"s:145:6:145:Infinity":33,"s:147:6:147:Infinity":34,"s:149:6:149:Infinity":35,"f:156:16:156:41":5,"b:158:4:159:Infinity:160:4:161:Infinity:162:4:163:Infinity:164:4:165:Infinity":15,"s:157:2:166:Infinity":36,"s:159:6:159:Infinity":37,"s:161:6:161:Infinity":38,"s:163:6:163:Infinity":39,"s:165:6:165:Infinity":40,"f:172:16:172:41":6,"b:174:4:175:Infinity:176:4:177:Infinity:178:4:179:Infinity:180:4:181:Infinity":16,"s:173:2:182:Infinity":41,"s:175:6:175:Infinity":42,"s:177:6:177:Infinity":43,"s:179:6:179:Infinity":44,"s:181:6:181:Infinity":45}}}
}
