TN:
SF:src/App.tsx
FN:26,(anonymous_0)
FN:43,(anonymous_1)
FN:49,(anonymous_2)
FN:55,(anonymous_3)
FN:61,(anonymous_4)
FN:67,(anonymous_5)
FN:73,(anonymous_6)
FN:98,(anonymous_7)
FNF:8
FNH:0
FNDA:0,(anonymous_0)
FNDA:0,(anonymous_1)
FNDA:0,(anonymous_2)
FNDA:0,(anonymous_3)
FNDA:0,(anonymous_4)
FNDA:0,(anonymous_5)
FNDA:0,(anonymous_6)
FNDA:0,(anonymous_7)
DA:14,0
DA:26,0
DA:27,0
DA:38,0
DA:42,0
DA:43,0
DA:48,0
DA:49,0
DA:54,0
DA:55,0
DA:60,0
DA:61,0
DA:66,0
DA:67,0
DA:72,0
DA:73,0
DA:79,0
DA:88,0
DA:98,0
DA:99,0
LF:20
LH:0
BRF:0
BRH:0
end_of_record
TN:
SF:src/schemas.ts
FN:182,(anonymous_0)
FNF:1
FNH:0
FNDA:0,(anonymous_0)
DA:12,0
DA:36,0
DA:64,0
DA:78,0
DA:99,0
DA:120,0
DA:145,0
DA:152,0
DA:159,0
DA:182,0
DA:183,0
DA:193,0
DA:197,0
DA:205,0
DA:216,0
DA:226,0
DA:239,0
DA:243,0
DA:253,0
DA:264,0
DA:274,0
DA:289,0
DA:297,0
DA:308,0
DA:315,0
LF:25
LH:0
BRF:0
BRH:0
end_of_record
TN:
SF:src/test-zod.ts
FNF:0
FNH:0
DA:9,0
DA:25,0
DA:41,0
DA:43,0
DA:44,0
DA:45,0
DA:46,0
DA:48,0
DA:51,0
DA:52,0
DA:53,0
DA:54,0
DA:56,0
DA:59,0
DA:60,0
DA:63,0
DA:64,0
DA:65,0
DA:67,0
LF:19
LH:0
BRDA:45,0,0,0
BRDA:45,0,1,0
BRDA:53,1,0,0
BRDA:53,1,1,0
BRDA:63,2,0,0
BRDA:63,2,1,0
BRF:6
BRH:0
end_of_record
TN:
SF:src/components/ErrorBoundary.tsx
FN:15,(anonymous_0)
FN:24,(anonymous_1)
FN:28,(anonymous_2)
FN:36,(anonymous_3)
FN:44,(anonymous_4)
FN:84,(anonymous_5)
FNF:6
FNH:0
FNDA:0,(anonymous_0)
FNDA:0,(anonymous_1)
FNDA:0,(anonymous_2)
FNDA:0,(anonymous_3)
FNDA:0,(anonymous_4)
FNDA:0,(anonymous_5)
DA:16,0
DA:17,0
DA:25,0
DA:29,0
DA:30,0
DA:36,0
DA:37,0
DA:45,0
DA:46,0
DA:47,0
DA:50,0
DA:84,0
DA:95,0
LF:13
LH:0
BRDA:45,0,0,0
BRDA:45,0,1,0
BRDA:46,1,0,0
BRDA:46,1,1,0
BRDA:58,2,0,0
BRDA:58,2,1,0
BRDA:65,3,0,0
BRDA:65,3,1,0
BRF:8
BRH:0
end_of_record
TN:
SF:src/components/FilterBar.tsx
FN:12,FilterBar
FN:37,(anonymous_1)
FN:42,(anonymous_2)
FN:54,(anonymous_3)
FN:61,(anonymous_4)
FN:71,(anonymous_5)
FNF:6
FNH:0
FNDA:0,FilterBar
FNDA:0,(anonymous_1)
FNDA:0,(anonymous_2)
FNDA:0,(anonymous_3)
FNDA:0,(anonymous_4)
FNDA:0,(anonymous_5)
DA:13,0
DA:14,0
DA:16,0
DA:37,0
DA:43,0
DA:54,0
DA:61,0
DA:71,0
LF:8
LH:0
BRDA:13,0,0,0
BRDA:36,1,0,0
BRDA:36,1,1,0
BRDA:37,2,0,0
BRDA:37,2,1,0
BRDA:53,3,0,0
BRDA:53,3,1,0
BRDA:54,4,0,0
BRDA:54,4,1,0
BRDA:60,5,0,0
BRDA:60,5,1,0
BRDA:61,6,0,0
BRDA:61,6,1,0
BRDA:63,7,0,0
BRDA:63,7,1,0
BRDA:63,7,2,0
BRDA:63,7,3,0
BRDA:69,8,0,0
BRDA:69,8,1,0
BRDA:71,9,0,0
BRDA:71,9,1,0
BRDA:74,10,0,0
BRDA:74,10,1,0
BRDA:79,11,0,0
BRDA:79,11,1,0
BRF:25
BRH:0
end_of_record
TN:
SF:src/components/Header.tsx
FN:7,Header
FNF:1
FNH:0
FNDA:0,Header
DA:8,0
LF:1
LH:0
BRDA:7,0,0,0
BRF:1
BRH:0
end_of_record
TN:
SF:src/components/LoadingSkeleton.tsx
FN:7,LoadingSkeleton
FN:8,(anonymous_1)
FN:54,(anonymous_2)
FNF:3
FNH:0
FNDA:0,LoadingSkeleton
FNDA:0,(anonymous_1)
FNDA:0,(anonymous_2)
DA:8,0
DA:9,0
DA:11,0
DA:20,0
DA:28,0
DA:39,0
DA:48,0
DA:52,0
DA:55,0
LF:9
LH:0
BRDA:7,0,0,0
BRDA:7,1,0,0
BRDA:9,2,0,0
BRDA:9,2,1,0
BRDA:9,2,2,0
BRDA:9,2,3,0
BRDA:9,2,4,0
BRDA:21,3,0,0
BRDA:21,3,1,0
BRF:9
BRH:0
end_of_record
TN:
SF:src/components/SiteCard.tsx
FN:12,(anonymous_0)
FN:20,(anonymous_1)
FN:108,(anonymous_2)
FN:115,(anonymous_3)
FN:122,(anonymous_4)
FNF:5
FNH:0
FNDA:0,(anonymous_0)
FNDA:0,(anonymous_1)
FNDA:0,(anonymous_2)
FNDA:0,(anonymous_3)
FNDA:0,(anonymous_4)
DA:12,0
DA:20,0
DA:21,0
DA:23,0
DA:25,0
DA:28,0
DA:35,0
DA:37,0
DA:108,0
DA:115,0
DA:122,0
LF:11
LH:0
BRDA:14,0,0,0
BRDA:21,1,0,0
BRDA:21,1,1,0
BRDA:21,1,2,0
BRDA:21,1,3,0
BRDA:43,2,0,0
BRDA:43,2,1,0
BRDA:57,3,0,0
BRDA:57,3,1,0
BRDA:57,3,2,0
BRDA:63,4,0,0
BRDA:63,4,1,0
BRDA:70,5,0,0
BRDA:70,5,1,0
BRDA:80,6,0,0
BRDA:80,6,1,0
BRDA:91,7,0,0
BRDA:91,7,1,0
BRDA:96,8,0,0
BRDA:96,8,1,0
BRDA:98,9,0,0
BRDA:98,9,1,0
BRF:22
BRH:0
end_of_record
TN:
SF:src/components/SiteSelector.tsx
FN:17,groupSitesByBaseName
FN:41,SiteSelector
FN:46,(anonymous_2)
FN:84,(anonymous_3)
FN:104,(anonymous_4)
FN:105,(anonymous_5)
FNF:6
FNH:0
FNDA:0,groupSitesByBaseName
FNDA:0,SiteSelector
FNDA:0,(anonymous_2)
FNDA:0,(anonymous_3)
FNDA:0,(anonymous_4)
FNDA:0,(anonymous_5)
DA:18,0
DA:20,0
DA:23,0
DA:24,0
DA:27,0
DA:28,0
DA:30,0
DA:32,0
DA:33,0
DA:35,0
DA:38,0
DA:42,0
DA:43,0
DA:46,0
DA:47,0
DA:54,0
DA:55,0
DA:66,0
DA:67,0
DA:79,0
DA:81,0
DA:86,0
DA:87,0
DA:88,0
DA:90,0
DA:104,0
DA:105,0
DA:118,0
LF:28
LH:0
BRDA:30,0,0,0
BRDA:30,0,1,0
BRDA:32,1,0,0
BRDA:32,1,1,0
BRDA:54,2,0,0
BRDA:54,2,1,0
BRDA:66,3,0,0
BRDA:66,3,1,0
BRDA:66,4,0,0
BRDA:66,4,1,0
BRDA:86,5,0,0
BRDA:86,5,1,0
BRDA:99,6,0,0
BRDA:99,6,1,0
BRDA:107,7,0,0
BRDA:107,7,1,0
BRDA:110,8,0,0
BRDA:110,8,1,0
BRDA:111,9,0,0
BRDA:111,9,1,0
BRF:20
BRH:0
end_of_record
TN:
SF:src/components/StatsPanel.tsx
FN:3,StatsPanel
FN:24,(anonymous_1)
FNF:2
FNH:0
FNDA:0,StatsPanel
FNDA:0,(anonymous_1)
DA:4,0
DA:6,0
DA:7,0
DA:15,0
DA:16,0
DA:24,0
DA:25,0
DA:26,0
DA:27,0
DA:30,0
DA:34,0
DA:38,0
LF:12
LH:0
BRDA:6,0,0,0
BRDA:6,0,1,0
BRDA:15,1,0,0
BRDA:15,1,1,0
BRDA:15,2,0,0
BRDA:15,2,1,0
BRDA:27,3,0,0
BRDA:27,3,1,0
BRDA:30,4,0,0
BRDA:30,4,1,0
BRDA:34,5,0,0
BRDA:34,5,1,0
BRDA:96,6,0,0
BRDA:96,6,1,0
BRDA:105,7,0,0
BRDA:105,7,1,0
BRF:16
BRH:0
end_of_record
TN:
SF:src/components/WeatherSourceCard.tsx
FN:24,(anonymous_0)
FN:40,(anonymous_1)
FN:67,(anonymous_2)
FN:79,(anonymous_3)
FN:81,(anonymous_4)
FN:85,(anonymous_5)
FN:102,(anonymous_6)
FN:122,(anonymous_7)
FN:153,(anonymous_8)
FN:158,(anonymous_9)
FN:248,(anonymous_10)
FN:263,(anonymous_11)
FN:275,(anonymous_12)
FN:397,(anonymous_13)
FNF:14
FNH:0
FNDA:0,(anonymous_0)
FNDA:0,(anonymous_1)
FNDA:0,(anonymous_2)
FNDA:0,(anonymous_3)
FNDA:0,(anonymous_4)
FNDA:0,(anonymous_5)
FNDA:0,(anonymous_6)
FNDA:0,(anonymous_7)
FNDA:0,(anonymous_8)
FNDA:0,(anonymous_9)
FNDA:0,(anonymous_10)
FNDA:0,(anonymous_11)
FNDA:0,(anonymous_12)
FNDA:0,(anonymous_13)
DA:24,0
DA:29,0
DA:30,0
DA:32,0
DA:33,0
DA:34,0
DA:35,0
DA:36,0
DA:37,0
DA:40,0
DA:41,0
DA:48,0
DA:55,0
DA:67,0
DA:68,0
DA:70,0
DA:72,0
DA:74,0
DA:79,0
DA:80,0
DA:81,0
DA:85,0
DA:86,0
DA:87,0
DA:88,0
DA:91,0
DA:92,0
DA:97,0
DA:102,0
DA:103,0
DA:104,0
DA:105,0
DA:108,0
DA:109,0
DA:113,0
DA:114,0
DA:115,0
DA:117,0
DA:122,0
DA:123,0
DA:124,0
DA:126,0
DA:128,0
DA:134,0
DA:135,0
DA:140,0
DA:146,0
DA:151,0
DA:153,0
DA:158,0
DA:159,0
DA:160,0
DA:161,0
DA:162,0
DA:163,0
DA:165,0
DA:166,0
DA:167,0
DA:168,0
DA:171,0
DA:248,0
DA:264,0
DA:265,0
DA:275,0
DA:397,0
LF:65
LH:0
BRDA:68,0,0,0
BRDA:68,0,1,0
BRDA:68,0,2,0
BRDA:86,1,0,0
BRDA:86,1,1,0
BRDA:86,2,0,0
BRDA:86,2,1,0
BRDA:97,3,0,0
BRDA:97,3,1,0
BRDA:103,4,0,0
BRDA:103,4,1,0
BRDA:117,5,0,0
BRDA:117,5,1,0
BRDA:134,6,0,0
BRDA:134,6,1,0
BRDA:142,7,0,0
BRDA:142,7,1,0
BRDA:148,8,0,0
BRDA:148,8,1,0
BRDA:159,9,0,0
BRDA:159,9,1,0
BRDA:165,10,0,0
BRDA:165,10,1,0
BRDA:166,11,0,0
BRDA:166,11,1,0
BRDA:167,12,0,0
BRDA:167,12,1,0
BRDA:174,13,0,0
BRDA:174,13,1,0
BRDA:179,14,0,0
BRDA:179,14,1,0
BRDA:182,15,0,0
BRDA:182,15,1,0
BRDA:183,16,0,0
BRDA:183,16,1,0
BRDA:211,17,0,0
BRDA:211,17,1,0
BRDA:222,18,0,0
BRDA:222,18,1,0
BRDA:226,19,0,0
BRDA:226,19,1,0
BRDA:233,20,0,0
BRDA:233,20,1,0
BRDA:238,21,0,0
BRDA:238,21,1,0
BRDA:250,22,0,0
BRDA:250,22,1,0
BRDA:252,23,0,0
BRDA:252,23,1,0
BRDA:278,24,0,0
BRDA:278,24,1,0
BRDA:282,25,0,0
BRDA:282,25,1,0
BRDA:305,26,0,0
BRDA:305,26,1,0
BRDA:306,27,0,0
BRDA:306,27,1,0
BRDA:321,28,0,0
BRDA:321,28,1,0
BRDA:338,29,0,0
BRDA:338,29,1,0
BRDA:343,30,0,0
BRDA:343,30,1,0
BRDA:346,31,0,0
BRDA:346,31,1,0
BRDA:361,32,0,0
BRDA:361,32,1,0
BRDA:364,33,0,0
BRDA:364,33,1,0
BRDA:366,34,0,0
BRDA:366,34,1,0
BRDA:378,35,0,0
BRDA:378,35,1,0
BRDA:382,36,0,0
BRDA:382,36,1,0
BRDA:395,37,0,0
BRDA:395,37,1,0
BRDA:395,37,2,0
BRF:78
BRH:0
end_of_record
TN:
SF:src/components/WindIndicator.tsx
FN:24,WindIndicator
FN:74,WindIndicatorCompact
FNF:2
FNH:0
FNDA:0,WindIndicator
FNDA:0,WindIndicatorCompact
DA:32,0
DA:33,0
DA:34,0
DA:35,0
DA:38,0
DA:45,0
DA:46,0
DA:54,0
DA:80,0
DA:81,0
DA:82,0
DA:84,0
DA:88,0
LF:13
LH:0
BRDA:28,0,0,0
BRDA:29,1,0,0
BRDA:30,2,0,0
BRDA:45,3,0,0
BRDA:45,3,1,0
BRDA:45,4,0,0
BRDA:45,4,1,0
BRDA:49,5,0,0
BRDA:49,5,1,0
BRDA:57,6,0,0
BRDA:57,6,1,0
BRDA:60,7,0,0
BRDA:60,7,1,0
BRDA:60,7,2,0
BRDA:78,8,0,0
BRDA:84,9,0,0
BRDA:84,9,1,0
BRDA:84,10,0,0
BRDA:84,10,1,0
BRF:19
BRH:0
end_of_record
TN:
SF:src/components/complex/EmagramWidget.tsx
FN:15,(anonymous_0)
FN:24,(anonymous_1)
FN:33,EmagramWidget
FN:40,(anonymous_3)
FN:261,(anonymous_4)
FN:271,(anonymous_5)
FN:284,(anonymous_6)
FN:285,(anonymous_7)
FN:336,getTimeAgo
FN:350,translateCategory
FNF:10
FNH:0
FNDA:0,(anonymous_0)
FNDA:0,(anonymous_1)
FNDA:0,EmagramWidget
FNDA:0,(anonymous_3)
FNDA:0,(anonymous_4)
FNDA:0,(anonymous_5)
FNDA:0,(anonymous_6)
FNDA:0,(anonymous_7)
FNDA:0,getTimeAgo
FNDA:0,translateCategory
DA:15,0
DA:16,0
DA:17,0
DA:18,0
DA:19,0
DA:20,0
DA:21,0
DA:24,0
DA:25,0
DA:26,0
DA:27,0
DA:28,0
DA:29,0
DA:30,0
DA:34,0
DA:36,0
DA:37,0
DA:40,0
DA:41,0
DA:43,0
DA:44,0
DA:45,0
DA:50,0
DA:52,0
DA:54,0
DA:58,0
DA:59,0
DA:67,0
DA:68,0
DA:101,0
DA:102,0
DA:103,0
DA:104,0
DA:107,0
DA:108,0
DA:110,0
DA:262,0
DA:272,0
DA:273,0
DA:274,0
DA:275,0
DA:277,0
DA:278,0
DA:285,0
DA:286,0
DA:287,0
DA:313,0
DA:337,0
DA:338,0
DA:339,0
DA:340,0
DA:342,0
DA:343,0
DA:345,0
DA:346,0
DA:351,0
DA:358,0
LF:57
LH:0
BRDA:16,0,0,0
BRDA:16,0,1,0
BRDA:18,1,0,0
BRDA:18,1,1,0
BRDA:19,2,0,0
BRDA:19,2,1,0
BRDA:20,3,0,0
BRDA:20,3,1,0
BRDA:25,4,0,0
BRDA:25,4,1,0
BRDA:27,5,0,0
BRDA:27,5,1,0
BRDA:28,6,0,0
BRDA:28,6,1,0
BRDA:29,7,0,0
BRDA:29,7,1,0
BRDA:41,8,0,0
BRDA:41,8,1,0
BRDA:41,9,0,0
BRDA:41,9,1,0
BRDA:41,9,2,0
BRDA:58,10,0,0
BRDA:58,10,1,0
BRDA:67,11,0,0
BRDA:67,11,1,0
BRDA:67,12,0,0
BRDA:67,12,1,0
BRDA:74,13,0,0
BRDA:74,13,1,0
BRDA:74,13,2,0
BRDA:78,14,0,0
BRDA:78,14,1,0
BRDA:84,15,0,0
BRDA:84,15,1,0
BRDA:84,16,0,0
BRDA:84,16,1,0
BRDA:88,17,0,0
BRDA:88,17,1,0
BRDA:88,17,2,0
BRDA:94,18,0,0
BRDA:94,18,1,0
BRDA:101,19,0,0
BRDA:101,19,1,0
BRDA:123,20,0,0
BRDA:123,20,1,0
BRDA:166,21,0,0
BRDA:166,21,1,0
BRDA:178,22,0,0
BRDA:178,22,1,0
BRDA:191,23,0,0
BRDA:191,23,1,0
BRDA:204,24,0,0
BRDA:204,24,1,0
BRDA:217,25,0,0
BRDA:217,25,1,0
BRDA:233,26,0,0
BRDA:233,26,1,0
BRDA:242,27,0,0
BRDA:242,27,1,0
BRDA:254,28,0,0
BRDA:254,28,1,0
BRDA:271,29,0,0
BRDA:271,29,1,0
BRDA:275,30,0,0
BRDA:275,30,1,0
BRDA:302,31,0,0
BRDA:302,31,1,0
BRDA:320,32,0,0
BRDA:320,32,1,0
BRDA:321,33,0,0
BRDA:321,33,1,0
BRDA:324,34,0,0
BRDA:324,34,1,0
BRDA:342,35,0,0
BRDA:342,35,1,0
BRDA:343,36,0,0
BRDA:343,36,1,0
BRDA:358,37,0,0
BRDA:358,37,1,0
BRF:79
BRH:0
end_of_record
TN:
SF:src/components/complex/ExportVideoModal.tsx
FN:16,(anonymous_0)
FN:31,(anonymous_1)
FN:45,(anonymous_2)
FN:48,(anonymous_3)
FN:65,(anonymous_4)
FN:68,(anonymous_5)
FN:88,(anonymous_6)
FN:91,(anonymous_7)
FN:166,(anonymous_8)
FN:173,(anonymous_9)
FNF:10
FNH:0
FNDA:0,(anonymous_0)
FNDA:0,(anonymous_1)
FNDA:0,(anonymous_2)
FNDA:0,(anonymous_3)
FNDA:0,(anonymous_4)
FNDA:0,(anonymous_5)
FNDA:0,(anonymous_6)
FNDA:0,(anonymous_7)
FNDA:0,(anonymous_8)
FNDA:0,(anonymous_9)
DA:16,0
DA:22,0
DA:23,0
DA:24,0
DA:26,0
DA:28,0
DA:29,0
DA:31,0
DA:32,0
DA:35,0
DA:46,0
DA:48,0
DA:66,0
DA:68,0
DA:89,0
DA:91,0
DA:166,0
DA:167,0
DA:168,0
DA:169,0
DA:170,0
DA:173,0
DA:179,0
DA:185,0
DA:186,0
DA:187,0
DA:190,0
DA:192,0
DA:193,0
DA:195,0
LF:30
LH:0
BRDA:26,0,0,0
BRDA:26,0,1,0
BRDA:50,1,0,0
BRDA:50,1,1,0
BRDA:70,2,0,0
BRDA:70,2,1,0
BRDA:93,3,0,0
BRDA:93,3,1,0
BRDA:123,4,0,0
BRDA:123,4,1,0
BRDA:167,5,0,0
BRDA:167,5,1,0
BRDA:167,6,0,0
BRDA:167,6,1,0
BRDA:186,7,0,0
BRDA:186,7,1,0
BRDA:192,8,0,0
BRDA:192,8,1,0
BRF:18
BRH:0
end_of_record
TN:
SF:src/components/complex/FlightViewer3D.tsx
FN:51,(anonymous_0)
FN:62,(anonymous_1)
FN:85,(anonymous_2)
FN:143,(anonymous_3)
FN:148,(anonymous_4)
FN:198,(anonymous_5)
FN:210,(anonymous_6)
FN:221,(anonymous_7)
FN:238,(anonymous_8)
FN:245,(anonymous_9)
FN:252,(anonymous_10)
FN:288,(anonymous_11)
FN:301,(anonymous_12)
FN:309,(anonymous_13)
FN:350,(anonymous_14)
FN:391,(anonymous_15)
FN:424,(anonymous_16)
FN:464,(anonymous_17)
FN:466,(anonymous_18)
FN:471,(anonymous_19)
FN:518,(anonymous_20)
FN:531,(anonymous_21)
FN:587,(anonymous_22)
FN:627,(anonymous_23)
FN:637,(anonymous_24)
FN:640,(anonymous_25)
FN:651,(anonymous_26)
FN:660,(anonymous_27)
FN:784,(anonymous_28)
FN:793,(anonymous_29)
FN:801,(anonymous_30)
FN:817,(anonymous_31)
FN:855,(anonymous_32)
FN:861,(anonymous_33)
FN:867,(anonymous_34)
FN:874,(anonymous_35)
FN:893,(anonymous_36)
FN:923,(anonymous_37)
FN:952,(anonymous_38)
FN:967,(anonymous_39)
FN:977,(anonymous_40)
FN:984,(anonymous_41)
FN:1051,(anonymous_42)
FN:1066,(anonymous_43)
FN:1067,(anonymous_44)
FN:1072,(anonymous_45)
FN:1078,(anonymous_46)
FN:1079,(anonymous_47)
FN:1119,(anonymous_48)
FN:1175,(anonymous_49)
FN:1198,(anonymous_50)
FN:1216,(anonymous_51)
FN:1295,(anonymous_52)
FN:1340,(anonymous_53)
FN:1399,(anonymous_54)
FN:1404,(anonymous_55)
FN:1443,(anonymous_56)
FN:1467,(anonymous_57)
FN:1522,(anonymous_58)
FN:1540,(anonymous_59)
FN:1551,(anonymous_60)
FN:1568,(anonymous_61)
FN:1584,(anonymous_62)
FNF:63
FNH:0
FNDA:0,(anonymous_0)
FNDA:0,(anonymous_1)
FNDA:0,(anonymous_2)
FNDA:0,(anonymous_3)
FNDA:0,(anonymous_4)
FNDA:0,(anonymous_5)
FNDA:0,(anonymous_6)
FNDA:0,(anonymous_7)
FNDA:0,(anonymous_8)
FNDA:0,(anonymous_9)
FNDA:0,(anonymous_10)
FNDA:0,(anonymous_11)
FNDA:0,(anonymous_12)
FNDA:0,(anonymous_13)
FNDA:0,(anonymous_14)
FNDA:0,(anonymous_15)
FNDA:0,(anonymous_16)
FNDA:0,(anonymous_17)
FNDA:0,(anonymous_18)
FNDA:0,(anonymous_19)
FNDA:0,(anonymous_20)
FNDA:0,(anonymous_21)
FNDA:0,(anonymous_22)
FNDA:0,(anonymous_23)
FNDA:0,(anonymous_24)
FNDA:0,(anonymous_25)
FNDA:0,(anonymous_26)
FNDA:0,(anonymous_27)
FNDA:0,(anonymous_28)
FNDA:0,(anonymous_29)
FNDA:0,(anonymous_30)
FNDA:0,(anonymous_31)
FNDA:0,(anonymous_32)
FNDA:0,(anonymous_33)
FNDA:0,(anonymous_34)
FNDA:0,(anonymous_35)
FNDA:0,(anonymous_36)
FNDA:0,(anonymous_37)
FNDA:0,(anonymous_38)
FNDA:0,(anonymous_39)
FNDA:0,(anonymous_40)
FNDA:0,(anonymous_41)
FNDA:0,(anonymous_42)
FNDA:0,(anonymous_43)
FNDA:0,(anonymous_44)
FNDA:0,(anonymous_45)
FNDA:0,(anonymous_46)
FNDA:0,(anonymous_47)
FNDA:0,(anonymous_48)
FNDA:0,(anonymous_49)
FNDA:0,(anonymous_50)
FNDA:0,(anonymous_51)
FNDA:0,(anonymous_52)
FNDA:0,(anonymous_53)
FNDA:0,(anonymous_54)
FNDA:0,(anonymous_55)
FNDA:0,(anonymous_56)
FNDA:0,(anonymous_57)
FNDA:0,(anonymous_58)
FNDA:0,(anonymous_59)
FNDA:0,(anonymous_60)
FNDA:0,(anonymous_61)
FNDA:0,(anonymous_62)
DA:36,0
DA:51,0
DA:57,0
DA:59,0
DA:62,0
DA:85,0
DA:89,0
DA:90,0
DA:91,0
DA:92,0
DA:93,0
DA:94,0
DA:95,0
DA:96,0
DA:97,0
DA:98,0
DA:99,0
DA:100,0
DA:101,0
DA:102,0
DA:103,0
DA:104,0
DA:105,0
DA:108,0
DA:109,0
DA:110,0
DA:111,0
DA:114,0
DA:117,0
DA:118,0
DA:119,0
DA:121,0
DA:122,0
DA:123,0
DA:124,0
DA:125,0
DA:126,0
DA:127,0
DA:129,0
DA:130,0
DA:131,0
DA:132,0
DA:133,0
DA:136,0
DA:137,0
DA:138,0
DA:139,0
DA:140,0
DA:143,0
DA:144,0
DA:145,0
DA:146,0
DA:148,0
DA:149,0
DA:151,0
DA:153,0
DA:154,0
DA:155,0
DA:156,0
DA:158,0
DA:159,0
DA:162,0
DA:164,0
DA:165,0
DA:166,0
DA:167,0
DA:170,0
DA:171,0
DA:184,0
DA:186,0
DA:187,0
DA:188,0
DA:190,0
DA:191,0
DA:196,0
DA:198,0
DA:199,0
DA:200,0
DA:201,0
DA:202,0
DA:204,0
DA:205,0
DA:210,0
DA:211,0
DA:212,0
DA:215,0
DA:218,0
DA:219,0
DA:221,0
DA:222,0
DA:225,0
DA:227,0
DA:228,0
DA:231,0
DA:236,0
DA:238,0
DA:239,0
DA:240,0
DA:245,0
DA:246,0
DA:247,0
DA:248,0
DA:252,0
DA:253,0
DA:254,0
DA:256,0
DA:258,0
DA:259,0
DA:264,0
DA:265,0
DA:266,0
DA:267,0
DA:268,0
DA:269,0
DA:270,0
DA:275,0
DA:276,0
DA:279,0
DA:280,0
DA:283,0
DA:288,0
DA:289,0
DA:290,0
DA:293,0
DA:294,0
DA:297,0
DA:299,0
DA:301,0
DA:302,0
DA:309,0
DA:311,0
DA:312,0
DA:313,0
DA:314,0
DA:317,0
DA:318,0
DA:323,0
DA:327,0
DA:331,0
DA:333,0
DA:337,0
DA:339,0
DA:343,0
DA:347,0
DA:350,0
DA:361,0
DA:364,0
DA:376,0
DA:388,0
DA:391,0
DA:392,0
DA:394,0
DA:397,0
DA:400,0
DA:401,0
DA:405,0
DA:411,0
DA:413,0
DA:419,0
DA:424,0
DA:425,0
DA:429,0
DA:435,0
DA:437,0
DA:438,0
DA:439,0
DA:442,0
DA:443,0
DA:446,0
DA:447,0
DA:448,0
DA:449,0
DA:452,0
DA:464,0
DA:466,0
DA:468,0
DA:471,0
DA:473,0
DA:474,0
DA:475,0
DA:477,0
DA:478,0
DA:479,0
DA:480,0
DA:482,0
DA:483,0
DA:485,0
DA:486,0
DA:490,0
DA:492,0
DA:496,0
DA:498,0
DA:502,0
DA:505,0
DA:508,0
DA:509,0
DA:510,0
DA:511,0
DA:512,0
DA:513,0
DA:518,0
DA:519,0
DA:521,0
DA:522,0
DA:523,0
DA:525,0
DA:526,0
DA:531,0
DA:532,0
DA:538,0
DA:541,0
DA:542,0
DA:544,0
DA:547,0
DA:548,0
DA:550,0
DA:551,0
DA:553,0
DA:555,0
DA:558,0
DA:561,0
DA:562,0
DA:565,0
DA:576,0
DA:587,0
DA:588,0
DA:590,0
DA:592,0
DA:593,0
DA:594,0
DA:597,0
DA:598,0
DA:601,0
DA:602,0
DA:606,0
DA:607,0
DA:608,0
DA:613,0
DA:615,0
DA:616,0
DA:620,0
DA:622,0
DA:627,0
DA:628,0
DA:637,0
DA:638,0
DA:640,0
DA:651,0
DA:652,0
DA:654,0
DA:655,0
DA:657,0
DA:658,0
DA:660,0
DA:661,0
DA:662,0
DA:663,0
DA:664,0
DA:666,0
DA:667,0
DA:668,0
DA:672,0
DA:673,0
DA:674,0
DA:675,0
DA:677,0
DA:678,0
DA:679,0
DA:683,0
DA:684,0
DA:686,0
DA:690,0
DA:691,0
DA:692,0
DA:698,0
DA:700,0
DA:701,0
DA:702,0
DA:703,0
DA:706,0
DA:707,0
DA:713,0
DA:714,0
DA:716,0
DA:717,0
DA:718,0
DA:719,0
DA:722,0
DA:723,0
DA:725,0
DA:726,0
DA:737,0
DA:747,0
DA:750,0
DA:753,0
DA:754,0
DA:756,0
DA:761,0
DA:762,0
DA:772,0
DA:774,0
DA:777,0
DA:778,0
DA:784,0
DA:785,0
DA:786,0
DA:787,0
DA:789,0
DA:790,0
DA:793,0
DA:794,0
DA:795,0
DA:797,0
DA:801,0
DA:802,0
DA:803,0
DA:804,0
DA:805,0
DA:807,0
DA:808,0
DA:810,0
DA:811,0
DA:816,0
DA:818,0
DA:821,0
DA:822,0
DA:826,0
DA:829,0
DA:830,0
DA:833,0
DA:839,0
DA:843,0
DA:849,0
DA:850,0
DA:854,0
DA:855,0
DA:861,0
DA:862,0
DA:863,0
DA:865,0
DA:866,0
DA:867,0
DA:874,0
DA:875,0
DA:877,0
DA:878,0
DA:879,0
DA:884,0
DA:886,0
DA:887,0
DA:889,0
DA:893,0
DA:894,0
DA:895,0
DA:896,0
DA:899,0
DA:900,0
DA:901,0
DA:902,0
DA:903,0
DA:905,0
DA:908,0
DA:911,0
DA:915,0
DA:916,0
DA:918,0
DA:923,0
DA:924,0
DA:925,0
DA:928,0
DA:929,0
DA:932,0
DA:933,0
DA:936,0
DA:939,0
DA:949,0
DA:952,0
DA:954,0
DA:961,0
DA:962,0
DA:965,0
DA:967,0
DA:968,0
DA:977,0
DA:978,0
DA:979,0
DA:980,0
DA:981,0
DA:984,0
DA:985,0
DA:986,0
DA:996,0
DA:997,0
DA:1012,0
DA:1013,0
DA:1025,0
DA:1029,0
DA:1030,0
DA:1049,0
DA:1051,0
DA:1052,0
DA:1054,0
DA:1055,0
DA:1056,0
DA:1059,0
DA:1060,0
DA:1066,0
DA:1067,0
DA:1068,0
DA:1071,0
DA:1072,0
DA:1073,0
DA:1078,0
DA:1079,0
DA:1080,0
DA:1081,0
DA:1082,0
DA:1087,0
DA:1119,0
DA:1176,0
DA:1199,0
DA:1217,0
DA:1222,0
DA:1226,0
DA:1231,0
DA:1232,0
DA:1239,0
DA:1240,0
DA:1241,0
DA:1244,0
DA:1248,0
DA:1250,0
DA:1254,0
DA:1296,0
DA:1301,0
DA:1304,0
DA:1305,0
DA:1312,0
DA:1313,0
DA:1314,0
DA:1317,0
DA:1321,0
DA:1323,0
DA:1327,0
DA:1341,0
DA:1346,0
DA:1349,0
DA:1350,0
DA:1357,0
DA:1358,0
DA:1359,0
DA:1362,0
DA:1366,0
DA:1368,0
DA:1372,0
DA:1399,0
DA:1405,0
DA:1444,0
DA:1468,0
DA:1523,0
DA:1540,0
DA:1551,0
DA:1568,0
DA:1585,0
LF:464
LH:0
BRDA:36,0,0,0
BRDA:36,0,1,0
BRDA:37,1,0,0
BRDA:37,1,1,0
BRDA:53,2,0,0
BRDA:54,3,0,0
BRDA:67,4,0,0
BRDA:67,4,1,0
BRDA:72,5,0,0
BRDA:72,5,1,0
BRDA:77,6,0,0
BRDA:77,6,1,0
BRDA:87,7,0,0
BRDA:151,8,0,0
BRDA:151,8,1,0
BRDA:153,9,0,0
BRDA:153,9,1,0
BRDA:154,10,0,0
BRDA:154,10,1,0
BRDA:164,11,0,0
BRDA:164,11,1,0
BRDA:164,12,0,0
BRDA:164,12,1,0
BRDA:190,13,0,0
BRDA:190,13,1,0
BRDA:201,14,0,0
BRDA:201,14,1,0
BRDA:201,15,0,0
BRDA:201,15,1,0
BRDA:212,16,0,0
BRDA:212,16,1,0
BRDA:212,17,0,0
BRDA:212,17,1,0
BRDA:222,18,0,0
BRDA:222,18,1,0
BRDA:227,19,0,0
BRDA:227,19,1,0
BRDA:254,20,0,0
BRDA:254,20,1,0
BRDA:254,21,0,0
BRDA:254,21,1,0
BRDA:259,22,0,0
BRDA:259,22,1,0
BRDA:265,23,0,0
BRDA:265,23,1,0
BRDA:267,24,0,0
BRDA:267,24,1,0
BRDA:279,25,0,0
BRDA:279,25,1,0
BRDA:289,26,0,0
BRDA:289,26,1,0
BRDA:289,27,0,0
BRDA:289,27,1,0
BRDA:293,28,0,0
BRDA:293,28,1,0
BRDA:293,29,0,0
BRDA:293,29,1,0
BRDA:317,30,0,0
BRDA:317,30,1,0
BRDA:317,31,0,0
BRDA:317,31,1,0
BRDA:327,32,0,0
BRDA:327,32,1,0
BRDA:328,33,0,0
BRDA:328,33,1,0
BRDA:333,34,0,0
BRDA:333,34,1,0
BRDA:334,35,0,0
BRDA:334,35,1,0
BRDA:339,36,0,0
BRDA:339,36,1,0
BRDA:340,37,0,0
BRDA:340,37,1,0
BRDA:392,38,0,0
BRDA:392,38,1,0
BRDA:425,39,0,0
BRDA:425,39,1,0
BRDA:425,40,0,0
BRDA:425,40,1,0
BRDA:429,41,0,0
BRDA:429,41,1,0
BRDA:435,42,0,0
BRDA:435,42,1,0
BRDA:438,43,0,0
BRDA:438,43,1,0
BRDA:473,44,0,0
BRDA:473,44,1,0
BRDA:483,45,0,0
BRDA:483,45,1,0
BRDA:483,46,0,0
BRDA:483,46,1,0
BRDA:486,47,0,0
BRDA:486,47,1,0
BRDA:487,48,0,0
BRDA:487,48,1,0
BRDA:492,49,0,0
BRDA:492,49,1,0
BRDA:493,50,0,0
BRDA:493,50,1,0
BRDA:498,51,0,0
BRDA:498,51,1,0
BRDA:499,52,0,0
BRDA:499,52,1,0
BRDA:519,53,0,0
BRDA:519,53,1,0
BRDA:521,54,0,0
BRDA:521,54,1,0
BRDA:522,55,0,0
BRDA:522,55,1,0
BRDA:522,56,0,0
BRDA:522,56,1,0
BRDA:523,57,0,0
BRDA:523,57,1,0
BRDA:526,58,0,0
BRDA:526,58,1,0
BRDA:532,59,0,0
BRDA:532,59,1,0
BRDA:533,60,0,0
BRDA:533,60,1,0
BRDA:533,60,2,0
BRDA:533,60,3,0
BRDA:544,61,0,0
BRDA:544,61,1,0
BRDA:548,62,0,0
BRDA:548,62,1,0
BRDA:548,63,0,0
BRDA:548,63,1,0
BRDA:550,64,0,0
BRDA:550,64,1,0
BRDA:553,65,0,0
BRDA:553,65,1,0
BRDA:555,66,0,0
BRDA:555,66,1,0
BRDA:555,67,0,0
BRDA:555,67,1,0
BRDA:588,68,0,0
BRDA:588,68,1,0
BRDA:588,69,0,0
BRDA:588,69,1,0
BRDA:606,70,0,0
BRDA:606,70,1,0
BRDA:606,71,0,0
BRDA:606,71,1,0
BRDA:606,71,2,0
BRDA:628,72,0,0
BRDA:628,72,1,0
BRDA:629,73,0,0
BRDA:629,73,1,0
BRDA:629,73,2,0
BRDA:629,73,3,0
BRDA:629,73,4,0
BRDA:629,73,5,0
BRDA:652,74,0,0
BRDA:652,74,1,0
BRDA:652,75,0,0
BRDA:652,75,1,0
BRDA:661,76,0,0
BRDA:661,76,1,0
BRDA:662,77,0,0
BRDA:662,77,1,0
BRDA:683,78,0,0
BRDA:683,78,1,0
BRDA:690,79,0,0
BRDA:690,79,1,0
BRDA:698,80,0,0
BRDA:698,80,1,0
BRDA:706,81,0,0
BRDA:706,81,1,0
BRDA:714,82,0,0
BRDA:714,82,1,0
BRDA:714,83,0,0
BRDA:714,83,1,0
BRDA:722,84,0,0
BRDA:722,84,1,0
BRDA:756,85,0,0
BRDA:756,85,1,0
BRDA:757,86,0,0
BRDA:757,86,1,0
BRDA:777,87,0,0
BRDA:777,87,1,0
BRDA:777,88,0,0
BRDA:777,88,1,0
BRDA:785,89,0,0
BRDA:785,89,1,0
BRDA:794,90,0,0
BRDA:794,90,1,0
BRDA:807,91,0,0
BRDA:807,91,1,0
BRDA:810,92,0,0
BRDA:810,92,1,0
BRDA:821,93,0,0
BRDA:821,93,1,0
BRDA:839,94,0,0
BRDA:839,94,1,0
BRDA:840,95,0,0
BRDA:840,95,1,0
BRDA:849,96,0,0
BRDA:849,96,1,0
BRDA:849,97,0,0
BRDA:849,97,1,0
BRDA:854,98,0,0
BRDA:854,98,1,0
BRDA:865,99,0,0
BRDA:865,99,1,0
BRDA:875,100,0,0
BRDA:875,100,1,0
BRDA:894,101,0,0
BRDA:894,101,1,0
BRDA:924,102,0,0
BRDA:924,102,1,0
BRDA:924,103,0,0
BRDA:924,103,1,0
BRDA:961,104,0,0
BRDA:961,104,1,0
BRDA:978,105,0,0
BRDA:978,105,1,0
BRDA:978,106,0,0
BRDA:978,106,1,0
BRDA:985,107,0,0
BRDA:985,107,1,0
BRDA:996,108,0,0
BRDA:996,108,1,0
BRDA:1012,109,0,0
BRDA:1012,109,1,0
BRDA:1029,110,0,0
BRDA:1029,110,1,0
BRDA:1052,111,0,0
BRDA:1052,111,1,0
BRDA:1054,112,0,0
BRDA:1054,112,1,0
BRDA:1055,113,0,0
BRDA:1055,113,1,0
BRDA:1059,114,0,0
BRDA:1059,114,1,0
BRDA:1080,115,0,0
BRDA:1080,115,1,0
BRDA:1091,116,0,0
BRDA:1091,116,1,0
BRDA:1097,117,0,0
BRDA:1097,117,1,0
BRDA:1101,118,0,0
BRDA:1101,118,1,0
BRDA:1103,119,0,0
BRDA:1103,119,1,0
BRDA:1108,120,0,0
BRDA:1108,120,1,0
BRDA:1111,121,0,0
BRDA:1111,121,1,0
BRDA:1115,122,0,0
BRDA:1115,122,1,0
BRDA:1122,123,0,0
BRDA:1122,123,1,0
BRDA:1125,124,0,0
BRDA:1125,124,1,0
BRDA:1129,125,0,0
BRDA:1129,125,1,0
BRDA:1132,126,0,0
BRDA:1132,126,1,0
BRDA:1137,127,0,0
BRDA:1137,127,1,0
BRDA:1153,128,0,0
BRDA:1153,128,1,0
BRDA:1185,129,0,0
BRDA:1185,129,1,0
BRDA:1207,130,0,0
BRDA:1207,130,1,0
BRDA:1217,131,0,0
BRDA:1217,131,1,0
BRDA:1218,132,0,0
BRDA:1218,132,1,0
BRDA:1226,133,0,0
BRDA:1226,133,1,0
BRDA:1227,134,0,0
BRDA:1227,134,1,0
BRDA:1239,135,0,0
BRDA:1239,135,1,0
BRDA:1242,136,0,0
BRDA:1242,136,1,0
BRDA:1262,137,0,0
BRDA:1262,137,1,0
BRDA:1266,138,0,0
BRDA:1266,138,1,0
BRDA:1268,139,0,0
BRDA:1268,139,1,0
BRDA:1273,140,0,0
BRDA:1273,140,1,0
BRDA:1275,141,0,0
BRDA:1275,141,1,0
BRDA:1277,142,0,0
BRDA:1277,142,1,0
BRDA:1282,143,0,0
BRDA:1282,143,1,0
BRDA:1284,144,0,0
BRDA:1284,144,1,0
BRDA:1286,145,0,0
BRDA:1286,145,1,0
BRDA:1288,146,0,0
BRDA:1288,146,1,0
BRDA:1292,147,0,0
BRDA:1292,147,1,0
BRDA:1292,147,2,0
BRDA:1296,148,0,0
BRDA:1296,148,1,0
BRDA:1312,149,0,0
BRDA:1312,149,1,0
BRDA:1315,150,0,0
BRDA:1315,150,1,0
BRDA:1338,151,0,0
BRDA:1338,151,1,0
BRDA:1341,152,0,0
BRDA:1341,152,1,0
BRDA:1357,153,0,0
BRDA:1357,153,1,0
BRDA:1360,154,0,0
BRDA:1360,154,1,0
BRDA:1386,155,0,0
BRDA:1386,155,1,0
BRDA:1398,156,0,0
BRDA:1398,156,1,0
BRDA:1411,157,0,0
BRDA:1411,157,1,0
BRDA:1427,158,0,0
BRDA:1427,158,1,0
BRDA:1429,159,0,0
BRDA:1429,159,1,0
BRDA:1431,160,0,0
BRDA:1431,160,1,0
BRDA:1433,161,0,0
BRDA:1433,161,1,0
BRDA:1484,162,0,0
BRDA:1484,162,1,0
BRDA:1513,163,0,0
BRDA:1513,163,1,0
BRDA:1527,164,0,0
BRDA:1527,164,1,0
BRF:335
BRH:0
end_of_record
TN:
SF:src/components/forms/CreateFlightModal.tsx
FN:12,CreateFlightModal
FN:20,(anonymous_1)
FN:33,(anonymous_2)
FN:41,(anonymous_3)
FN:49,(anonymous_4)
FN:51,(anonymous_5)
FN:59,(anonymous_6)
FNF:7
FNH:0
FNDA:0,CreateFlightModal
FNDA:0,(anonymous_1)
FNDA:0,(anonymous_2)
FNDA:0,(anonymous_3)
FNDA:0,(anonymous_4)
FNDA:0,(anonymous_5)
FNDA:0,(anonymous_6)
DA:13,0
DA:14,0
DA:15,0
DA:17,0
DA:18,0
DA:20,0
DA:21,0
DA:22,0
DA:23,0
DA:24,0
DA:25,0
DA:26,0
DA:28,0
DA:29,0
DA:33,0
DA:34,0
DA:36,0
DA:37,0
DA:38,0
DA:40,0
DA:42,0
DA:43,0
DA:44,0
DA:45,0
DA:46,0
DA:47,0
DA:49,0
DA:52,0
DA:53,0
DA:54,0
DA:59,0
DA:60,0
DA:61,0
DA:62,0
DA:63,0
DA:64,0
DA:66,0
DA:70,0
LF:38
LH:0
BRDA:22,0,0,0
BRDA:22,0,1,0
BRDA:24,1,0,0
BRDA:24,1,1,0
BRDA:24,2,0,0
BRDA:24,2,1,0
BRDA:34,3,0,0
BRDA:34,3,1,0
BRDA:42,4,0,0
BRDA:42,4,1,0
BRDA:46,5,0,0
BRDA:46,5,1,0
BRDA:52,6,0,0
BRDA:52,6,1,0
BRDA:60,7,0,0
BRDA:60,7,1,0
BRDA:63,8,0,0
BRDA:63,8,1,0
BRDA:101,9,0,0
BRDA:101,9,1,0
BRDA:116,10,0,0
BRDA:116,10,1,0
BRDA:120,11,0,0
BRDA:120,11,1,0
BRDA:122,12,0,0
BRDA:122,12,1,0
BRDA:125,13,0,0
BRDA:125,13,1,0
BRDA:128,14,0,0
BRDA:128,14,1,0
BRDA:136,15,0,0
BRDA:136,15,1,0
BRDA:154,16,0,0
BRDA:154,16,1,0
BRDA:157,17,0,0
BRDA:157,17,1,0
BRF:36
BRH:0
end_of_record
TN:
SF:src/components/forms/CreateSiteModal.tsx
FN:15,(anonymous_0)
FN:38,(anonymous_1)
FN:53,(anonymous_2)
FN:69,(anonymous_3)
FN:117,(anonymous_4)
FN:126,(anonymous_5)
FN:134,(anonymous_6)
FN:179,(anonymous_7)
FN:182,(anonymous_8)
FN:216,(anonymous_9)
FN:231,(anonymous_10)
FN:245,(anonymous_11)
FN:259,(anonymous_12)
FNF:13
FNH:0
FNDA:0,(anonymous_0)
FNDA:0,(anonymous_1)
FNDA:0,(anonymous_2)
FNDA:0,(anonymous_3)
FNDA:0,(anonymous_4)
FNDA:0,(anonymous_5)
FNDA:0,(anonymous_6)
FNDA:0,(anonymous_7)
FNDA:0,(anonymous_8)
FNDA:0,(anonymous_9)
FNDA:0,(anonymous_10)
FNDA:0,(anonymous_11)
FNDA:0,(anonymous_12)
DA:15,0
DA:21,0
DA:22,0
DA:25,0
DA:26,0
DA:29,0
DA:30,0
DA:31,0
DA:32,0
DA:34,0
DA:35,0
DA:36,0
DA:38,0
DA:39,0
DA:40,0
DA:41,0
DA:44,0
DA:45,0
DA:46,0
DA:47,0
DA:48,0
DA:49,0
DA:50,0
DA:53,0
DA:54,0
DA:56,0
DA:57,0
DA:58,0
DA:59,0
DA:60,0
DA:61,0
DA:62,0
DA:64,0
DA:65,0
DA:69,0
DA:70,0
DA:71,0
DA:72,0
DA:74,0
DA:75,0
DA:76,0
DA:79,0
DA:80,0
DA:81,0
DA:84,0
DA:85,0
DA:86,0
DA:94,0
DA:95,0
DA:98,0
DA:99,0
DA:100,0
DA:101,0
DA:102,0
DA:103,0
DA:104,0
DA:106,0
DA:110,0
DA:117,0
DA:126,0
DA:134,0
DA:179,0
DA:182,0
DA:216,0
DA:231,0
DA:245,0
DA:259,0
LF:67
LH:0
BRDA:36,0,0,0
BRDA:36,0,1,0
BRDA:39,1,0,0
BRDA:39,1,1,0
BRDA:39,2,0,0
BRDA:39,2,1,0
BRDA:54,3,0,0
BRDA:54,3,1,0
BRDA:72,4,0,0
BRDA:72,4,1,0
BRDA:74,5,0,0
BRDA:74,5,1,0
BRDA:79,6,0,0
BRDA:79,6,1,0
BRDA:79,7,0,0
BRDA:79,7,1,0
BRDA:106,8,0,0
BRDA:106,8,1,0
BRDA:115,9,0,0
BRDA:115,9,1,0
BRDA:115,9,2,0
BRDA:119,10,0,0
BRDA:119,10,1,0
BRDA:128,11,0,0
BRDA:128,11,1,0
BRDA:136,12,0,0
BRDA:136,12,1,0
BRDA:144,13,0,0
BRDA:144,13,1,0
BRDA:154,14,0,0
BRDA:154,14,1,0
BRDA:169,15,0,0
BRDA:169,15,1,0
BRDA:182,16,0,0
BRDA:182,16,1,0
BRDA:189,17,0,0
BRDA:189,17,1,0
BRDA:194,18,0,0
BRDA:194,18,1,0
BRDA:203,19,0,0
BRDA:203,19,1,0
BRDA:203,19,2,0
BRDA:277,20,0,0
BRDA:277,20,1,0
BRDA:277,20,2,0
BRDA:277,20,3,0
BRDA:280,21,0,0
BRDA:280,21,1,0
BRF:48
BRH:0
end_of_record
TN:
SF:src/components/forms/EditSiteModal.tsx
FN:12,(anonymous_0)
FN:38,(anonymous_1)
FN:78,(anonymous_2)
FN:103,(anonymous_3)
FN:114,(anonymous_4)
FN:162,(anonymous_5)
FN:179,(anonymous_6)
FN:203,(anonymous_7)
FN:215,(anonymous_8)
FN:227,(anonymous_9)
FN:247,(anonymous_10)
FN:268,(anonymous_11)
FN:288,(anonymous_12)
FN:306,(anonymous_13)
FN:317,(anonymous_14)
FN:337,(anonymous_15)
FN:370,(anonymous_16)
FN:396,(anonymous_17)
FN:418,(anonymous_18)
FNF:19
FNH:0
FNDA:0,(anonymous_0)
FNDA:0,(anonymous_1)
FNDA:0,(anonymous_2)
FNDA:0,(anonymous_3)
FNDA:0,(anonymous_4)
FNDA:0,(anonymous_5)
FNDA:0,(anonymous_6)
FNDA:0,(anonymous_7)
FNDA:0,(anonymous_8)
FNDA:0,(anonymous_9)
FNDA:0,(anonymous_10)
FNDA:0,(anonymous_11)
FNDA:0,(anonymous_12)
FNDA:0,(anonymous_13)
FNDA:0,(anonymous_14)
FNDA:0,(anonymous_15)
FNDA:0,(anonymous_16)
FNDA:0,(anonymous_17)
FNDA:0,(anonymous_18)
DA:12,0
DA:18,0
DA:33,0
DA:34,0
DA:35,0
DA:38,0
DA:39,0
DA:40,0
DA:54,0
DA:55,0
DA:58,0
DA:72,0
DA:73,0
DA:75,0
DA:78,0
DA:79,0
DA:81,0
DA:82,0
DA:85,0
DA:89,0
DA:92,0
DA:96,0
DA:99,0
DA:100,0
DA:103,0
DA:104,0
DA:106,0
DA:108,0
DA:109,0
DA:112,0
DA:114,0
DA:115,0
DA:116,0
DA:121,0
DA:123,0
DA:124,0
DA:128,0
DA:129,0
DA:134,0
DA:135,0
DA:137,0
DA:138,0
DA:140,0
DA:144,0
DA:146,0
DA:163,0
DA:180,0
DA:204,0
DA:216,0
DA:228,0
DA:248,0
DA:269,0
DA:289,0
DA:307,0
DA:318,0
DA:338,0
DA:371,0
DA:397,0
DA:419,0
LF:59
LH:0
BRDA:39,0,0,0
BRDA:39,0,1,0
BRDA:42,1,0,0
BRDA:42,1,1,0
BRDA:43,2,0,0
BRDA:43,2,1,0
BRDA:44,3,0,0
BRDA:44,3,1,0
BRDA:45,4,0,0
BRDA:45,4,1,0
BRDA:46,5,0,0
BRDA:46,5,1,0
BRDA:47,6,0,0
BRDA:47,6,1,0
BRDA:48,7,0,0
BRDA:48,7,1,0
BRDA:49,8,0,0
BRDA:49,8,1,0
BRDA:50,9,0,0
BRDA:50,9,1,0
BRDA:51,10,0,0
BRDA:51,10,1,0
BRDA:52,11,0,0
BRDA:52,11,1,0
BRDA:81,12,0,0
BRDA:81,12,1,0
BRDA:81,13,0,0
BRDA:81,13,1,0
BRDA:85,14,0,0
BRDA:85,14,1,0
BRDA:86,15,0,0
BRDA:86,15,1,0
BRDA:86,15,2,0
BRDA:92,16,0,0
BRDA:92,16,1,0
BRDA:93,17,0,0
BRDA:93,17,1,0
BRDA:93,17,2,0
BRDA:106,18,0,0
BRDA:106,18,1,0
BRDA:121,19,0,0
BRDA:121,19,1,0
BRDA:123,20,0,0
BRDA:123,20,1,0
BRDA:123,21,0,0
BRDA:123,21,1,0
BRDA:123,21,2,0
BRDA:128,22,0,0
BRDA:128,22,1,0
BRDA:144,23,0,0
BRDA:144,23,1,0
BRDA:150,24,0,0
BRDA:150,24,1,0
BRDA:168,25,0,0
BRDA:168,25,1,0
BRDA:185,26,0,0
BRDA:185,26,1,0
BRDA:250,27,0,0
BRDA:250,27,1,0
BRDA:256,28,0,0
BRDA:256,28,1,0
BRDA:271,29,0,0
BRDA:271,29,1,0
BRDA:277,30,0,0
BRDA:277,30,1,0
BRDA:291,31,0,0
BRDA:291,31,1,0
BRDA:442,32,0,0
BRDA:442,32,1,0
BRF:69
BRH:0
end_of_record
TN:
SF:src/components/forms/MultiOrientationSelector.tsx
FN:23,MultiOrientationSelector
FN:35,(anonymous_1)
FN:41,(anonymous_2)
FN:42,handleClickOutside
FN:50,(anonymous_4)
FN:55,(anonymous_5)
FN:61,(anonymous_6)
FN:83,(anonymous_7)
FN:114,(anonymous_8)
FN:122,(anonymous_9)
FN:166,extractBaseName
FN:183,extractShortName
FNF:12
FNH:0
FNDA:0,MultiOrientationSelector
FNDA:0,(anonymous_1)
FNDA:0,(anonymous_2)
FNDA:0,handleClickOutside
FNDA:0,(anonymous_4)
FNDA:0,(anonymous_5)
FNDA:0,(anonymous_6)
FNDA:0,(anonymous_7)
FNDA:0,(anonymous_8)
FNDA:0,(anonymous_9)
FNDA:0,extractBaseName
FNDA:0,extractShortName
DA:31,0
DA:32,0
DA:35,0
DA:38,0
DA:41,0
DA:43,0
DA:44,0
DA:48,0
DA:49,0
DA:50,0
DA:55,0
DA:56,0
DA:57,0
DA:61,0
DA:62,0
DA:63,0
DA:64,0
DA:67,0
DA:68,0
DA:72,0
DA:73,0
DA:76,0
DA:79,0
DA:83,0
DA:115,0
DA:116,0
DA:117,0
DA:119,0
DA:122,0
DA:168,0
DA:169,0
DA:171,0
DA:173,0
DA:174,0
DA:177,0
DA:185,0
DA:186,0
LF:37
LH:0
BRDA:27,0,0,0
BRDA:28,1,0,0
BRDA:38,2,0,0
BRDA:38,2,1,0
BRDA:38,3,0,0
BRDA:38,3,1,0
BRDA:43,4,0,0
BRDA:43,4,1,0
BRDA:43,5,0,0
BRDA:43,5,1,0
BRDA:48,6,0,0
BRDA:48,6,1,0
BRDA:63,7,0,0
BRDA:63,7,1,0
BRDA:64,8,0,0
BRDA:64,8,1,0
BRDA:67,9,0,0
BRDA:67,9,1,0
BRDA:67,10,0,0
BRDA:67,10,1,0
BRDA:72,11,0,0
BRDA:72,11,1,0
BRDA:73,12,0,0
BRDA:73,12,1,0
BRDA:76,13,0,0
BRDA:76,13,1,0
BRDA:76,14,0,0
BRDA:76,14,1,0
BRDA:85,15,0,0
BRDA:85,15,1,0
BRDA:92,16,0,0
BRDA:92,16,1,0
BRDA:92,16,2,0
BRDA:96,17,0,0
BRDA:96,17,1,0
BRDA:107,18,0,0
BRDA:107,18,1,0
BRDA:124,19,0,0
BRDA:124,19,1,0
BRDA:134,20,0,0
BRDA:134,20,1,0
BRDA:135,21,0,0
BRDA:135,21,1,0
BRDA:136,22,0,0
BRDA:136,22,1,0
BRDA:138,23,0,0
BRDA:138,23,1,0
BRDA:146,24,0,0
BRDA:146,24,1,0
BRDA:149,25,0,0
BRDA:149,25,1,0
BRDA:186,26,0,0
BRDA:186,26,1,0
BRF:53
BRH:0
end_of_record
TN:
SF:src/components/forms/StravaSyncModal.tsx
FN:13,StravaSyncModal
FN:23,(anonymous_1)
FN:27,(anonymous_2)
FN:32,(anonymous_3)
FN:34,(anonymous_4)
FNF:5
FNH:0
FNDA:0,StravaSyncModal
FNDA:0,(anonymous_1)
FNDA:0,(anonymous_2)
FNDA:0,(anonymous_3)
FNDA:0,(anonymous_4)
DA:14,0
DA:15,0
DA:17,0
DA:18,0
DA:20,0
DA:21,0
DA:23,0
DA:24,0
DA:28,0
DA:31,0
DA:32,0
DA:35,0
DA:41,0
LF:13
LH:0
BRDA:29,0,0,0
BRDA:29,0,1,0
BRDA:63,1,0,0
BRDA:63,1,1,0
BRDA:68,2,0,0
BRDA:68,2,1,0
BRDA:69,3,0,0
BRDA:69,3,1,0
BRDA:85,4,0,0
BRDA:85,4,1,0
BRDA:85,4,2,0
BRDA:88,5,0,0
BRDA:88,5,1,0
BRF:13
BRH:0
end_of_record
TN:
SF:src/components/stats/AchievementsBadges.tsx
FN:27,AchievementsBadges
FN:31,(anonymous_1)
FN:146,(anonymous_2)
FN:147,(anonymous_3)
FN:155,(anonymous_4)
FN:178,(anonymous_5)
FN:201,(anonymous_6)
FNF:7
FNH:0
FNDA:0,AchievementsBadges
FNDA:0,(anonymous_1)
FNDA:0,(anonymous_2)
FNDA:0,(anonymous_3)
FNDA:0,(anonymous_4)
FNDA:0,(anonymous_5)
FNDA:0,(anonymous_6)
DA:28,0
DA:29,0
DA:31,0
DA:32,0
DA:34,0
DA:35,0
DA:36,0
DA:38,0
DA:143,0
DA:146,0
DA:147,0
DA:149,0
DA:150,0
DA:156,0
DA:164,0
DA:179,0
DA:202,0
LF:17
LH:0
BRDA:28,0,0,0
BRDA:32,1,0,0
BRDA:32,1,1,0
BRDA:34,2,0,0
BRDA:34,2,1,0
BRDA:35,3,0,0
BRDA:35,3,1,0
BRDA:36,4,0,0
BRDA:36,4,1,0
BRDA:149,5,0,0
BRDA:149,5,1,0
BRDA:149,6,0,0
BRDA:149,6,1,0
BRDA:174,7,0,0
BRDA:174,7,1,0
BRDA:197,8,0,0
BRDA:197,8,1,0
BRDA:207,9,0,0
BRDA:207,9,1,0
BRDA:224,10,0,0
BRDA:224,10,1,0
BRDA:224,10,2,0
BRF:22
BRH:0
end_of_record
TN:
SF:src/components/stats/AltitudeChart.tsx
FN:8,AltitudeChart
FN:17,(anonymous_1)
FN:21,(anonymous_2)
FN:22,(anonymous_3)
FN:23,(anonymous_4)
FN:75,(anonymous_5)
FN:76,(anonymous_6)
FN:85,(anonymous_7)
FNF:8
FNH:0
FNDA:0,AltitudeChart
FNDA:0,(anonymous_1)
FNDA:0,(anonymous_2)
FNDA:0,(anonymous_3)
FNDA:0,(anonymous_4)
FNDA:0,(anonymous_5)
FNDA:0,(anonymous_6)
FNDA:0,(anonymous_7)
DA:9,0
DA:10,0
DA:17,0
DA:18,0
DA:20,0
DA:21,0
DA:22,0
DA:23,0
DA:31,0
DA:32,0
DA:42,0
DA:43,0
DA:51,0
DA:75,0
DA:77,0
DA:78,0
DA:80,0
DA:85,0
LF:18
LH:0
BRDA:10,0,0,0
BRDA:12,1,0,0
BRDA:12,1,1,0
BRDA:13,2,0,0
BRDA:13,2,1,0
BRDA:14,3,0,0
BRDA:14,3,1,0
BRDA:18,4,0,0
BRDA:18,4,1,0
BRDA:21,5,0,0
BRDA:21,5,1,0
BRDA:27,6,0,0
BRDA:27,6,1,0
BRDA:31,7,0,0
BRDA:31,7,1,0
BRDA:42,8,0,0
BRDA:42,8,1,0
BRDA:42,9,0,0
BRDA:42,9,1,0
BRDA:75,10,0,0
BRDA:75,10,1,0
BRDA:75,11,0,0
BRDA:75,11,1,0
BRDA:75,12,0,0
BRDA:75,12,1,0
BRDA:77,13,0,0
BRDA:77,13,1,0
BRDA:77,14,0,0
BRDA:77,14,1,0
BRF:29
BRH:0
end_of_record
TN:
SF:src/components/stats/MonthlyStats.tsx
FN:17,MonthlyStats
FN:30,(anonymous_1)
FN:36,(anonymous_2)
FN:50,(anonymous_3)
FN:51,(anonymous_4)
FN:128,(anonymous_5)
FN:137,(anonymous_6)
FN:146,(anonymous_7)
FNF:8
FNH:0
FNDA:0,MonthlyStats
FNDA:0,(anonymous_1)
FNDA:0,(anonymous_2)
FNDA:0,(anonymous_3)
FNDA:0,(anonymous_4)
FNDA:0,(anonymous_5)
FNDA:0,(anonymous_6)
FNDA:0,(anonymous_7)
DA:18,0
DA:23,0
DA:30,0
DA:31,0
DA:34,0
DA:36,0
DA:37,0
DA:39,0
DA:40,0
DA:43,0
DA:44,0
DA:45,0
DA:49,0
DA:50,0
DA:51,0
DA:59,0
DA:60,0
DA:70,0
DA:71,0
DA:81,0
DA:129,0
DA:130,0
DA:131,0
DA:135,0
DA:138,0
DA:139,0
DA:141,0
DA:147,0
LF:28
LH:0
BRDA:20,0,0,0
BRDA:25,1,0,0
BRDA:25,1,1,0
BRDA:26,2,0,0
BRDA:26,2,1,0
BRDA:27,3,0,0
BRDA:27,3,1,0
BRDA:31,4,0,0
BRDA:31,4,1,0
BRDA:39,5,0,0
BRDA:39,5,1,0
BRDA:45,6,0,0
BRDA:45,6,1,0
BRDA:59,7,0,0
BRDA:59,7,1,0
BRDA:70,8,0,0
BRDA:70,8,1,0
BRDA:70,9,0,0
BRDA:70,9,1,0
BRDA:129,10,0,0
BRDA:129,10,1,0
BRDA:130,11,0,0
BRDA:130,11,1,0
BRDA:132,12,0,0
BRDA:132,12,1,0
BRDA:138,13,0,0
BRDA:138,13,1,0
BRDA:138,14,0,0
BRDA:138,14,1,0
BRDA:147,15,0,0
BRDA:147,15,1,0
BRF:31
BRH:0
end_of_record
TN:
SF:src/components/stats/ProgressChart.tsx
FN:8,ProgressChart
FN:17,(anonymous_1)
FN:21,(anonymous_2)
FN:22,(anonymous_3)
FN:24,(anonymous_4)
FN:28,(anonymous_5)
FN:35,(anonymous_6)
FN:102,(anonymous_7)
FN:111,(anonymous_8)
FN:120,(anonymous_9)
FNF:10
FNH:0
FNDA:0,ProgressChart
FNDA:0,(anonymous_1)
FNDA:0,(anonymous_2)
FNDA:0,(anonymous_3)
FNDA:0,(anonymous_4)
FNDA:0,(anonymous_5)
FNDA:0,(anonymous_6)
FNDA:0,(anonymous_7)
FNDA:0,(anonymous_8)
FNDA:0,(anonymous_9)
DA:9,0
DA:10,0
DA:17,0
DA:18,0
DA:20,0
DA:21,0
DA:22,0
DA:24,0
DA:26,0
DA:28,0
DA:31,0
DA:32,0
DA:33,0
DA:35,0
DA:37,0
DA:47,0
DA:48,0
DA:58,0
DA:59,0
DA:67,0
DA:103,0
DA:104,0
DA:105,0
DA:106,0
DA:107,0
DA:108,0
DA:109,0
DA:112,0
DA:113,0
DA:115,0
DA:121,0
DA:122,0
DA:123,0
DA:124,0
LF:34
LH:0
BRDA:10,0,0,0
BRDA:12,1,0,0
BRDA:12,1,1,0
BRDA:13,2,0,0
BRDA:13,2,1,0
BRDA:14,3,0,0
BRDA:14,3,1,0
BRDA:18,4,0,0
BRDA:18,4,1,0
BRDA:21,5,0,0
BRDA:21,5,1,0
BRDA:28,6,0,0
BRDA:28,6,1,0
BRDA:35,7,0,0
BRDA:35,7,1,0
BRDA:47,8,0,0
BRDA:47,8,1,0
BRDA:58,9,0,0
BRDA:58,9,1,0
BRDA:58,10,0,0
BRDA:58,10,1,0
BRDA:103,11,0,0
BRDA:103,11,1,0
BRDA:107,12,0,0
BRDA:107,12,1,0
BRDA:108,13,0,0
BRDA:108,13,1,0
BRDA:112,14,0,0
BRDA:112,14,1,0
BRDA:112,15,0,0
BRDA:112,15,1,0
BRDA:121,16,0,0
BRDA:121,16,1,0
BRDA:122,17,0,0
BRDA:122,17,1,0
BRDA:123,18,0,0
BRDA:123,18,1,0
BRF:37
BRH:0
end_of_record
TN:
SF:src/components/stats/RecordsDashboard.tsx
FN:14,RecordsDashboard
FN:20,(anonymous_1)
FN:45,(anonymous_2)
FN:52,(anonymous_3)
FN:59,(anonymous_4)
FN:66,(anonymous_5)
FN:78,(anonymous_6)
FNF:7
FNH:0
FNDA:0,RecordsDashboard
FNDA:0,(anonymous_1)
FNDA:0,(anonymous_2)
FNDA:0,(anonymous_3)
FNDA:0,(anonymous_4)
FNDA:0,(anonymous_5)
FNDA:0,(anonymous_6)
DA:15,0
DA:17,0
DA:18,0
DA:21,0
DA:31,0
DA:32,0
DA:40,0
DA:45,0
DA:52,0
DA:59,0
DA:66,0
DA:71,0
DA:79,0
DA:80,0
DA:82,0
LF:15
LH:0
BRDA:17,0,0,0
BRDA:17,0,1,0
BRDA:31,1,0,0
BRDA:31,1,1,0
BRDA:80,2,0,0
BRDA:80,2,1,0
BRDA:86,3,0,0
BRDA:86,3,1,0
BRDA:96,4,0,0
BRDA:96,4,1,0
BRDA:106,5,0,0
BRDA:106,5,1,0
BRF:12
BRH:0
end_of_record
TN:
SF:src/components/stats/SiteStats.tsx
FN:9,SiteStats
FN:18,(anonymous_1)
FN:24,(anonymous_2)
FN:39,(anonymous_3)
FN:43,(anonymous_4)
FN:44,(anonymous_5)
FN:58,(anonymous_6)
FN:61,(anonymous_7)
FN:101,(anonymous_8)
FN:106,(anonymous_9)
FN:110,(anonymous_10)
FN:128,(anonymous_11)
FNF:12
FNH:0
FNDA:0,SiteStats
FNDA:0,(anonymous_1)
FNDA:0,(anonymous_2)
FNDA:0,(anonymous_3)
FNDA:0,(anonymous_4)
FNDA:0,(anonymous_5)
FNDA:0,(anonymous_6)
FNDA:0,(anonymous_7)
FNDA:0,(anonymous_8)
FNDA:0,(anonymous_9)
FNDA:0,(anonymous_10)
FNDA:0,(anonymous_11)
DA:7,0
DA:10,0
DA:11,0
DA:18,0
DA:19,0
DA:22,0
DA:24,0
DA:25,0
DA:28,0
DA:30,0
DA:32,0
DA:33,0
DA:35,0
DA:39,0
DA:40,0
DA:41,0
DA:43,0
DA:44,0
DA:46,0
DA:58,0
DA:61,0
DA:66,0
DA:69,0
DA:70,0
DA:80,0
DA:81,0
DA:89,0
DA:101,0
DA:107,0
DA:110,0
DA:129,0
LF:31
LH:0
BRDA:11,0,0,0
BRDA:13,1,0,0
BRDA:13,1,1,0
BRDA:14,2,0,0
BRDA:14,2,1,0
BRDA:15,3,0,0
BRDA:15,3,1,0
BRDA:19,4,0,0
BRDA:19,4,1,0
BRDA:28,5,0,0
BRDA:28,5,1,0
BRDA:30,6,0,0
BRDA:30,6,1,0
BRDA:30,6,2,0
BRDA:32,7,0,0
BRDA:32,7,1,0
BRDA:43,8,0,0
BRDA:43,8,1,0
BRDA:44,9,0,0
BRDA:44,9,1,0
BRDA:69,10,0,0
BRDA:69,10,1,0
BRDA:80,11,0,0
BRDA:80,11,1,0
BRDA:80,12,0,0
BRDA:80,12,1,0
BRDA:101,13,0,0
BRDA:101,13,1,0
BRF:28
BRH:0
end_of_record
TN:
SF:src/components/stats/StatsDashboard.tsx
FN:4,StatsDashboard
FN:7,(anonymous_1)
FN:26,(anonymous_2)
FNF:3
FNH:0
FNDA:0,StatsDashboard
FNDA:0,(anonymous_1)
FNDA:0,(anonymous_2)
DA:5,0
DA:7,0
DA:8,0
DA:10,0
DA:23,0
DA:24,0
DA:27,0
DA:37,0
DA:38,0
DA:45,0
LF:10
LH:0
BRDA:8,0,0,0
BRDA:8,0,1,0
BRDA:11,1,0,0
BRDA:11,1,1,0
BRDA:12,2,0,0
BRDA:12,2,1,0
BRDA:13,3,0,0
BRDA:13,3,1,0
BRDA:14,4,0,0
BRDA:14,4,1,0
BRDA:15,5,0,0
BRDA:15,5,1,0
BRDA:16,6,0,0
BRDA:16,6,1,0
BRDA:17,7,0,0
BRDA:17,7,1,0
BRDA:18,8,0,0
BRDA:18,8,1,0
BRDA:19,9,0,0
BRDA:19,9,1,0
BRDA:19,9,2,0
BRDA:23,10,0,0
BRDA:23,10,1,0
BRDA:37,11,0,0
BRDA:37,11,1,0
BRDA:37,12,0,0
BRDA:37,12,1,0
BRF:27
BRH:0
end_of_record
TN:
SF:src/components/stats/TimeOfDayChart.tsx
FN:30,TimeOfDayChart
FN:43,(anonymous_1)
FN:54,(anonymous_2)
FN:75,(anonymous_3)
FN:118,(anonymous_4)
FN:154,(anonymous_5)
FN:160,(anonymous_6)
FN:172,(anonymous_7)
FNF:8
FNH:0
FNDA:0,TimeOfDayChart
FNDA:0,(anonymous_1)
FNDA:0,(anonymous_2)
FNDA:0,(anonymous_3)
FNDA:0,(anonymous_4)
FNDA:0,(anonymous_5)
FNDA:0,(anonymous_6)
FNDA:0,(anonymous_7)
DA:17,0
DA:31,0
DA:36,0
DA:43,0
DA:44,0
DA:47,0
DA:54,0
DA:55,0
DA:57,0
DA:58,0
DA:59,0
DA:61,0
DA:62,0
DA:63,0
DA:64,0
DA:65,0
DA:66,0
DA:68,0
DA:71,0
DA:75,0
DA:83,0
DA:84,0
DA:94,0
DA:95,0
DA:105,0
DA:106,0
DA:118,0
DA:120,0
DA:154,0
DA:161,0
DA:173,0
LF:31
LH:0
BRDA:33,0,0,0
BRDA:38,1,0,0
BRDA:38,1,1,0
BRDA:39,2,0,0
BRDA:39,2,1,0
BRDA:40,3,0,0
BRDA:40,3,1,0
BRDA:44,4,0,0
BRDA:44,4,1,0
BRDA:55,5,0,0
BRDA:55,5,1,0
BRDA:61,6,0,0
BRDA:61,6,1,0
BRDA:61,7,0,0
BRDA:61,7,1,0
BRDA:63,8,0,0
BRDA:63,8,1,0
BRDA:63,9,0,0
BRDA:63,9,1,0
BRDA:65,10,0,0
BRDA:65,10,1,0
BRDA:65,11,0,0
BRDA:65,11,1,0
BRDA:79,12,0,0
BRDA:79,12,1,0
BRDA:83,13,0,0
BRDA:83,13,1,0
BRDA:94,14,0,0
BRDA:94,14,1,0
BRDA:105,15,0,0
BRDA:105,15,1,0
BRDA:105,16,0,0
BRDA:105,16,1,0
BRDA:163,17,0,0
BRDA:163,17,1,0
BRF:35
BRH:0
end_of_record
TN:
SF:src/components/stats/WeekdayChart.tsx
FN:24,WeekdayChart
FN:33,(anonymous_1)
FN:39,(anonymous_2)
FN:52,(anonymous_3)
FN:91,(anonymous_4)
FN:92,(anonymous_5)
FN:129,(anonymous_6)
FN:144,(anonymous_7)
FNF:8
FNH:0
FNDA:0,WeekdayChart
FNDA:0,(anonymous_1)
FNDA:0,(anonymous_2)
FNDA:0,(anonymous_3)
FNDA:0,(anonymous_4)
FNDA:0,(anonymous_5)
FNDA:0,(anonymous_6)
FNDA:0,(anonymous_7)
DA:8,0
DA:25,0
DA:26,0
DA:33,0
DA:34,0
DA:37,0
DA:39,0
DA:40,0
DA:42,0
DA:43,0
DA:44,0
DA:45,0
DA:47,0
DA:52,0
DA:60,0
DA:61,0
DA:71,0
DA:72,0
DA:80,0
DA:81,0
DA:91,0
DA:92,0
DA:94,0
DA:129,0
DA:145,0
LF:25
LH:0
BRDA:26,0,0,0
BRDA:28,1,0,0
BRDA:28,1,1,0
BRDA:29,2,0,0
BRDA:29,2,1,0
BRDA:30,3,0,0
BRDA:30,3,1,0
BRDA:34,4,0,0
BRDA:34,4,1,0
BRDA:40,5,0,0
BRDA:40,5,1,0
BRDA:56,6,0,0
BRDA:56,6,1,0
BRDA:60,7,0,0
BRDA:60,7,1,0
BRDA:71,8,0,0
BRDA:71,8,1,0
BRDA:80,9,0,0
BRDA:80,9,1,0
BRDA:80,10,0,0
BRDA:80,10,1,0
BRDA:92,11,0,0
BRDA:92,11,1,0
BRDA:101,12,0,0
BRDA:101,12,1,0
BRDA:101,12,2,0
BRF:26
BRH:0
end_of_record
TN:
SF:src/components/ui/DatePicker.tsx
FN:26,DatePicker
FN:30,(anonymous_1)
FN:48,(anonymous_2)
FN:82,(anonymous_3)
FN:89,(anonymous_4)
FNF:5
FNH:0
FNDA:0,DatePicker
FNDA:0,(anonymous_1)
FNDA:0,(anonymous_2)
FNDA:0,(anonymous_3)
FNDA:0,(anonymous_4)
DA:28,0
DA:30,0
DA:31,0
DA:33,0
DA:35,0
DA:39,0
DA:49,0
DA:83,0
DA:90,0
LF:9
LH:0
BRDA:28,0,0,0
BRDA:28,0,1,0
BRDA:31,1,0,0
BRDA:31,1,1,0
BRF:4
BRH:0
end_of_record
TN:
SF:src/components/ui/Modal.tsx
FN:17,Modal
FNF:1
FNH:0
FNDA:0,Modal
DA:18,0
DA:25,0
LF:2
LH:0
BRDA:17,0,0,0
BRF:1
BRH:0
end_of_record
TN:
SF:src/components/ui/Toast.tsx
FN:8,Toast
FN:26,(anonymous_1)
FN:41,ToastContainer
FN:46,(anonymous_3)
FNF:4
FNH:0
FNDA:0,Toast
FNDA:0,(anonymous_1)
FNDA:0,ToastContainer
FNDA:0,(anonymous_3)
DA:9,0
DA:15,0
DA:21,0
DA:26,0
DA:42,0
DA:44,0
DA:47,0
LF:7
LH:0
BRDA:42,0,0,0
BRDA:42,0,1,0
BRF:2
BRH:0
end_of_record
TN:
SF:src/components/weather/BestSpotSuggestion.tsx
FN:22,BestSpotSuggestion
FN:105,(anonymous_1)
FN:117,BestSpotSuggestionCompact
FN:130,(anonymous_3)
FNF:4
FNH:0
FNDA:0,BestSpotSuggestion
FNDA:0,(anonymous_1)
FNDA:0,BestSpotSuggestionCompact
FNDA:0,(anonymous_3)
DA:29,0
DA:30,0
DA:33,0
DA:36,0
DA:37,0
DA:44,0
DA:45,0
DA:47,0
DA:105,0
DA:122,0
DA:123,0
DA:126,0
DA:128,0
DA:130,0
LF:14
LH:0
BRDA:25,0,0,0
BRDA:26,1,0,0
BRDA:29,2,0,0
BRDA:29,2,1,0
BRDA:29,3,0,0
BRDA:29,3,1,0
BRDA:37,4,0,0
BRDA:37,4,1,0
BRDA:39,5,0,0
BRDA:39,5,1,0
BRDA:61,6,0,0
BRDA:61,6,1,0
BRDA:71,7,0,0
BRDA:71,7,1,0
BRDA:71,7,2,0
BRDA:74,8,0,0
BRDA:74,8,1,0
BRDA:88,9,0,0
BRDA:88,9,1,0
BRDA:88,9,2,0
BRDA:120,10,0,0
BRDA:122,11,0,0
BRDA:122,11,1,0
BRDA:122,12,0,0
BRDA:122,12,1,0
BRDA:137,13,0,0
BRDA:137,13,1,0
BRDA:137,13,2,0
BRDA:140,14,0,0
BRDA:140,14,1,0
BRF:30
BRH:0
end_of_record
TN:
SF:src/components/weather/CurrentConditions.tsx
FN:9,(anonymous_0)
FN:17,(anonymous_1)
FN:25,CurrentConditions
FNF:3
FNH:0
FNDA:0,(anonymous_0)
FNDA:0,(anonymous_1)
FNDA:0,CurrentConditions
DA:9,0
DA:10,0
DA:11,0
DA:12,0
DA:13,0
DA:14,0
DA:17,0
DA:18,0
DA:19,0
DA:20,0
DA:21,0
DA:22,0
DA:26,0
DA:27,0
DA:29,0
DA:30,0
DA:38,0
DA:39,0
DA:47,0
LF:19
LH:0
BRDA:11,0,0,0
BRDA:11,0,1,0
BRDA:12,1,0,0
BRDA:12,1,1,0
BRDA:13,2,0,0
BRDA:13,2,1,0
BRDA:19,3,0,0
BRDA:19,3,1,0
BRDA:20,4,0,0
BRDA:20,4,1,0
BRDA:21,5,0,0
BRDA:21,5,1,0
BRDA:29,6,0,0
BRDA:29,6,1,0
BRDA:38,7,0,0
BRDA:38,7,1,0
BRDA:38,8,0,0
BRDA:38,8,1,0
BRDA:73,9,0,0
BRDA:73,9,1,0
BRDA:76,10,0,0
BRDA:76,10,1,0
BRDA:84,11,0,0
BRDA:84,11,1,0
BRF:24
BRH:0
end_of_record
TN:
SF:src/components/weather/Forecast7Day.tsx
FN:10,(anonymous_0)
FN:18,(anonymous_1)
FN:26,(anonymous_2)
FN:38,Forecast7Day
FN:47,(anonymous_4)
FN:80,(anonymous_5)
FN:86,(anonymous_6)
FN:87,(anonymous_7)
FNF:8
FNH:0
FNDA:0,(anonymous_0)
FNDA:0,(anonymous_1)
FNDA:0,(anonymous_2)
FNDA:0,Forecast7Day
FNDA:0,(anonymous_4)
FNDA:0,(anonymous_5)
FNDA:0,(anonymous_6)
FNDA:0,(anonymous_7)
DA:10,0
DA:11,0
DA:12,0
DA:13,0
DA:14,0
DA:15,0
DA:18,0
DA:19,0
DA:20,0
DA:21,0
DA:22,0
DA:23,0
DA:26,0
DA:27,0
DA:28,0
DA:29,0
DA:30,0
DA:32,0
DA:33,0
DA:35,0
DA:42,0
DA:43,0
DA:47,0
DA:48,0
DA:50,0
DA:57,0
DA:58,0
DA:66,0
DA:67,0
DA:75,0
DA:81,0
DA:83,0
DA:86,0
DA:87,0
LF:34
LH:0
BRDA:12,0,0,0
BRDA:12,0,1,0
BRDA:13,1,0,0
BRDA:13,1,1,0
BRDA:14,2,0,0
BRDA:14,2,1,0
BRDA:20,3,0,0
BRDA:20,3,1,0
BRDA:21,4,0,0
BRDA:21,4,1,0
BRDA:22,5,0,0
BRDA:22,5,1,0
BRDA:32,6,0,0
BRDA:32,6,1,0
BRDA:33,7,0,0
BRDA:33,7,1,0
BRDA:38,8,0,0
BRDA:48,9,0,0
BRDA:48,9,1,0
BRDA:48,10,0,0
BRDA:48,10,1,0
BRDA:57,11,0,0
BRDA:57,11,1,0
BRDA:66,12,0,0
BRDA:66,12,1,0
BRDA:66,13,0,0
BRDA:66,13,1,0
BRDA:66,13,2,0
BRDA:89,14,0,0
BRDA:89,14,1,0
BRDA:94,15,0,0
BRDA:94,15,1,0
BRF:32
BRH:0
end_of_record
TN:
SF:src/components/weather/HourlyForecast.tsx
FN:67,(anonymous_0)
FN:89,(anonymous_1)
FN:153,(anonymous_2)
FN:161,(anonymous_3)
FN:168,(anonymous_4)
FN:193,(anonymous_5)
FN:261,(anonymous_6)
FN:335,(anonymous_7)
FN:356,(anonymous_8)
FN:398,(anonymous_9)
FN:540,HourlyForecast
FN:553,(anonymous_11)
FN:554,(anonymous_12)
FN:560,(anonymous_13)
FN:591,(anonymous_14)
FN:607,(anonymous_15)
FN:611,(anonymous_16)
FN:746,(anonymous_17)
FN:749,(anonymous_18)
FN:754,(anonymous_19)
FN:808,(anonymous_20)
FN:899,(anonymous_21)
FNF:22
FNH:0
FNDA:0,(anonymous_0)
FNDA:0,(anonymous_1)
FNDA:0,(anonymous_2)
FNDA:0,(anonymous_3)
FNDA:0,(anonymous_4)
FNDA:0,(anonymous_5)
FNDA:0,(anonymous_6)
FNDA:0,(anonymous_7)
FNDA:0,(anonymous_8)
FNDA:0,(anonymous_9)
FNDA:0,HourlyForecast
FNDA:0,(anonymous_11)
FNDA:0,(anonymous_12)
FNDA:0,(anonymous_13)
FNDA:0,(anonymous_14)
FNDA:0,(anonymous_15)
FNDA:0,(anonymous_16)
FNDA:0,(anonymous_17)
FNDA:0,(anonymous_18)
FNDA:0,(anonymous_19)
FNDA:0,(anonymous_20)
FNDA:0,(anonymous_21)
DA:67,0
DA:69,0
DA:71,0
DA:73,0
DA:75,0
DA:77,0
DA:79,0
DA:81,0
DA:89,0
DA:92,0
DA:93,0
DA:96,0
DA:97,0
DA:99,0
DA:100,0
DA:101,0
DA:102,0
DA:103,0
DA:104,0
DA:105,0
DA:106,0
DA:107,0
DA:108,0
DA:112,0
DA:114,0
DA:118,0
DA:120,0
DA:124,0
DA:127,0
DA:128,0
DA:129,0
DA:130,0
DA:131,0
DA:132,0
DA:133,0
DA:134,0
DA:135,0
DA:136,0
DA:137,0
DA:138,0
DA:139,0
DA:140,0
DA:143,0
DA:146,0
DA:153,0
DA:154,0
DA:155,0
DA:156,0
DA:157,0
DA:158,0
DA:161,0
DA:162,0
DA:163,0
DA:164,0
DA:165,0
DA:168,0
DA:170,0
DA:173,0
DA:181,0
DA:193,0
DA:204,0
DA:261,0
DA:272,0
DA:295,0
DA:336,0
DA:356,0
DA:368,0
DA:399,0
DA:400,0
DA:402,0
DA:403,0
DA:411,0
DA:413,0
DA:416,0
DA:421,0
DA:422,0
DA:424,0
DA:427,0
DA:453,0
DA:458,0
DA:459,0
DA:484,0
DA:485,0
DA:494,0
DA:496,0
DA:544,0
DA:545,0
DA:550,0
DA:553,0
DA:554,0
DA:555,0
DA:558,0
DA:559,0
DA:560,0
DA:563,0
DA:564,0
DA:576,0
DA:577,0
DA:589,0
DA:591,0
DA:596,0
DA:597,0
DA:598,0
DA:600,0
DA:607,0
DA:608,0
DA:611,0
DA:612,0
DA:614,0
DA:615,0
DA:622,0
DA:624,0
DA:640,0
DA:656,0
DA:669,0
DA:682,0
DA:695,0
DA:712,0
DA:725,0
DA:742,0
DA:746,0
DA:747,0
DA:748,0
DA:750,0
DA:753,0
DA:755,0
DA:761,0
DA:811,0
DA:818,0
DA:823,0
DA:900,0
DA:901,0
LF:132
LH:0
BRDA:69,0,0,0
BRDA:69,0,1,0
BRDA:69,0,2,0
BRDA:69,0,3,0
BRDA:69,0,4,0
BRDA:69,0,5,0
BRDA:93,1,0,0
BRDA:93,1,1,0
BRDA:99,2,0,0
BRDA:99,2,1,0
BRDA:103,3,0,0
BRDA:103,3,1,0
BRDA:106,4,0,0
BRDA:106,4,1,0
BRDA:112,5,0,0
BRDA:112,5,1,0
BRDA:114,6,0,0
BRDA:114,6,1,0
BRDA:114,6,2,0
BRDA:114,6,3,0
BRDA:118,7,0,0
BRDA:118,7,1,0
BRDA:120,8,0,0
BRDA:120,8,1,0
BRDA:120,8,2,0
BRDA:127,9,0,0
BRDA:127,9,1,0
BRDA:129,10,0,0
BRDA:129,10,1,0
BRDA:131,11,0,0
BRDA:131,11,1,0
BRDA:133,12,0,0
BRDA:133,12,1,0
BRDA:135,13,0,0
BRDA:135,13,1,0
BRDA:137,14,0,0
BRDA:137,14,1,0
BRDA:139,15,0,0
BRDA:139,15,1,0
BRDA:155,16,0,0
BRDA:155,16,1,0
BRDA:156,17,0,0
BRDA:156,17,1,0
BRDA:157,18,0,0
BRDA:157,18,1,0
BRDA:162,19,0,0
BRDA:162,19,1,0
BRDA:207,20,0,0
BRDA:207,20,1,0
BRDA:211,21,0,0
BRDA:211,21,1,0
BRDA:221,22,0,0
BRDA:221,22,1,0
BRDA:275,23,0,0
BRDA:275,23,1,0
BRDA:298,24,0,0
BRDA:298,24,1,0
BRDA:302,25,0,0
BRDA:302,25,1,0
BRDA:312,26,0,0
BRDA:312,26,1,0
BRDA:338,27,0,0
BRDA:338,27,1,0
BRDA:340,28,0,0
BRDA:340,28,1,0
BRDA:343,29,0,0
BRDA:343,29,1,0
BRDA:371,30,0,0
BRDA:371,30,1,0
BRDA:375,31,0,0
BRDA:375,31,1,0
BRDA:386,32,0,0
BRDA:386,32,1,0
BRDA:400,33,0,0
BRDA:400,33,1,0
BRDA:402,34,0,0
BRDA:402,34,1,0
BRDA:416,35,0,0
BRDA:416,35,1,0
BRDA:417,36,0,0
BRDA:417,36,1,0
BRDA:417,36,2,0
BRDA:424,37,0,0
BRDA:424,37,1,0
BRDA:424,38,0,0
BRDA:424,38,1,0
BRDA:437,39,0,0
BRDA:437,39,1,0
BRDA:453,40,0,0
BRDA:453,40,1,0
BRDA:454,41,0,0
BRDA:454,41,1,0
BRDA:454,41,2,0
BRDA:468,42,0,0
BRDA:468,42,1,0
BRDA:484,43,0,0
BRDA:484,43,1,0
BRDA:484,44,0,0
BRDA:484,44,1,0
BRDA:494,45,0,0
BRDA:494,45,1,0
BRDA:505,46,0,0
BRDA:505,46,1,0
BRDA:523,47,0,0
BRDA:523,47,1,0
BRDA:523,48,0,0
BRDA:523,48,1,0
BRDA:524,49,0,0
BRDA:524,49,1,0
BRDA:528,50,0,0
BRDA:528,50,1,0
BRDA:528,51,0,0
BRDA:528,51,1,0
BRDA:542,52,0,0
BRDA:563,53,0,0
BRDA:563,53,1,0
BRDA:576,54,0,0
BRDA:576,54,1,0
BRDA:576,55,0,0
BRDA:576,55,1,0
BRDA:576,55,2,0
BRDA:612,56,0,0
BRDA:612,56,1,0
BRDA:622,57,0,0
BRDA:622,57,1,0
BRDA:622,57,2,0
BRDA:622,57,3,0
BRDA:622,57,4,0
BRDA:622,57,5,0
BRDA:622,57,6,0
BRDA:622,57,7,0
BRDA:622,57,8,0
BRDA:628,58,0,0
BRDA:628,58,1,0
BRDA:630,59,0,0
BRDA:630,59,1,0
BRDA:630,59,2,0
BRDA:634,60,0,0
BRDA:634,60,1,0
BRDA:635,61,0,0
BRDA:635,61,1,0
BRDA:645,62,0,0
BRDA:645,62,1,0
BRDA:647,63,0,0
BRDA:647,63,1,0
BRDA:647,63,2,0
BRDA:651,64,0,0
BRDA:651,64,1,0
BRDA:659,65,0,0
BRDA:659,65,1,0
BRDA:672,66,0,0
BRDA:672,66,1,0
BRDA:685,67,0,0
BRDA:685,67,1,0
BRDA:698,68,0,0
BRDA:698,68,1,0
BRDA:700,69,0,0
BRDA:700,69,1,0
BRDA:700,69,2,0
BRDA:715,70,0,0
BRDA:715,70,1,0
BRDA:728,71,0,0
BRDA:728,71,1,0
BRDA:730,72,0,0
BRDA:730,72,1,0
BRDA:730,72,2,0
BRDA:747,73,0,0
BRDA:747,73,1,0
BRDA:807,74,0,0
BRDA:807,74,1,0
BRDA:811,75,0,0
BRDA:811,75,1,0
BRDA:811,75,2,0
BRDA:811,75,3,0
BRDA:818,76,0,0
BRDA:818,76,1,0
BRDA:818,76,2,0
BRDA:818,76,3,0
BRDA:857,77,0,0
BRDA:857,77,1,0
BRDA:857,78,0,0
BRDA:857,78,1,0
BRDA:873,79,0,0
BRDA:873,79,1,0
BRDA:873,80,0,0
BRDA:873,80,1,0
BRDA:883,81,0,0
BRDA:883,81,1,0
BRDA:883,82,0,0
BRDA:883,82,1,0
BRDA:889,83,0,0
BRDA:889,83,1,0
BRDA:889,84,0,0
BRDA:889,84,1,0
BRDA:895,85,0,0
BRDA:895,85,1,0
BRF:196
BRH:0
end_of_record
TN:
SF:src/hooks/useAlertForm.ts
FN:9,(anonymous_0)
FN:24,(anonymous_1)
FN:49,(anonymous_2)
FNF:3
FNH:0
FNDA:0,(anonymous_0)
FNDA:0,(anonymous_1)
FNDA:0,(anonymous_2)
DA:9,0
DA:10,0
DA:11,0
DA:13,0
DA:25,0
DA:26,0
DA:27,0
DA:29,0
DA:33,0
DA:34,0
DA:39,0
DA:49,0
DA:50,0
DA:63,0
LF:14
LH:0
BRDA:9,0,0,0
BRDA:15,1,0,0
BRDA:15,1,1,0
BRDA:16,2,0,0
BRDA:16,2,1,0
BRDA:17,3,0,0
BRDA:17,3,1,0
BRDA:18,4,0,0
BRDA:18,4,1,0
BRDA:19,5,0,0
BRDA:19,5,1,0
BRDA:20,6,0,0
BRDA:20,6,1,0
BRDA:21,7,0,0
BRDA:21,7,1,0
BRDA:22,8,0,0
BRDA:22,8,1,0
BRDA:26,9,0,0
BRDA:26,9,1,0
BRDA:33,10,0,0
BRDA:33,10,1,0
BRDA:41,11,0,0
BRDA:41,11,1,0
BRDA:42,12,0,0
BRDA:42,12,1,0
BRDA:49,13,0,0
BRDA:52,14,0,0
BRDA:52,14,1,0
BRDA:53,15,0,0
BRDA:53,15,1,0
BRF:30
BRH:0
end_of_record
TN:
SF:src/hooks/useAlerts.ts
FN:13,(anonymous_0)
FN:16,(anonymous_1)
FN:35,(anonymous_2)
FN:38,(anonymous_3)
FN:59,(anonymous_4)
FN:62,(anonymous_5)
FN:81,(anonymous_6)
FN:85,(anonymous_7)
FN:97,(anonymous_8)
FN:106,(anonymous_9)
FN:110,(anonymous_10)
FN:123,(anonymous_11)
FN:135,(anonymous_12)
FN:139,(anonymous_13)
FN:143,(anonymous_14)
FNF:15
FNH:0
FNDA:0,(anonymous_0)
FNDA:0,(anonymous_1)
FNDA:0,(anonymous_2)
FNDA:0,(anonymous_3)
FNDA:0,(anonymous_4)
FNDA:0,(anonymous_5)
FNDA:0,(anonymous_6)
FNDA:0,(anonymous_7)
FNDA:0,(anonymous_8)
FNDA:0,(anonymous_9)
FNDA:0,(anonymous_10)
FNDA:0,(anonymous_11)
FNDA:0,(anonymous_12)
FNDA:0,(anonymous_13)
FNDA:0,(anonymous_14)
DA:13,0
DA:14,0
DA:17,0
DA:20,0
DA:21,0
DA:22,0
DA:23,0
DA:26,0
DA:35,0
DA:36,0
DA:39,0
DA:40,0
DA:43,0
DA:44,0
DA:45,0
DA:46,0
DA:49,0
DA:59,0
DA:60,0
DA:63,0
DA:66,0
DA:67,0
DA:68,0
DA:69,0
DA:72,0
DA:81,0
DA:82,0
DA:84,0
DA:86,0
DA:89,0
DA:90,0
DA:91,0
DA:92,0
DA:95,0
DA:98,0
DA:106,0
DA:107,0
DA:109,0
DA:111,0
DA:112,0
DA:115,0
DA:116,0
DA:117,0
DA:118,0
DA:121,0
DA:124,0
DA:125,0
DA:126,0
DA:135,0
DA:136,0
DA:138,0
DA:140,0
DA:141,0
DA:144,0
DA:145,0
LF:55
LH:0
BRDA:21,0,0,0
BRDA:21,0,1,0
BRDA:39,1,0,0
BRDA:39,1,1,0
BRDA:44,2,0,0
BRDA:44,2,1,0
BRDA:67,3,0,0
BRDA:67,3,1,0
BRDA:90,4,0,0
BRDA:90,4,1,0
BRDA:111,5,0,0
BRDA:111,5,1,0
BRDA:116,6,0,0
BRDA:116,6,1,0
BRDA:125,7,0,0
BRDA:125,7,1,0
BRDA:140,8,0,0
BRDA:140,8,1,0
BRF:18
BRH:0
end_of_record
TN:
SF:src/hooks/useBestSpotAPI.ts
FN:22,useBestSpotAPI
FN:25,(anonymous_1)
FN:37,(anonymous_2)
FN:46,useBestSiteIdAPI
FNF:4
FNH:0
FNDA:0,useBestSpotAPI
FNDA:0,(anonymous_1)
FNDA:0,(anonymous_2)
FNDA:0,useBestSiteIdAPI
DA:23,0
DA:26,0
DA:27,0
DA:32,0
DA:37,0
DA:47,0
DA:48,0
LF:7
LH:0
BRDA:22,0,0,0
BRDA:46,1,0,0
BRDA:48,2,0,0
BRDA:48,2,1,0
BRF:4
BRH:0
end_of_record
TN:
SF:src/hooks/useEmagramAnalysis.ts
FN:14,(anonymous_0)
FN:15,(anonymous_1)
FN:21,useLatestEmagram
FN:29,(anonymous_3)
FN:57,useEmagramHistory
FN:66,(anonymous_5)
FN:93,useTriggerEmagram
FN:97,(anonymous_7)
FN:111,(anonymous_8)
FNF:9
FNH:0
FNDA:0,(anonymous_0)
FNDA:0,(anonymous_1)
FNDA:0,useLatestEmagram
FNDA:0,(anonymous_3)
FNDA:0,useEmagramHistory
FNDA:0,(anonymous_5)
FNDA:0,useTriggerEmagram
FNDA:0,(anonymous_7)
FNDA:0,(anonymous_8)
DA:8,0
DA:12,0
DA:14,0
DA:15,0
DA:27,0
DA:30,0
DA:31,0
DA:34,0
DA:35,0
DA:36,0
DA:37,0
DA:39,0
DA:41,0
DA:42,0
DA:45,0
DA:46,0
DA:64,0
DA:67,0
DA:68,0
DA:71,0
DA:72,0
DA:73,0
DA:74,0
DA:75,0
DA:77,0
DA:79,0
DA:80,0
DA:83,0
DA:94,0
DA:96,0
DA:98,0
DA:104,0
DA:105,0
DA:106,0
DA:109,0
DA:113,0
LF:36
LH:0
BRDA:8,0,0,0
BRDA:8,0,1,0
BRDA:9,1,0,0
BRDA:9,1,1,0
BRDA:24,2,0,0
BRDA:28,3,0,0
BRDA:28,3,1,0
BRDA:28,4,0,0
BRDA:28,4,1,0
BRDA:30,5,0,0
BRDA:30,5,1,0
BRDA:30,6,0,0
BRDA:30,6,1,0
BRDA:41,7,0,0
BRDA:41,7,1,0
BRDA:48,8,0,0
BRDA:48,8,1,0
BRDA:48,8,2,0
BRDA:60,9,0,0
BRDA:61,10,0,0
BRDA:65,11,0,0
BRDA:65,11,1,0
BRDA:65,12,0,0
BRDA:65,12,1,0
BRDA:67,13,0,0
BRDA:67,13,1,0
BRDA:67,14,0,0
BRDA:67,14,1,0
BRDA:79,15,0,0
BRDA:79,15,1,0
BRDA:85,16,0,0
BRDA:85,16,1,0
BRDA:85,16,2,0
BRDA:104,17,0,0
BRDA:104,17,1,0
BRDA:106,18,0,0
BRDA:106,18,1,0
BRF:37
BRH:0
end_of_record
TN:
SF:src/hooks/useFlight.ts
FN:8,(anonymous_0)
FN:11,(anonymous_1)
FN:16,(anonymous_2)
FNF:3
FNH:0
FNDA:0,(anonymous_0)
FNDA:0,(anonymous_1)
FNDA:0,(anonymous_2)
DA:8,0
DA:9,0
DA:12,0
DA:18,0
DA:19,0
LF:5
LH:0
BRDA:19,0,0,0
BRDA:19,0,1,0
BRF:2
BRH:0
end_of_record
TN:
SF:src/hooks/useFlightGPX.ts
FN:19,(anonymous_0)
FN:22,(anonymous_1)
FN:36,(anonymous_2)
FN:37,(anonymous_3)
FN:59,(anonymous_4)
FN:73,(anonymous_5)
FN:103,(anonymous_6)
FN:144,(anonymous_7)
FNF:8
FNH:0
FNDA:0,(anonymous_0)
FNDA:0,(anonymous_1)
FNDA:0,(anonymous_2)
FNDA:0,(anonymous_3)
FNDA:0,(anonymous_4)
FNDA:0,(anonymous_5)
FNDA:0,(anonymous_6)
FNDA:0,(anonymous_7)
DA:19,0
DA:20,0
DA:23,0
DA:24,0
DA:25,0
DA:26,0
DA:36,0
DA:37,0
DA:38,0
DA:39,0
DA:41,0
DA:42,0
DA:43,0
DA:44,0
DA:45,0
DA:46,0
DA:47,0
DA:48,0
DA:50,0
DA:51,0
DA:59,0
DA:60,0
DA:61,0
DA:62,0
DA:64,0
DA:65,0
DA:68,0
DA:69,0
DA:71,0
DA:73,0
DA:74,0
DA:75,0
DA:77,0
DA:78,0
DA:82,0
DA:83,0
DA:84,0
DA:86,0
DA:89,0
DA:97,0
DA:103,0
DA:104,0
DA:105,0
DA:113,0
DA:114,0
DA:115,0
DA:116,0
DA:118,0
DA:119,0
DA:120,0
DA:121,0
DA:123,0
DA:124,0
DA:126,0
DA:129,0
DA:130,0
DA:133,0
DA:144,0
DA:145,0
DA:147,0
LF:60
LH:0
BRDA:44,0,0,0
BRDA:44,0,1,0
BRDA:64,1,0,0
BRDA:64,1,1,0
BRDA:74,2,0,0
BRDA:74,2,1,0
BRDA:75,3,0,0
BRDA:75,3,1,0
BRDA:78,4,0,0
BRDA:78,4,1,0
BRDA:79,5,0,0
BRDA:79,5,1,0
BRDA:83,6,0,0
BRDA:83,6,1,0
BRDA:83,7,0,0
BRDA:83,7,1,0
BRDA:104,8,0,0
BRDA:104,8,1,0
BRDA:123,9,0,0
BRDA:123,9,1,0
BRDA:148,10,0,0
BRDA:148,10,1,0
BRDA:149,11,0,0
BRDA:149,11,1,0
BRDA:150,12,0,0
BRDA:150,12,1,0
BRDA:151,13,0,0
BRDA:151,13,1,0
BRDA:152,14,0,0
BRDA:152,14,1,0
BRDA:153,15,0,0
BRDA:153,15,1,0
BRDA:154,16,0,0
BRDA:154,16,1,0
BRF:34
BRH:0
end_of_record
TN:
SF:src/hooks/useFlights.ts
FN:24,(anonymous_0)
FN:25,(anonymous_1)
FN:34,(anonymous_2)
FN:53,(anonymous_3)
FN:56,(anonymous_4)
FN:77,(anonymous_5)
FN:80,(anonymous_6)
FN:100,(anonymous_7)
FN:103,(anonymous_8)
FN:122,(anonymous_9)
FN:125,(anonymous_10)
FN:138,(anonymous_11)
FN:142,(anonymous_12)
FN:154,(anonymous_13)
FN:165,(anonymous_14)
FN:169,(anonymous_15)
FN:182,(anonymous_16)
FN:194,(anonymous_17)
FN:198,(anonymous_18)
FN:202,(anonymous_19)
FN:212,useStravaSyncMutation
FN:216,(anonymous_21)
FN:228,(anonymous_22)
FN:240,useCreateFlightFromGPX
FN:244,(anonymous_24)
FN:267,(anonymous_25)
FN:280,useUploadGPXToFlight
FN:284,(anonymous_27)
FN:296,(anonymous_28)
FNF:29
FNH:0
FNDA:0,(anonymous_0)
FNDA:0,(anonymous_1)
FNDA:0,(anonymous_2)
FNDA:0,(anonymous_3)
FNDA:0,(anonymous_4)
FNDA:0,(anonymous_5)
FNDA:0,(anonymous_6)
FNDA:0,(anonymous_7)
FNDA:0,(anonymous_8)
FNDA:0,(anonymous_9)
FNDA:0,(anonymous_10)
FNDA:0,(anonymous_11)
FNDA:0,(anonymous_12)
FNDA:0,(anonymous_13)
FNDA:0,(anonymous_14)
FNDA:0,(anonymous_15)
FNDA:0,(anonymous_16)
FNDA:0,(anonymous_17)
FNDA:0,(anonymous_18)
FNDA:0,(anonymous_19)
FNDA:0,useStravaSyncMutation
FNDA:0,(anonymous_21)
FNDA:0,(anonymous_22)
FNDA:0,useCreateFlightFromGPX
FNDA:0,(anonymous_24)
FNDA:0,(anonymous_25)
FNDA:0,useUploadGPXToFlight
FNDA:0,(anonymous_27)
FNDA:0,(anonymous_28)
DA:24,0
DA:25,0
DA:26,0
DA:27,0
DA:29,0
DA:32,0
DA:35,0
DA:38,0
DA:39,0
DA:40,0
DA:41,0
DA:44,0
DA:53,0
DA:54,0
DA:57,0
DA:58,0
DA:61,0
DA:62,0
DA:63,0
DA:64,0
DA:67,0
DA:77,0
DA:78,0
DA:81,0
DA:84,0
DA:85,0
DA:86,0
DA:87,0
DA:90,0
DA:100,0
DA:101,0
DA:104,0
DA:107,0
DA:108,0
DA:109,0
DA:110,0
DA:113,0
DA:122,0
DA:123,0
DA:126,0
DA:127,0
DA:128,0
DA:138,0
DA:139,0
DA:141,0
DA:143,0
DA:146,0
DA:147,0
DA:148,0
DA:149,0
DA:152,0
DA:156,0
DA:157,0
DA:165,0
DA:166,0
DA:168,0
DA:170,0
DA:171,0
DA:174,0
DA:175,0
DA:176,0
DA:177,0
DA:180,0
DA:183,0
DA:184,0
DA:185,0
DA:194,0
DA:195,0
DA:197,0
DA:199,0
DA:200,0
DA:203,0
DA:204,0
DA:213,0
DA:215,0
DA:217,0
DA:226,0
DA:230,0
DA:231,0
DA:241,0
DA:243,0
DA:245,0
DA:247,0
DA:254,0
DA:256,0
DA:258,0
DA:259,0
DA:260,0
DA:261,0
DA:264,0
DA:269,0
DA:270,0
DA:271,0
DA:281,0
DA:283,0
DA:286,0
DA:294,0
DA:298,0
DA:299,0
LF:99
LH:0
BRDA:24,0,0,0
BRDA:26,1,0,0
BRDA:26,1,1,0
BRDA:39,2,0,0
BRDA:39,2,1,0
BRDA:57,3,0,0
BRDA:57,3,1,0
BRDA:62,4,0,0
BRDA:62,4,1,0
BRDA:85,5,0,0
BRDA:85,5,1,0
BRDA:108,6,0,0
BRDA:108,6,1,0
BRDA:126,7,0,0
BRDA:126,7,1,0
BRDA:147,8,0,0
BRDA:147,8,1,0
BRDA:170,9,0,0
BRDA:170,9,1,0
BRDA:175,10,0,0
BRDA:175,10,1,0
BRDA:184,11,0,0
BRDA:184,11,1,0
BRDA:199,12,0,0
BRDA:199,12,1,0
BRDA:258,13,0,0
BRDA:258,13,1,0
BRDA:260,14,0,0
BRDA:260,14,1,0
BRDA:260,14,2,0
BRF:30
BRH:0
end_of_record
TN:
SF:src/hooks/useFlightsTable.tsx
FN:22,(anonymous_0)
FN:33,(anonymous_1)
FN:36,(anonymous_2)
FN:43,(anonymous_3)
FN:54,(anonymous_4)
FN:62,(anonymous_5)
FN:69,(anonymous_6)
FN:74,(anonymous_7)
FN:79,(anonymous_8)
FN:84,(anonymous_9)
FN:89,(anonymous_10)
FN:91,(anonymous_11)
FN:94,(anonymous_12)
FN:124,(anonymous_13)
FN:128,(anonymous_14)
FN:136,(anonymous_15)
FN:137,(anonymous_16)
FN:138,(anonymous_17)
FN:139,(anonymous_18)
FN:140,(anonymous_19)
FN:141,(anonymous_20)
FN:148,(anonymous_21)
FN:154,(anonymous_22)
FN:166,(anonymous_23)
FN:171,(anonymous_24)
FN:176,(anonymous_25)
FNF:26
FNH:0
FNDA:0,(anonymous_0)
FNDA:0,(anonymous_1)
FNDA:0,(anonymous_2)
FNDA:0,(anonymous_3)
FNDA:0,(anonymous_4)
FNDA:0,(anonymous_5)
FNDA:0,(anonymous_6)
FNDA:0,(anonymous_7)
FNDA:0,(anonymous_8)
FNDA:0,(anonymous_9)
FNDA:0,(anonymous_10)
FNDA:0,(anonymous_11)
FNDA:0,(anonymous_12)
FNDA:0,(anonymous_13)
FNDA:0,(anonymous_14)
FNDA:0,(anonymous_15)
FNDA:0,(anonymous_16)
FNDA:0,(anonymous_17)
FNDA:0,(anonymous_18)
FNDA:0,(anonymous_19)
FNDA:0,(anonymous_20)
FNDA:0,(anonymous_21)
FNDA:0,(anonymous_22)
FNDA:0,(anonymous_23)
FNDA:0,(anonymous_24)
FNDA:0,(anonymous_25)
DA:22,0
DA:23,0
DA:24,0
DA:27,0
DA:28,0
DA:29,0
DA:32,0
DA:33,0
DA:37,0
DA:44,0
DA:55,0
DA:62,0
DA:69,0
DA:74,0
DA:79,0
DA:84,0
DA:90,0
DA:91,0
DA:94,0
DA:105,0
DA:124,0
DA:128,0
DA:132,0
DA:136,0
DA:137,0
DA:138,0
DA:139,0
DA:140,0
DA:141,0
DA:148,0
DA:151,0
DA:153,0
DA:154,0
DA:166,0
DA:171,0
DA:176,0
DA:182,0
DA:191,0
LF:38
LH:0
BRDA:22,0,0,0
BRDA:23,1,0,0
BRDA:62,2,0,0
BRDA:62,2,1,0
BRDA:149,3,0,0
BRDA:166,4,0,0
BRDA:166,4,1,0
BRF:7
BRH:0
end_of_record
TN:
SF:src/hooks/useSiteMutations.ts
FN:22,(anonymous_0)
FN:26,(anonymous_1)
FN:29,(anonymous_2)
FN:41,(anonymous_3)
FN:45,(anonymous_4)
FN:48,(anonymous_5)
FNF:6
FNH:0
FNDA:0,(anonymous_0)
FNDA:0,(anonymous_1)
FNDA:0,(anonymous_2)
FNDA:0,(anonymous_3)
FNDA:0,(anonymous_4)
FNDA:0,(anonymous_5)
DA:22,0
DA:23,0
DA:25,0
DA:27,0
DA:31,0
DA:33,0
DA:41,0
DA:42,0
DA:44,0
DA:46,0
DA:50,0
LF:11
LH:0
BRF:0
BRH:0
end_of_record
TN:
SF:src/hooks/useSites.ts
FN:22,(anonymous_0)
FN:25,(anonymous_1)
FN:41,(anonymous_2)
FN:44,(anonymous_3)
FN:61,(anonymous_4)
FN:64,(anonymous_5)
FN:85,(anonymous_6)
FN:89,(anonymous_7)
FN:93,(anonymous_8)
FN:103,(anonymous_9)
FN:105,(anonymous_10)
FNF:11
FNH:0
FNDA:0,(anonymous_0)
FNDA:0,(anonymous_1)
FNDA:0,(anonymous_2)
FNDA:0,(anonymous_3)
FNDA:0,(anonymous_4)
FNDA:0,(anonymous_5)
FNDA:0,(anonymous_6)
FNDA:0,(anonymous_7)
FNDA:0,(anonymous_8)
FNDA:0,(anonymous_9)
FNDA:0,(anonymous_10)
DA:22,0
DA:23,0
DA:26,0
DA:29,0
DA:30,0
DA:31,0
DA:32,0
DA:35,0
DA:41,0
DA:42,0
DA:45,0
DA:48,0
DA:49,0
DA:50,0
DA:51,0
DA:54,0
DA:61,0
DA:62,0
DA:65,0
DA:70,0
DA:71,0
DA:72,0
DA:73,0
DA:76,0
DA:85,0
DA:86,0
DA:88,0
DA:90,0
DA:91,0
DA:95,0
DA:103,0
DA:104,0
DA:106,0
DA:109,0
LF:34
LH:0
BRDA:30,0,0,0
BRDA:30,0,1,0
BRDA:49,1,0,0
BRDA:49,1,1,0
BRDA:61,2,0,0
BRDA:71,3,0,0
BRDA:71,3,1,0
BRDA:78,4,0,0
BRDA:78,4,1,0
BRDA:105,5,0,0
BRF:10
BRH:0
end_of_record
TN:
SF:src/hooks/useToast.ts
FN:15,(anonymous_0)
FN:17,(anonymous_1)
FN:19,(anonymous_2)
FN:24,(anonymous_3)
FN:25,(anonymous_4)
FN:26,(anonymous_5)
FN:30,(anonymous_6)
FN:31,(anonymous_7)
FN:32,(anonymous_8)
FN:36,useToast
FN:40,(anonymous_10)
FN:41,(anonymous_11)
FN:42,(anonymous_12)
FNF:13
FNH:0
FNDA:0,(anonymous_0)
FNDA:0,(anonymous_1)
FNDA:0,(anonymous_2)
FNDA:0,(anonymous_3)
FNDA:0,(anonymous_4)
FNDA:0,(anonymous_5)
FNDA:0,(anonymous_6)
FNDA:0,(anonymous_7)
FNDA:0,(anonymous_8)
FNDA:0,useToast
FNDA:0,(anonymous_10)
FNDA:0,(anonymous_11)
FNDA:0,(anonymous_12)
DA:15,0
DA:18,0
DA:19,0
DA:24,0
DA:25,0
DA:26,0
DA:31,0
DA:32,0
DA:37,0
DA:39,0
DA:40,0
DA:41,0
DA:42,0
LF:13
LH:0
BRF:0
BRH:0
end_of_record
TN:
SF:src/hooks/useWeather.ts
FN:20,(anonymous_0)
FN:20,(anonymous_1)
FN:52,(anonymous_2)
FN:74,(anonymous_3)
FN:83,(anonymous_4)
FN:112,(anonymous_5)
FN:129,(anonymous_6)
FN:156,(anonymous_7)
FN:164,(anonymous_8)
FN:171,(anonymous_9)
FN:193,(anonymous_10)
FN:196,(anonymous_11)
FN:243,(anonymous_12)
FN:251,(anonymous_13)
FN:262,(anonymous_14)
FN:265,(anonymous_15)
FN:286,(anonymous_16)
FN:292,(anonymous_17)
FN:296,(anonymous_18)
FN:302,(anonymous_19)
FN:315,(anonymous_20)
FN:329,(anonymous_21)
FN:334,(anonymous_22)
FNF:23
FNH:0
FNDA:0,(anonymous_0)
FNDA:0,(anonymous_1)
FNDA:0,(anonymous_2)
FNDA:0,(anonymous_3)
FNDA:0,(anonymous_4)
FNDA:0,(anonymous_5)
FNDA:0,(anonymous_6)
FNDA:0,(anonymous_7)
FNDA:0,(anonymous_8)
FNDA:0,(anonymous_9)
FNDA:0,(anonymous_10)
FNDA:0,(anonymous_11)
FNDA:0,(anonymous_12)
FNDA:0,(anonymous_13)
FNDA:0,(anonymous_14)
FNDA:0,(anonymous_15)
FNDA:0,(anonymous_16)
FNDA:0,(anonymous_17)
FNDA:0,(anonymous_18)
FNDA:0,(anonymous_19)
FNDA:0,(anonymous_20)
FNDA:0,(anonymous_21)
FNDA:0,(anonymous_22)
DA:20,0
DA:21,0
DA:24,0
DA:30,0
DA:31,0
DA:32,0
DA:36,0
DA:43,0
DA:45,0
DA:49,0
DA:50,0
DA:52,0
DA:55,0
DA:64,0
DA:74,0
DA:75,0
DA:77,0
DA:78,0
DA:79,0
DA:83,0
DA:84,0
DA:85,0
DA:86,0
DA:91,0
DA:92,0
DA:95,0
DA:96,0
DA:98,0
DA:100,0
DA:101,0
DA:104,0
DA:105,0
DA:110,0
DA:111,0
DA:112,0
DA:114,0
DA:121,0
DA:122,0
DA:129,0
DA:130,0
DA:155,0
DA:156,0
DA:157,0
DA:158,0
DA:163,0
DA:165,0
DA:166,0
DA:167,0
DA:168,0
DA:170,0
DA:171,0
DA:172,0
DA:173,0
DA:175,0
DA:193,0
DA:196,0
DA:197,0
DA:200,0
DA:204,0
DA:208,0
DA:209,0
DA:210,0
DA:212,0
DA:215,0
DA:218,0
DA:235,0
DA:243,0
DA:247,0
DA:252,0
DA:262,0
DA:263,0
DA:266,0
DA:267,0
DA:270,0
DA:271,0
DA:272,0
DA:273,0
DA:275,0
DA:286,0
DA:290,0
DA:292,0
DA:293,0
DA:296,0
DA:298,0
DA:299,0
DA:300,0
DA:303,0
DA:306,0
DA:307,0
DA:315,0
DA:329,0
DA:332,0
DA:335,0
DA:336,0
DA:339,0
LF:95
LH:0
BRDA:21,0,0,0
BRDA:21,0,1,0
BRDA:31,1,0,0
BRDA:31,1,1,0
BRDA:52,2,0,0
BRDA:52,2,1,0
BRDA:55,3,0,0
BRDA:55,3,1,0
BRDA:64,4,0,0
BRDA:64,4,1,0
BRDA:75,5,0,0
BRDA:75,5,1,0
BRDA:84,6,0,0
BRDA:84,6,1,0
BRDA:95,7,0,0
BRDA:95,7,1,0
BRDA:95,8,0,0
BRDA:95,8,1,0
BRDA:98,9,0,0
BRDA:98,9,1,0
BRDA:98,10,0,0
BRDA:98,10,1,0
BRDA:111,11,0,0
BRDA:111,11,1,0
BRDA:114,12,0,0
BRDA:114,12,1,0
BRDA:116,13,0,0
BRDA:116,13,1,0
BRDA:118,14,0,0
BRDA:118,14,1,0
BRDA:129,15,0,0
BRDA:129,15,1,0
BRDA:133,16,0,0
BRDA:133,16,1,0
BRDA:134,17,0,0
BRDA:134,17,1,0
BRDA:135,18,0,0
BRDA:135,18,1,0
BRDA:136,19,0,0
BRDA:136,19,1,0
BRDA:137,20,0,0
BRDA:137,20,1,0
BRDA:141,21,0,0
BRDA:141,21,1,0
BRDA:144,22,0,0
BRDA:144,22,1,0
BRDA:145,23,0,0
BRDA:145,23,1,0
BRDA:146,24,0,0
BRDA:146,24,1,0
BRDA:147,25,0,0
BRDA:147,25,1,0
BRDA:148,26,0,0
BRDA:148,26,1,0
BRDA:149,27,0,0
BRDA:149,27,1,0
BRDA:150,28,0,0
BRDA:150,28,1,0
BRDA:155,29,0,0
BRDA:155,29,1,0
BRDA:155,30,0,0
BRDA:155,30,1,0
BRDA:158,31,0,0
BRDA:158,31,1,0
BRDA:165,32,0,0
BRDA:165,32,1,0
BRDA:170,33,0,0
BRDA:170,33,1,0
BRDA:171,34,0,0
BRDA:171,34,1,0
BRDA:172,35,0,0
BRDA:172,35,1,0
BRDA:173,36,0,0
BRDA:173,36,1,0
BRDA:184,37,0,0
BRDA:184,37,1,0
BRDA:185,38,0,0
BRDA:185,38,1,0
BRDA:185,38,2,0
BRDA:187,39,0,0
BRDA:187,39,1,0
BRDA:189,40,0,0
BRDA:189,40,1,0
BRDA:190,41,0,0
BRDA:190,41,1,0
BRDA:200,42,0,0
BRDA:200,42,1,0
BRDA:201,43,0,0
BRDA:201,43,1,0
BRDA:208,44,0,0
BRDA:208,44,1,0
BRDA:209,45,0,0
BRDA:209,45,1,0
BRDA:215,46,0,0
BRDA:215,46,1,0
BRDA:219,47,0,0
BRDA:219,47,1,0
BRDA:220,48,0,0
BRDA:220,48,1,0
BRDA:221,49,0,0
BRDA:221,49,1,0
BRDA:222,50,0,0
BRDA:222,50,1,0
BRDA:222,50,2,0
BRDA:223,51,0,0
BRDA:223,51,1,0
BRDA:223,51,2,0
BRDA:225,52,0,0
BRDA:225,52,1,0
BRDA:225,52,2,0
BRDA:245,53,0,0
BRDA:249,54,0,0
BRDA:249,54,1,0
BRDA:266,55,0,0
BRDA:266,55,1,0
BRDA:271,56,0,0
BRDA:271,56,1,0
BRDA:293,57,0,0
BRDA:293,57,1,0
BRDA:299,58,0,0
BRDA:299,58,1,0
BRDA:307,59,0,0
BRDA:307,59,1,0
BRDA:335,60,0,0
BRDA:335,60,1,0
BRF:125
BRH:0
end_of_record
TN:
SF:src/hooks/useWeatherSources.ts
FN:20,(anonymous_0)
FN:23,(anonymous_1)
FN:34,(anonymous_2)
FN:37,(anonymous_3)
FN:47,(anonymous_4)
FN:50,(anonymous_5)
FN:61,(anonymous_6)
FN:65,(anonymous_7)
FN:68,(anonymous_8)
FN:77,(anonymous_9)
FN:81,(anonymous_10)
FN:84,(anonymous_11)
FN:94,(anonymous_12)
FN:98,(anonymous_13)
FN:101,(anonymous_14)
FN:110,(anonymous_15)
FN:112,(anonymous_16)
FNF:17
FNH:0
FNDA:0,(anonymous_0)
FNDA:0,(anonymous_1)
FNDA:0,(anonymous_2)
FNDA:0,(anonymous_3)
FNDA:0,(anonymous_4)
FNDA:0,(anonymous_5)
FNDA:0,(anonymous_6)
FNDA:0,(anonymous_7)
FNDA:0,(anonymous_8)
FNDA:0,(anonymous_9)
FNDA:0,(anonymous_10)
FNDA:0,(anonymous_11)
FNDA:0,(anonymous_12)
FNDA:0,(anonymous_13)
FNDA:0,(anonymous_14)
FNDA:0,(anonymous_15)
FNDA:0,(anonymous_16)
DA:20,0
DA:21,0
DA:24,0
DA:25,0
DA:34,0
DA:35,0
DA:38,0
DA:47,0
DA:48,0
DA:51,0
DA:61,0
DA:62,0
DA:64,0
DA:66,0
DA:69,0
DA:77,0
DA:78,0
DA:80,0
DA:82,0
DA:85,0
DA:86,0
DA:94,0
DA:95,0
DA:97,0
DA:99,0
DA:102,0
DA:110,0
DA:111,0
DA:113,0
LF:29
LH:0
BRDA:20,0,0,0
BRDA:24,1,0,0
BRDA:24,1,1,0
BRF:3
BRH:0
end_of_record
TN:
SF:src/lib/api.ts
FN:14,(anonymous_0)
FN:22,(anonymous_1)
FN:34,(anonymous_2)
FN:39,(anonymous_3)
FN:47,(anonymous_4)
FN:55,(anonymous_5)
FNF:6
FNH:0
FNDA:0,(anonymous_0)
FNDA:0,(anonymous_1)
FNDA:0,(anonymous_2)
FNDA:0,(anonymous_3)
FNDA:0,(anonymous_4)
FNDA:0,(anonymous_5)
DA:4,0
DA:16,0
DA:17,0
DA:24,0
DA:25,0
DA:27,0
DA:34,0
DA:35,0
DA:39,0
DA:43,0
DA:47,0
DA:51,0
DA:55,0
DA:56,0
LF:14
LH:0
BRDA:16,0,0,0
BRDA:16,0,1,0
BRDA:24,1,0,0
BRDA:24,1,1,0
BRDA:24,2,0,0
BRDA:24,2,1,0
BRF:6
BRH:0
end_of_record
TN:
SF:src/pages/Analytics.tsx
FN:5,(anonymous_0)
FN:6,(anonymous_1)
FN:7,(anonymous_2)
FN:8,(anonymous_3)
FN:9,(anonymous_4)
FN:10,(anonymous_5)
FN:11,(anonymous_6)
FN:12,(anonymous_7)
FN:13,(anonymous_8)
FN:16,ChartSkeleton
FN:24,Analytics
FNF:11
FNH:0
FNDA:0,(anonymous_0)
FNDA:0,(anonymous_1)
FNDA:0,(anonymous_2)
FNDA:0,(anonymous_3)
FNDA:0,(anonymous_4)
FNDA:0,(anonymous_5)
FNDA:0,(anonymous_6)
FNDA:0,(anonymous_7)
FNDA:0,(anonymous_8)
FNDA:0,ChartSkeleton
FNDA:0,Analytics
DA:5,0
DA:6,0
DA:7,0
DA:8,0
DA:9,0
DA:10,0
DA:11,0
DA:12,0
DA:13,0
DA:17,0
DA:25,0
LF:11
LH:0
BRF:0
BRH:0
end_of_record
TN:
SF:src/pages/Dashboard.tsx
FN:13,Dashboard
FN:34,(anonymous_1)
FN:41,(anonymous_2)
FN:53,(anonymous_3)
FNF:4
FNH:0
FNDA:0,Dashboard
FNDA:0,(anonymous_1)
FNDA:0,(anonymous_2)
FNDA:0,(anonymous_3)
DA:14,0
DA:15,0
DA:16,0
DA:17,0
DA:18,0
DA:21,0
DA:22,0
DA:23,0
DA:34,0
DA:35,0
DA:36,0
DA:41,0
DA:42,0
DA:46,0
DA:47,0
DA:53,0
DA:64,0
DA:65,0
DA:75,0
LF:19
LH:0
BRDA:22,0,0,0
BRDA:22,0,1,0
BRDA:23,1,0,0
BRDA:23,1,1,0
BRDA:35,2,0,0
BRDA:35,2,1,0
BRDA:35,3,0,0
BRDA:35,3,1,0
BRDA:35,3,2,0
BRDA:46,4,0,0
BRDA:46,4,1,0
BRDA:64,5,0,0
BRDA:64,5,1,0
BRDA:64,6,0,0
BRDA:64,6,1,0
BRDA:69,7,0,0
BRDA:69,7,1,0
BRDA:89,8,0,0
BRDA:89,8,1,0
BRDA:89,8,2,0
BRDA:89,8,3,0
BRF:21
BRH:0
end_of_record
TN:
SF:src/pages/FlightHistory.tsx
FN:19,FlightHistory
FN:23,(anonymous_1)
FN:54,(anonymous_2)
FN:63,(anonymous_3)
FN:66,(anonymous_4)
FN:98,(anonymous_5)
FN:99,(anonymous_6)
FN:104,(anonymous_7)
FN:105,(anonymous_8)
FN:108,(anonymous_9)
FN:112,(anonymous_10)
FN:126,(anonymous_11)
FN:130,(anonymous_12)
FN:157,(anonymous_13)
FN:163,(anonymous_14)
FN:183,(anonymous_15)
FN:230,(anonymous_16)
FN:238,(anonymous_17)
FN:242,(anonymous_18)
FN:273,(anonymous_19)
FN:312,(anonymous_20)
FN:322,(anonymous_21)
FN:359,(anonymous_22)
FN:380,(anonymous_23)
FN:390,(anonymous_24)
FN:393,(anonymous_25)
FN:404,(anonymous_26)
FN:406,(anonymous_27)
FN:425,(anonymous_28)
FN:496,(anonymous_29)
FN:506,(anonymous_30)
FN:552,(anonymous_31)
FN:566,(anonymous_32)
FN:593,(anonymous_33)
FN:598,(anonymous_34)
FN:620,(anonymous_35)
FN:650,(anonymous_36)
FN:654,(anonymous_37)
FN:661,(anonymous_38)
FN:682,(anonymous_39)
FN:707,(anonymous_40)
FN:726,(anonymous_41)
FN:744,(anonymous_42)
FN:762,(anonymous_43)
FN:787,(anonymous_44)
FN:797,(anonymous_45)
FN:814,(anonymous_46)
FN:873,(anonymous_47)
FN:907,(anonymous_48)
FN:908,(anonymous_49)
FN:916,(anonymous_50)
FN:917,(anonymous_51)
FN:925,(anonymous_52)
FN:946,(anonymous_53)
FNF:54
FNH:0
FNDA:0,FlightHistory
FNDA:0,(anonymous_1)
FNDA:0,(anonymous_2)
FNDA:0,(anonymous_3)
FNDA:0,(anonymous_4)
FNDA:0,(anonymous_5)
FNDA:0,(anonymous_6)
FNDA:0,(anonymous_7)
FNDA:0,(anonymous_8)
FNDA:0,(anonymous_9)
FNDA:0,(anonymous_10)
FNDA:0,(anonymous_11)
FNDA:0,(anonymous_12)
FNDA:0,(anonymous_13)
FNDA:0,(anonymous_14)
FNDA:0,(anonymous_15)
FNDA:0,(anonymous_16)
FNDA:0,(anonymous_17)
FNDA:0,(anonymous_18)
FNDA:0,(anonymous_19)
FNDA:0,(anonymous_20)
FNDA:0,(anonymous_21)
FNDA:0,(anonymous_22)
FNDA:0,(anonymous_23)
FNDA:0,(anonymous_24)
FNDA:0,(anonymous_25)
FNDA:0,(anonymous_26)
FNDA:0,(anonymous_27)
FNDA:0,(anonymous_28)
FNDA:0,(anonymous_29)
FNDA:0,(anonymous_30)
FNDA:0,(anonymous_31)
FNDA:0,(anonymous_32)
FNDA:0,(anonymous_33)
FNDA:0,(anonymous_34)
FNDA:0,(anonymous_35)
FNDA:0,(anonymous_36)
FNDA:0,(anonymous_37)
FNDA:0,(anonymous_38)
FNDA:0,(anonymous_39)
FNDA:0,(anonymous_40)
FNDA:0,(anonymous_41)
FNDA:0,(anonymous_42)
FNDA:0,(anonymous_43)
FNDA:0,(anonymous_44)
FNDA:0,(anonymous_45)
FNDA:0,(anonymous_46)
FNDA:0,(anonymous_47)
FNDA:0,(anonymous_48)
FNDA:0,(anonymous_49)
FNDA:0,(anonymous_50)
FNDA:0,(anonymous_51)
FNDA:0,(anonymous_52)
FNDA:0,(anonymous_53)
DA:20,0
DA:23,0
DA:24,0
DA:25,0
DA:26,0
DA:29,0
DA:30,0
DA:31,0
DA:32,0
DA:33,0
DA:34,0
DA:35,0
DA:36,0
DA:37,0
DA:38,0
DA:39,0
DA:42,0
DA:43,0
DA:44,0
DA:45,0
DA:46,0
DA:47,0
DA:48,0
DA:49,0
DA:50,0
DA:51,0
DA:52,0
DA:54,0
DA:55,0
DA:56,0
DA:57,0
DA:58,0
DA:59,0
DA:60,0
DA:61,0
DA:63,0
DA:64,0
DA:66,0
DA:67,0
DA:68,0
DA:69,0
DA:71,0
DA:73,0
DA:77,0
DA:78,0
DA:79,0
DA:80,0
DA:81,0
DA:84,0
DA:85,0
DA:86,0
DA:87,0
DA:88,0
DA:89,0
DA:90,0
DA:91,0
DA:92,0
DA:93,0
DA:94,0
DA:98,0
DA:99,0
DA:100,0
DA:101,0
DA:104,0
DA:105,0
DA:108,0
DA:109,0
DA:112,0
DA:113,0
DA:114,0
DA:115,0
DA:116,0
DA:117,0
DA:118,0
DA:119,0
DA:120,0
DA:121,0
DA:122,0
DA:123,0
DA:126,0
DA:127,0
DA:130,0
DA:131,0
DA:133,0
DA:134,0
DA:147,0
DA:148,0
DA:150,0
DA:151,0
DA:157,0
DA:158,0
DA:159,0
DA:160,0
DA:163,0
DA:164,0
DA:166,0
DA:167,0
DA:177,0
DA:179,0
DA:183,0
DA:184,0
DA:186,0
DA:187,0
DA:188,0
DA:190,0
DA:191,0
DA:192,0
DA:193,0
DA:195,0
DA:196,0
DA:201,0
DA:202,0
DA:204,0
DA:205,0
DA:207,0
DA:210,0
DA:211,0
DA:213,0
DA:214,0
DA:216,0
DA:218,0
DA:219,0
DA:220,0
DA:221,0
DA:222,0
DA:224,0
DA:225,0
DA:230,0
DA:231,0
DA:232,0
DA:234,0
DA:235,0
DA:237,0
DA:239,0
DA:240,0
DA:243,0
DA:248,0
DA:249,0
DA:253,0
DA:254,0
DA:264,0
DA:265,0
DA:273,0
DA:283,0
DA:312,0
DA:322,0
DA:359,0
DA:381,0
DA:390,0
DA:394,0
DA:404,0
DA:406,0
DA:427,0
DA:428,0
DA:429,0
DA:496,0
DA:506,0
DA:552,0
DA:566,0
DA:593,0
DA:600,0
DA:601,0
DA:602,0
DA:621,0
DA:622,0
DA:623,0
DA:624,0
DA:625,0
DA:627,0
DA:650,0
DA:655,0
DA:661,0
DA:682,0
DA:707,0
DA:726,0
DA:744,0
DA:762,0
DA:787,0
DA:797,0
DA:815,0
DA:816,0
DA:873,0
DA:907,0
DA:909,0
DA:916,0
DA:918,0
DA:925,0
DA:946,0
LF:188
LH:0
BRDA:20,0,0,0
BRDA:55,1,0,0
BRDA:55,1,1,0
BRDA:56,2,0,0
BRDA:56,2,1,0
BRDA:57,3,0,0
BRDA:57,3,1,0
BRDA:58,4,0,0
BRDA:64,5,0,0
BRDA:64,5,1,0
BRDA:68,6,0,0
BRDA:68,6,1,0
BRDA:78,7,0,0
BRDA:78,7,1,0
BRDA:84,8,0,0
BRDA:84,8,1,0
BRDA:85,9,0,0
BRDA:85,9,1,0
BRDA:85,9,2,0
BRDA:86,10,0,0
BRDA:86,10,1,0
BRDA:88,11,0,0
BRDA:88,11,1,0
BRDA:89,12,0,0
BRDA:89,12,1,0
BRDA:90,13,0,0
BRDA:90,13,1,0
BRDA:91,14,0,0
BRDA:91,14,1,0
BRDA:92,15,0,0
BRDA:92,15,1,0
BRDA:93,16,0,0
BRDA:93,16,1,0
BRDA:94,17,0,0
BRDA:94,17,1,0
BRDA:113,18,0,0
BRDA:113,18,1,0
BRDA:115,19,0,0
BRDA:115,19,1,0
BRDA:115,19,2,0
BRDA:117,20,0,0
BRDA:117,20,1,0
BRDA:118,21,0,0
BRDA:118,21,1,0
BRDA:119,22,0,0
BRDA:119,22,1,0
BRDA:120,23,0,0
BRDA:120,23,1,0
BRDA:121,24,0,0
BRDA:121,24,1,0
BRDA:122,25,0,0
BRDA:122,25,1,0
BRDA:123,26,0,0
BRDA:123,26,1,0
BRDA:131,27,0,0
BRDA:131,27,1,0
BRDA:137,28,0,0
BRDA:137,28,1,0
BRDA:139,29,0,0
BRDA:139,29,1,0
BRDA:164,30,0,0
BRDA:164,30,1,0
BRDA:168,31,0,0
BRDA:168,31,1,0
BRDA:169,32,0,0
BRDA:169,32,1,0
BRDA:171,33,0,0
BRDA:171,33,1,0
BRDA:172,34,0,0
BRDA:172,34,1,0
BRDA:173,35,0,0
BRDA:173,35,1,0
BRDA:174,36,0,0
BRDA:174,36,1,0
BRDA:184,37,0,0
BRDA:184,37,1,0
BRDA:184,38,0,0
BRDA:184,38,1,0
BRDA:204,39,0,0
BRDA:204,39,1,0
BRDA:205,40,0,0
BRDA:205,40,1,0
BRDA:205,41,0,0
BRDA:205,41,1,0
BRDA:207,42,0,0
BRDA:207,42,1,0
BRDA:207,43,0,0
BRDA:207,43,1,0
BRDA:216,44,0,0
BRDA:216,44,1,0
BRDA:225,45,0,0
BRDA:225,45,1,0
BRDA:232,46,0,0
BRDA:232,46,1,0
BRDA:232,47,0,0
BRDA:232,47,1,0
BRDA:248,48,0,0
BRDA:248,48,1,0
BRDA:253,49,0,0
BRDA:253,49,1,0
BRDA:264,50,0,0
BRDA:264,50,1,0
BRDA:295,51,0,0
BRDA:295,51,1,0
BRDA:295,52,0,0
BRDA:295,52,1,0
BRDA:297,53,0,0
BRDA:297,53,1,0
BRDA:297,54,0,0
BRDA:297,54,1,0
BRDA:301,55,0,0
BRDA:301,55,1,0
BRDA:302,56,0,0
BRDA:302,56,1,0
BRDA:310,57,0,0
BRDA:310,57,1,0
BRDA:320,58,0,0
BRDA:320,58,1,0
BRDA:333,59,0,0
BRDA:333,59,1,0
BRDA:338,60,0,0
BRDA:338,60,1,0
BRDA:344,61,0,0
BRDA:344,61,1,0
BRDA:372,62,0,0
BRDA:372,62,1,0
BRDA:384,63,0,0
BRDA:384,63,1,0
BRDA:384,64,0,0
BRDA:384,64,1,0
BRDA:386,65,0,0
BRDA:386,65,1,0
BRDA:394,66,0,0
BRDA:394,66,1,0
BRDA:400,67,0,0
BRDA:400,67,1,0
BRDA:411,68,0,0
BRDA:411,68,1,0
BRDA:415,69,0,0
BRDA:415,69,1,0
BRDA:415,69,2,0
BRDA:436,70,0,0
BRDA:436,70,1,0
BRDA:447,71,0,0
BRDA:447,71,1,0
BRDA:456,72,0,0
BRDA:456,72,1,0
BRDA:462,73,0,0
BRDA:462,73,1,0
BRDA:469,74,0,0
BRDA:469,74,1,0
BRDA:473,75,0,0
BRDA:473,75,1,0
BRDA:484,76,0,0
BRDA:484,76,1,0
BRDA:484,77,0,0
BRDA:484,77,1,0
BRDA:489,78,0,0
BRDA:489,78,1,0
BRDA:514,79,0,0
BRDA:514,79,1,0
BRDA:519,80,0,0
BRDA:519,80,1,0
BRDA:526,81,0,0
BRDA:526,81,1,0
BRDA:548,82,0,0
BRDA:548,82,1,0
BRDA:555,83,0,0
BRDA:555,83,1,0
BRDA:557,84,0,0
BRDA:557,84,1,0
BRDA:589,85,0,0
BRDA:589,85,1,0
BRDA:616,86,0,0
BRDA:616,86,1,0
BRDA:619,87,0,0
BRDA:619,87,1,0
BRDA:621,88,0,0
BRDA:621,88,1,0
BRDA:634,89,0,0
BRDA:634,89,1,0
BRDA:646,90,0,0
BRDA:646,90,1,0
BRDA:670,91,0,0
BRDA:670,91,1,0
BRDA:670,91,2,0
BRDA:678,92,0,0
BRDA:678,92,1,0
BRDA:688,93,0,0
BRDA:688,93,1,0
BRDA:703,94,0,0
BRDA:703,94,1,0
BRDA:722,95,0,0
BRDA:722,95,1,0
BRDA:740,96,0,0
BRDA:740,96,1,0
BRDA:758,97,0,0
BRDA:758,97,1,0
BRDA:783,98,0,0
BRDA:783,98,1,0
BRDA:792,99,0,0
BRDA:792,99,1,0
BRDA:808,100,0,0
BRDA:808,100,1,0
BRDA:815,101,0,0
BRDA:815,101,1,0
BRDA:825,102,0,0
BRDA:825,102,1,0
BRDA:832,103,0,0
BRDA:832,103,1,0
BRDA:856,104,0,0
BRDA:856,104,1,0
BRDA:856,104,2,0
BRDA:867,105,0,0
BRDA:867,105,1,0
BRDA:887,106,0,0
BRDA:887,106,1,0
BRDA:927,107,0,0
BRDA:927,107,1,0
BRDA:931,108,0,0
BRDA:931,108,1,0
BRDA:931,108,2,0
BRDA:931,108,3,0
BRDA:940,109,0,0
BRDA:940,109,1,0
BRDA:955,110,0,0
BRDA:955,110,1,0
BRF:227
BRH:0
end_of_record
TN:
SF:src/pages/Settings.tsx
FN:56,WeatherSourcesTab
FN:61,(anonymous_1)
FN:76,(anonymous_2)
FN:129,(anonymous_3)
FN:160,Settings
FN:167,(anonymous_5)
FN:179,(anonymous_6)
FN:182,(anonymous_7)
FN:186,(anonymous_8)
FN:187,(anonymous_9)
FN:190,(anonymous_10)
FN:196,(anonymous_11)
FN:212,(anonymous_12)
FN:217,(anonymous_13)
FN:233,(anonymous_14)
FN:251,(anonymous_15)
FN:261,(anonymous_16)
FN:271,(anonymous_17)
FN:281,(anonymous_18)
FN:305,(anonymous_19)
FN:305,(anonymous_20)
FN:315,(anonymous_21)
FN:315,(anonymous_22)
FN:331,(anonymous_23)
FN:331,(anonymous_24)
FN:341,(anonymous_25)
FN:341,(anonymous_26)
FN:357,(anonymous_27)
FN:357,(anonymous_28)
FN:367,(anonymous_29)
FN:367,(anonymous_30)
FN:389,(anonymous_31)
FN:389,(anonymous_32)
FN:399,(anonymous_33)
FN:399,(anonymous_34)
FN:415,(anonymous_35)
FN:415,(anonymous_36)
FN:425,(anonymous_37)
FN:425,(anonymous_38)
FN:435,(anonymous_39)
FN:435,(anonymous_40)
FN:458,(anonymous_41)
FN:459,(anonymous_42)
FN:472,(anonymous_43)
FN:473,(anonymous_44)
FN:486,(anonymous_45)
FN:487,(anonymous_46)
FN:506,(anonymous_47)
FN:514,(anonymous_48)
FN:535,(anonymous_49)
FNF:50
FNH:0
FNDA:0,WeatherSourcesTab
FNDA:0,(anonymous_1)
FNDA:0,(anonymous_2)
FNDA:0,(anonymous_3)
FNDA:0,Settings
FNDA:0,(anonymous_5)
FNDA:0,(anonymous_6)
FNDA:0,(anonymous_7)
FNDA:0,(anonymous_8)
FNDA:0,(anonymous_9)
FNDA:0,(anonymous_10)
FNDA:0,(anonymous_11)
FNDA:0,(anonymous_12)
FNDA:0,(anonymous_13)
FNDA:0,(anonymous_14)
FNDA:0,(anonymous_15)
FNDA:0,(anonymous_16)
FNDA:0,(anonymous_17)
FNDA:0,(anonymous_18)
FNDA:0,(anonymous_19)
FNDA:0,(anonymous_20)
FNDA:0,(anonymous_21)
FNDA:0,(anonymous_22)
FNDA:0,(anonymous_23)
FNDA:0,(anonymous_24)
FNDA:0,(anonymous_25)
FNDA:0,(anonymous_26)
FNDA:0,(anonymous_27)
FNDA:0,(anonymous_28)
FNDA:0,(anonymous_29)
FNDA:0,(anonymous_30)
FNDA:0,(anonymous_31)
FNDA:0,(anonymous_32)
FNDA:0,(anonymous_33)
FNDA:0,(anonymous_34)
FNDA:0,(anonymous_35)
FNDA:0,(anonymous_36)
FNDA:0,(anonymous_37)
FNDA:0,(anonymous_38)
FNDA:0,(anonymous_39)
FNDA:0,(anonymous_40)
FNDA:0,(anonymous_41)
FNDA:0,(anonymous_42)
FNDA:0,(anonymous_43)
FNDA:0,(anonymous_44)
FNDA:0,(anonymous_45)
FNDA:0,(anonymous_46)
FNDA:0,(anonymous_47)
FNDA:0,(anonymous_48)
FNDA:0,(anonymous_49)
DA:39,0
DA:57,0
DA:58,0
DA:59,0
DA:61,0
DA:62,0
DA:63,0
DA:66,0
DA:67,0
DA:68,0
DA:70,0
DA:71,0
DA:76,0
DA:78,0
DA:79,0
DA:86,0
DA:87,0
DA:94,0
DA:130,0
DA:161,0
DA:162,0
DA:163,0
DA:164,0
DA:167,0
DA:168,0
DA:169,0
DA:170,0
DA:171,0
DA:173,0
DA:179,0
DA:180,0
DA:181,0
DA:182,0
DA:186,0
DA:187,0
DA:190,0
DA:196,0
DA:197,0
DA:202,0
DA:203,0
DA:204,0
DA:205,0
DA:206,0
DA:207,0
DA:208,0
DA:212,0
DA:213,0
DA:214,0
DA:216,0
DA:217,0
DA:218,0
DA:219,0
DA:220,0
DA:221,0
DA:222,0
DA:223,0
DA:226,0
DA:229,0
DA:233,0
DA:234,0
DA:235,0
DA:236,0
DA:237,0
DA:241,0
DA:251,0
DA:261,0
DA:271,0
DA:281,0
DA:305,0
DA:315,0
DA:331,0
DA:341,0
DA:357,0
DA:367,0
DA:389,0
DA:399,0
DA:415,0
DA:425,0
DA:435,0
DA:459,0
DA:473,0
DA:487,0
DA:507,0
DA:515,0
DA:535,0
LF:85
LH:0
BRDA:57,0,0,0
BRDA:62,1,0,0
BRDA:62,1,1,0
BRDA:70,2,0,0
BRDA:70,2,1,0
BRDA:78,3,0,0
BRDA:78,3,1,0
BRDA:86,4,0,0
BRDA:86,4,1,0
BRDA:103,5,0,0
BRDA:103,5,1,0
BRDA:116,6,0,0
BRDA:116,6,1,0
BRDA:133,7,0,0
BRDA:133,7,1,0
BRDA:139,8,0,0
BRDA:139,8,1,0
BRDA:161,9,0,0
BRDA:169,10,0,0
BRDA:169,10,1,0
BRDA:189,11,0,0
BRDA:189,11,1,0
BRDA:214,12,0,0
BRDA:214,12,1,0
BRDA:220,13,0,0
BRDA:220,13,1,0
BRDA:234,14,0,0
BRDA:234,14,1,0
BRDA:253,15,0,0
BRDA:253,15,1,0
BRDA:263,16,0,0
BRDA:263,16,1,0
BRDA:273,17,0,0
BRDA:273,17,1,0
BRDA:283,18,0,0
BRDA:283,18,1,0
BRDA:295,19,0,0
BRDA:295,19,1,0
BRDA:307,20,0,0
BRDA:307,20,1,0
BRDA:317,21,0,0
BRDA:317,21,1,0
BRDA:333,22,0,0
BRDA:333,22,1,0
BRDA:343,23,0,0
BRDA:343,23,1,0
BRDA:359,24,0,0
BRDA:359,24,1,0
BRDA:369,25,0,0
BRDA:369,25,1,0
BRDA:391,26,0,0
BRDA:391,26,1,0
BRDA:401,27,0,0
BRDA:401,27,1,0
BRDA:417,28,0,0
BRDA:417,28,1,0
BRDA:427,29,0,0
BRDA:427,29,1,0
BRDA:437,30,0,0
BRDA:437,30,1,0
BRDA:501,31,0,0
BRDA:501,31,1,0
BRDA:504,32,0,0
BRDA:504,32,1,0
BRDA:510,33,0,0
BRDA:510,33,1,0
BRDA:518,34,0,0
BRDA:518,34,1,0
BRDA:525,35,0,0
BRDA:525,35,1,0
BRDA:525,35,2,0
BRDA:525,35,3,0
BRDA:530,36,0,0
BRDA:530,36,1,0
BRDA:537,37,0,0
BRDA:537,37,1,0
BRDA:542,38,0,0
BRDA:542,38,1,0
BRDA:555,39,0,0
BRDA:555,39,1,0
BRDA:558,40,0,0
BRDA:558,40,1,0
BRDA:620,41,0,0
BRDA:620,41,1,0
BRDA:625,42,0,0
BRDA:625,42,1,0
BRF:86
BRH:0
end_of_record
TN:
SF:src/pages/Sites.tsx
FN:9,(anonymous_0)
FN:25,(anonymous_1)
FN:26,(anonymous_2)
FN:40,(anonymous_3)
FN:55,(anonymous_4)
FN:60,(anonymous_5)
FN:65,(anonymous_6)
FN:77,(anonymous_7)
FN:91,(anonymous_8)
FN:134,(anonymous_9)
FN:142,(anonymous_10)
FN:154,(anonymous_11)
FN:171,(anonymous_12)
FN:202,(anonymous_13)
FNF:14
FNH:0
FNDA:0,(anonymous_0)
FNDA:0,(anonymous_1)
FNDA:0,(anonymous_2)
FNDA:0,(anonymous_3)
FNDA:0,(anonymous_4)
FNDA:0,(anonymous_5)
FNDA:0,(anonymous_6)
FNDA:0,(anonymous_7)
FNDA:0,(anonymous_8)
FNDA:0,(anonymous_9)
FNDA:0,(anonymous_10)
FNDA:0,(anonymous_11)
FNDA:0,(anonymous_12)
FNDA:0,(anonymous_13)
DA:9,0
DA:10,0
DA:11,0
DA:12,0
DA:13,0
DA:16,0
DA:17,0
DA:18,0
DA:21,0
DA:22,0
DA:25,0
DA:26,0
DA:28,0
DA:34,0
DA:36,0
DA:40,0
DA:41,0
DA:43,0
DA:45,0
DA:47,0
DA:51,0
DA:55,0
DA:56,0
DA:57,0
DA:60,0
DA:61,0
DA:62,0
DA:65,0
DA:66,0
DA:68,0
DA:72,0
DA:73,0
DA:77,0
DA:78,0
DA:79,0
DA:82,0
DA:83,0
DA:84,0
DA:86,0
DA:87,0
DA:91,0
DA:93,0
DA:96,0
DA:97,0
DA:104,0
DA:105,0
DA:114,0
DA:134,0
DA:142,0
DA:154,0
DA:172,0
DA:203,0
DA:204,0
LF:53
LH:0
BRDA:11,0,0,0
BRDA:28,1,0,0
BRDA:28,1,1,0
BRDA:28,1,2,0
BRDA:28,1,3,0
BRDA:34,2,0,0
BRDA:34,2,1,0
BRDA:36,3,0,0
BRDA:36,3,1,0
BRDA:41,4,0,0
BRDA:41,4,1,0
BRDA:41,4,2,0
BRDA:45,5,0,0
BRDA:45,5,1,0
BRDA:45,6,0,0
BRDA:45,6,1,0
BRDA:66,7,0,0
BRDA:66,7,1,0
BRDA:78,8,0,0
BRDA:78,8,1,0
BRDA:86,9,0,0
BRDA:86,9,1,0
BRDA:96,10,0,0
BRDA:96,10,1,0
BRDA:104,11,0,0
BRDA:104,11,1,0
BRDA:165,12,0,0
BRDA:165,12,1,0
BRDA:165,13,0,0
BRDA:165,13,1,0
BRDA:169,14,0,0
BRDA:169,14,1,0
BRDA:185,15,0,0
BRDA:185,15,1,0
BRDA:185,16,0,0
BRDA:185,16,1,0
BRF:36
BRH:0
end_of_record
TN:
SF:src/pages/ThermalAnalysis.tsx
FN:14,ThermalAnalysis
FN:29,(anonymous_1)
FN:182,(anonymous_2)
FN:232,(anonymous_3)
FN:259,(anonymous_4)
FNF:5
FNH:0
FNDA:0,ThermalAnalysis
FNDA:0,(anonymous_1)
FNDA:0,(anonymous_2)
FNDA:0,(anonymous_3)
FNDA:0,(anonymous_4)
DA:15,0
DA:16,0
DA:18,0
DA:19,0
DA:25,0
DA:26,0
DA:27,0
DA:29,0
DA:30,0
DA:32,0
DA:33,0
DA:38,0
DA:40,0
DA:44,0
DA:45,0
DA:53,0
DA:54,0
DA:75,0
DA:76,0
DA:77,0
DA:79,0
DA:183,0
DA:233,0
DA:260,0
LF:24
LH:0
BRDA:18,0,0,0
BRDA:18,0,1,0
BRDA:19,1,0,0
BRDA:19,1,1,0
BRDA:30,2,0,0
BRDA:30,2,1,0
BRDA:30,3,0,0
BRDA:30,3,1,0
BRDA:44,4,0,0
BRDA:44,4,1,0
BRDA:53,5,0,0
BRDA:53,5,1,0
BRDA:66,6,0,0
BRDA:66,6,1,0
BRDA:75,7,0,0
BRDA:75,7,1,0
BRDA:89,8,0,0
BRDA:89,8,1,0
BRDA:136,9,0,0
BRDA:136,9,1,0
BRDA:143,10,0,0
BRDA:143,10,1,0
BRDA:152,11,0,0
BRDA:152,11,1,0
BRDA:161,12,0,0
BRDA:161,12,1,0
BRDA:176,13,0,0
BRDA:176,13,1,0
BRDA:203,14,0,0
BRDA:203,14,1,0
BRDA:213,15,0,0
BRDA:213,15,1,0
BRDA:226,16,0,0
BRDA:226,16,1,0
BRDA:243,17,0,0
BRDA:243,17,1,0
BRDA:243,17,2,0
BRDA:272,18,0,0
BRDA:272,18,1,0
BRDA:276,19,0,0
BRDA:276,19,1,0
BRDA:281,20,0,0
BRDA:281,20,1,0
BRDA:286,21,0,0
BRDA:286,21,1,0
BRF:45
BRH:0
end_of_record
TN:
SF:src/pages/ViewerExport.tsx
FN:8,ViewerExport
FNF:1
FNH:0
FNDA:0,ViewerExport
DA:10,0
DA:11,0
DA:13,0
DA:14,0
DA:22,0
DA:24,0
DA:26,0
DA:27,0
DA:33,0
LF:9
LH:0
BRDA:11,0,0,0
BRDA:11,0,1,0
BRDA:11,0,2,0
BRDA:13,1,0,0
BRDA:13,1,1,0
BRDA:22,2,0,0
BRDA:22,2,1,0
BRF:7
BRH:0
end_of_record
TN:
SF:src/routes/__root.tsx
FN:8,RootComponent
FNF:1
FNH:0
FNDA:0,RootComponent
DA:4,0
DA:9,0
LF:2
LH:0
BRF:0
BRH:0
end_of_record
TN:
SF:src/routes/analytics.tsx
FNF:0
FNH:0
DA:4,0
LF:1
LH:0
BRF:0
BRH:0
end_of_record
TN:
SF:src/routes/export-viewer.tsx
FN:8,ExportViewer
FNF:1
FNH:0
FNDA:0,ExportViewer
DA:4,0
DA:10,0
DA:11,0
DA:13,0
DA:14,0
DA:21,0
LF:6
LH:0
BRDA:11,0,0,0
BRDA:11,0,1,0
BRDA:13,1,0,0
BRDA:13,1,1,0
BRF:4
BRH:0
end_of_record
TN:
SF:src/routes/flights.tsx
FNF:0
FNH:0
DA:4,0
LF:1
LH:0
BRF:0
BRH:0
end_of_record
TN:
SF:src/routes/index.tsx
FNF:0
FNH:0
DA:4,0
LF:1
LH:0
BRF:0
BRH:0
end_of_record
TN:
SF:src/routes/settings.tsx
FNF:0
FNH:0
DA:4,0
LF:1
LH:0
BRF:0
BRH:0
end_of_record
TN:
SF:src/routes/thermal.tsx
FNF:0
FNH:0
DA:4,0
LF:1
LH:0
BRF:0
BRH:0
end_of_record
TN:
SF:src/routes/viewer.$flightId.tsx
FNF:0
FNH:0
DA:4,0
LF:1
LH:0
BRF:0
BRH:0
end_of_record
TN:
SF:src/stores/filtersStore.ts
FN:38,(anonymous_0)
FN:43,(anonymous_1)
FN:44,(anonymous_2)
FN:48,(anonymous_3)
FN:49,(anonymous_4)
FN:53,(anonymous_5)
FN:54,(anonymous_6)
FN:58,(anonymous_7)
FN:59,(anonymous_8)
FN:63,(anonymous_9)
FNF:10
FNH:0
FNDA:0,(anonymous_0)
FNDA:0,(anonymous_1)
FNDA:0,(anonymous_2)
FNDA:0,(anonymous_3)
FNDA:0,(anonymous_4)
FNDA:0,(anonymous_5)
FNDA:0,(anonymous_6)
FNDA:0,(anonymous_7)
FNDA:0,(anonymous_8)
FNDA:0,(anonymous_9)
DA:25,0
DA:36,0
DA:38,0
DA:44,0
DA:49,0
DA:54,0
DA:59,0
DA:64,0
LF:8
LH:0
BRF:0
BRH:0
end_of_record
TN:
SF:src/stores/weatherStore.ts
FN:29,(anonymous_0)
FN:40,(anonymous_1)
FN:41,(anonymous_2)
FN:42,(anonymous_3)
FN:43,(anonymous_4)
FN:44,(anonymous_5)
FN:45,(anonymous_6)
FN:46,(anonymous_7)
FN:49,(anonymous_8)
FNF:9
FNH:0
FNDA:0,(anonymous_0)
FNDA:0,(anonymous_1)
FNDA:0,(anonymous_2)
FNDA:0,(anonymous_3)
FNDA:0,(anonymous_4)
FNDA:0,(anonymous_5)
FNDA:0,(anonymous_6)
FNDA:0,(anonymous_7)
FNDA:0,(anonymous_8)
DA:29,0
DA:40,0
DA:41,0
DA:42,0
DA:43,0
DA:44,0
DA:45,0
DA:46,0
DA:50,0
LF:9
LH:0
BRF:0
BRH:0
end_of_record
TN:
SF:src/types/emagram.ts
FN:107,parseAlerts
FN:121,getScoreCategory
FN:130,getScoreColor
FNF:3
FNH:0
FNDA:0,parseAlerts
FNDA:0,getScoreCategory
FNDA:0,getScoreColor
DA:108,0
DA:110,0
DA:111,0
DA:112,0
DA:114,0
DA:122,0
DA:123,0
DA:124,0
DA:125,0
DA:126,0
DA:127,0
DA:131,0
DA:133,0
DA:134,0
DA:135,0
DA:136,0
DA:137,0
DA:138,0
LF:18
LH:0
BRDA:108,0,0,0
BRDA:108,0,1,0
BRDA:112,1,0,0
BRDA:112,1,1,0
BRDA:122,2,0,0
BRDA:122,2,1,0
BRDA:123,3,0,0
BRDA:123,3,1,0
BRDA:124,4,0,0
BRDA:124,4,1,0
BRDA:125,5,0,0
BRDA:125,5,1,0
BRDA:126,6,0,0
BRDA:126,6,1,0
BRDA:133,7,0,0
BRDA:133,7,1,0
BRDA:133,7,2,0
BRDA:133,7,3,0
BRDA:133,7,4,0
BRF:19
BRH:0
end_of_record
TN:
SF:src/types/flight.ts
FNF:0
FNH:0
LF:0
LH:0
BRF:0
BRH:0
end_of_record
TN:
SF:src/types/index.ts
FNF:0
FNH:0
LF:0
LH:0
BRF:0
BRH:0
end_of_record
TN:
SF:src/types/weatherSources.ts
FNF:0
FNH:0
LF:0
LH:0
BRF:0
BRH:0
end_of_record
TN:
SF:src/utils/cameraOrientation.ts
FN:47,getHeadingFromOrientation
FN:60,getOrientationLabel
FN:87,getOrientationOptions
FN:93,(anonymous_3)
FNF:4
FNH:0
FNDA:0,getHeadingFromOrientation
FNDA:0,getOrientationLabel
FNDA:0,getOrientationOptions
FNDA:0,(anonymous_3)
DA:22,0
DA:48,0
DA:50,0
DA:51,0
DA:61,0
DA:80,0
DA:88,0
DA:93,0
LF:8
LH:0
BRDA:48,0,0,0
BRDA:48,0,1,0
BRDA:51,1,0,0
BRDA:51,1,1,0
BRDA:80,2,0,0
BRDA:80,2,1,0
BRF:6
BRH:0
end_of_record
TN:
SF:src/utils/windMatcher.ts
FN:14,cardinalToDegrees
FN:41,getAngularDifference
FN:65,getWindFavorability
FN:110,getWindScoreMultiplier
FN:126,getWindFavorabilityLabel
FN:156,getWindFavorabilityEmoji
FN:172,getWindFavorabilityColor
FNF:7
FNH:0
FNDA:0,cardinalToDegrees
FNDA:0,getAngularDifference
FNDA:0,getWindFavorability
FNDA:0,getWindScoreMultiplier
FNDA:0,getWindFavorabilityLabel
FNDA:0,getWindFavorabilityEmoji
FNDA:0,getWindFavorabilityColor
DA:15,0
DA:34,0
DA:42,0
DA:45,0
DA:46,0
DA:49,0
DA:71,0
DA:72,0
DA:76,0
DA:77,0
DA:81,0
DA:82,0
DA:85,0
DA:86,0
DA:88,0
DA:91,0
DA:92,0
DA:96,0
DA:97,0
DA:101,0
DA:111,0
DA:113,0
DA:115,0
DA:117,0
DA:119,0
DA:127,0
DA:128,0
DA:130,0
DA:132,0
DA:134,0
DA:136,0
DA:141,0
DA:143,0
DA:145,0
DA:147,0
DA:149,0
DA:157,0
DA:159,0
DA:161,0
DA:163,0
DA:165,0
DA:173,0
DA:175,0
DA:177,0
DA:179,0
DA:181,0
LF:46
LH:0
BRDA:34,0,0,0
BRDA:34,0,1,0
BRDA:45,1,0,0
BRDA:45,1,1,0
BRDA:71,2,0,0
BRDA:71,2,1,0
BRDA:71,3,0,0
BRDA:71,3,1,0
BRDA:76,4,0,0
BRDA:76,4,1,0
BRDA:76,5,0,0
BRDA:76,5,1,0
BRDA:81,6,0,0
BRDA:81,6,1,0
BRDA:81,7,0,0
BRDA:81,7,1,0
BRDA:91,8,0,0
BRDA:91,8,1,0
BRDA:96,9,0,0
BRDA:96,9,1,0
BRDA:111,10,0,0
BRDA:111,10,1,0
BRDA:111,10,2,0
BRDA:111,10,3,0
BRDA:126,11,0,0
BRDA:127,12,0,0
BRDA:127,12,1,0
BRDA:128,13,0,0
BRDA:128,13,1,0
BRDA:128,13,2,0
BRDA:128,13,3,0
BRDA:141,14,0,0
BRDA:141,14,1,0
BRDA:141,14,2,0
BRDA:141,14,3,0
BRDA:157,15,0,0
BRDA:157,15,1,0
BRDA:157,15,2,0
BRDA:157,15,3,0
BRDA:173,16,0,0
BRDA:173,16,1,0
BRDA:173,16,2,0
BRDA:173,16,3,0
BRF:43
BRH:0
end_of_record
